2025-11-06 14:15:24 | GUARDAR PEDIDO called
 | ENCABEZADO: {"ID_CAPUV":1,"ID_UNIDAD":112,"ID_SUPERVISOR_UO":18,"ID_ALMACEN_UO":180,"Registro":1,"Volumen":400,"Obser":"","ID_USUARIO":119}
 | ITEMS: [{"idArticulo":1002,"cantidad":400,"volArt":400,"pesoUnit":1}]
2025-11-06 14:15:24 | SP HEADER CALL with: IdCapacidadUV=1, IdUnidad=112, IdSupervisor=18, IdAlmacen=180, Registros=1, Dia=ju, Semana=45, Volumen=400, Fecha=2025-11-06 14:15:24, Obser=, IdUsuario=119
2025-11-06 14:27:33 | GUARDAR PEDIDO called
 | ENCABEZADO: {"ID_CAPUV":1,"ID_UNIDAD":112,"ID_SUPERVISOR_UO":18,"ID_ALMACEN_UO":180,"Registro":3,"Volumen":412.5,"Obser":"","ID_USUARIO":119}
 | ITEMS: [{"idArticulo":1002,"cantidad":200,"volArt":200,"pesoUnit":1},{"idArticulo":2013,"cantidad":100,"volArt":112.5,"pesoUnit":1.125},{"idArticulo":3018,"cantidad":100,"volArt":100,"pesoUnit":1}]
2025-11-06 14:27:33 | SP HEADER CALL with: operacion=1, estado=1, IdCapacidadUV=1, IdUnidad=112, IdSupervisor=18, IdAlmacen=180, Registros=3, Dia=ju, Semana=45, Volumen=412.5, Fecha=2025-11-06 14:27:33, Obser=, IdUsuario=119
2025-11-06 14:30:52 | GUARDAR PEDIDO called
 | ENCABEZADO: {"ID_CAPUV":1,"ID_UNIDAD":112,"ID_SUPERVISOR_UO":18,"ID_ALMACEN_UO":180,"Registro":4,"Volumen":442.5,"Obser":"","ID_USUARIO":119}
 | ITEMS: [{"idArticulo":1002,"cantidad":100,"volArt":100,"pesoUnit":1},{"idArticulo":2013,"cantidad":100,"volArt":112.5,"pesoUnit":1.125},{"idArticulo":8003,"cantidad":100,"volArt":30,"pesoUnit":0.3},{"idArticulo":5502,"cantidad":10,"volArt":200,"pesoUnit":20}]
2025-11-06 14:30:52 | SP HEADER CALL with: operacion=1, estado=1, IdCapacidadUV=1, IdUnidad=112, IdSupervisor=18, IdAlmacen=180, Registros=4, Dia=ju, Semana=45, Volumen=442.5, Fecha=2025-11-06 14:30:52, Obser=, IdUsuario=119
2025-11-06 14:44:27 | GUARDAR PEDIDO called
 | ENCABEZADO: {"ID_CAPUV":1,"ID_UNIDAD":112,"ID_SUPERVISOR_UO":18,"ID_ALMACEN_UO":180,"Registro":1,"Volumen":700,"Obser":"","ID_USUARIO":119}
 | ITEMS: [{"idArticulo":1002,"cantidad":700,"volArt":700,"pesoUnit":1}]
2025-11-06 14:44:27 | SP HEADER CALL with: operacion=1, estado=1, IdCapacidadUV=1, IdUnidad=112, IdSupervisor=18, IdAlmacen=180, Registros=1, Dia=ju, Semana=45, Volumen=700, Fecha=2025-11-06 14:44:27, Obser=, IdUsuario=119
2025-11-06 15:01:41 | GUARDAR PEDIDO called
 | ENCABEZADO: {"ID_CAPUV":1,"ID_UNIDAD":112,"ID_SUPERVISOR_UO":18,"ID_ALMACEN_UO":180,"Registro":1,"Volumen":562.5,"Obser":"","ID_USUARIO":119}
 | ITEMS: [{"idArticulo":2013,"cantidad":500,"volArt":562.5,"pesoUnit":1.125}]
2025-11-06 15:01:41 | SP HEADER CALL with: operacion=1, estado=1, IdCapacidadUV=1, IdUnidad=112, IdSupervisor=18, IdAlmacen=180, Registros=1, Dia=ju, Semana=45, Volumen=562.5, Fecha=2025-11-06 15:01:41, Obser=, 
                IdUsuario=119
2025-11-06 15:06:33 | GUARDAR PEDIDO called
 | ENCABEZADO: {"ID_CAPUV":1,"ID_UNIDAD":112,"ID_SUPERVISOR_UO":18,"ID_ALMACEN_UO":180,"Registro":1,"Volumen":500,"Obser":"","ID_USUARIO":119}
 | ITEMS: [{"idArticulo":1002,"cantidad":500,"volArt":500,"pesoUnit":1}]
2025-11-06 15:06:33 | SP HEADER CALL with: operacion=1, estado=1, IdCapacidadUV=1, IdUnidad=112, IdSupervisor=18, IdAlmacen=180, Registros=1, Dia=ju, Semana=45, Volumen=500, Fecha=2025-11-06 15:06:33, Obser=, IdUsuario=119
2025-11-06 15:12:48 | GUARDAR PEDIDO called
 | ENCABEZADO: {"ID_CAPUV":1,"ID_UNIDAD":112,"ID_SUPERVISOR_UO":18,"ID_ALMACEN_UO":180,"Registro":1,"Volumen":400,"Obser":"","ID_USUARIO":119}
 | ITEMS: [{"idArticulo":1003,"cantidad":200,"volArt":400,"pesoUnit":2}]
2025-11-06 15:12:48 | SP HEADER CALL with: operacion=1, estado=1, IdCapacidadUV=1, IdUnidad=112, IdSupervisor=18, IdAlmacen=180, Registros=1, Dia=ju, Semana=45, Volumen=400, Fecha=2025-11-06 15:12:48, Obser=, IdUsuario=119
2025-11-06 16:11:36 | GUARDAR PEDIDO called
 | ENCABEZADO: {"ID_CAPUV":1,"ID_UNIDAD":112,"ID_SUPERVISOR_UO":18,"ID_ALMACEN_UO":180,"Registro":1,"Volumen":600,"Obser":"","ID_USUARIO":119}
 | ITEMS: [{"idArticulo":2006,"cantidad":300,"volArt":600,"pesoUnit":2}]
2025-11-06 16:11:36 | SP HEADER CALL with: operacion=1, estado=1, IdCapacidadUV=1, IdUnidad=112, IdSupervisor=18, IdAlmacen=180, Registros=1, Dia=ju, Semana=45, Volumen=600, Fecha=2025-11-06 16:11:36, Obser=, IdUsuario=119
2025-11-06 16:11:59 | GUARDAR PEDIDO called
 | ENCABEZADO: {"ID_CAPUV":1,"ID_UNIDAD":112,"ID_SUPERVISOR_UO":18,"ID_ALMACEN_UO":180,"Registro":1,"Volumen":230,"Obser":"","ID_USUARIO":119}
 | ITEMS: [{"idArticulo":1005,"cantidad":50,"volArt":230,"pesoUnit":4.6}]
2025-11-06 16:11:59 | SP HEADER CALL with: operacion=1, estado=1, IdCapacidadUV=1, IdUnidad=112, IdSupervisor=18, IdAlmacen=180, Registros=1, Dia=ju, Semana=45, Volumen=230, Fecha=2025-11-06 16:11:59, Obser=, IdUsuario=119
2025-11-06 16:13:29 | GUARDAR PEDIDO called
 | ENCABEZADO: {"ID_CAPUV":1,"ID_UNIDAD":112,"ID_SUPERVISOR_UO":18,"ID_ALMACEN_UO":180,"Registro":1,"Volumen":500,"Obser":"","ID_USUARIO":119}
 | ITEMS: [{"idArticulo":1002,"cantidad":500,"volArt":500,"pesoUnit":1}]
2025-11-06 16:13:29 | SP HEADER CALL with: operacion=1, estado=1, IdCapacidadUV=1, IdUnidad=112, IdSupervisor=18, IdAlmacen=180, Registros=1, Dia=ju, Semana=45, Volumen=500, Fecha=2025-11-06 16:13:29, Obser=, IdUsuario=119
2025-11-06 16:13:29 | SP DETALLE CALL with: operacion=2, IdPedido=11, Folio=TIJ-PED-20251106-0004, IdArticulo=1002, Registro=1, Cantidad=500, VolumenArt=500, IdUsuario=119
2025-11-06 16:19:39 | GUARDAR PEDIDO called
 | ENCABEZADO: {"ID_CAPUV":1,"ID_UNIDAD":112,"ID_SUPERVISOR_UO":18,"ID_ALMACEN_UO":180,"Registro":1,"Volumen":500,"Obser":"","ID_USUARIO":119}
 | ITEMS: [{"idArticulo":1002,"cantidad":500,"volArt":500,"pesoUnit":1}]
2025-11-06 16:19:39 | SP HEADER CALL with: operacion=1, estado=1, IdCapacidadUV=1, IdUnidad=112, IdSupervisor=18, IdAlmacen=180, Registros=1, Dia=ju, Semana=45, Volumen=500, Fecha=2025-11-06 16:19:39, Obser=, IdUsuario=119
2025-11-06 16:19:39 | SP DETALLE CALL with: operacion=2, IdPedido=12, Folio=TIJ-PED-20251106-0005, IdArticulo=1002, Registro=1, Cantidad=500, VolumenArt=500, IdUsuario=119
2025-11-06 16:27:26 | GUARDAR PEDIDO called
 | ENCABEZADO: {"ID_CAPUV":1,"ID_UNIDAD":112,"ID_SUPERVISOR_UO":18,"ID_ALMACEN_UO":180,"Registro":3,"Volumen":485,"Obser":"","ID_USUARIO":119}
 | ITEMS: [{"idArticulo":2013,"cantidad":200,"volArt":225,"pesoUnit":1.125},{"idArticulo":1001,"cantidad":300,"volArt":60,"pesoUnit":0.2},{"idArticulo":2099,"cantidad":100,"volArt":200,"pesoUnit":2}]
2025-11-06 16:27:26 | SP HEADER CALL with: operacion=1, estado=1, IdCapacidadUV=1, IdUnidad=112, IdSupervisor=18, IdAlmacen=180, Registros=3, Dia=ju, Semana=45, Volumen=485, Fecha=2025-11-06 16:27:26, Obser=, IdUsuario=119
2025-11-06 16:27:26 | SP DETALLE CALL with: operacion=2, IdPedido=13, Folio=TIJ-PED-20251106-0006, IdArticulo=2013, Registro=1, Cantidad=200, VolumenArt=225, IdUsuario=119
2025-11-06 16:27:26 | SP DETALLE CALL with: operacion=2, IdPedido=13, Folio=TIJ-PED-20251106-0006, IdArticulo=1001, Registro=2, Cantidad=300, VolumenArt=60, IdUsuario=119
2025-11-06 16:27:26 | SP DETALLE CALL with: operacion=2, IdPedido=13, Folio=TIJ-PED-20251106-0006, IdArticulo=2099, Registro=3, Cantidad=100, VolumenArt=200, IdUsuario=119
2025-11-06 16:36:24 | GUARDAR PEDIDO called
 | ENCABEZADO: {"ID_CAPUV":1,"ID_UNIDAD":112,"ID_SUPERVISOR_UO":18,"ID_ALMACEN_UO":180,"Registro":1,"Volumen":500,"Obser":"","ID_USUARIO":119}
 | ITEMS: [{"idArticulo":1002,"cantidad":500,"volArt":500,"pesoUnit":1}]
2025-11-06 16:36:24 | SP HEADER CALL with: operacion=1, estado=1, IdCapacidadUV=1, IdUnidad=112, IdSupervisor=18, IdAlmacen=180, Registros=1, Dia=ju, Semana=45, Volumen=500, Fecha=2025-11-06 16:36:24, Obser=, IdUsuario=119
2025-11-06 16:36:25 | SP DETALLE CALL with: operacion=2, IdPedido=14, Folio=TIJ-PED-20251106-0007, IdArticulo=1002, Registro=1, Cantidad=500, VolumenArt=500, IdUsuario=119
2025-11-06 16:41:12 | GUARDAR PEDIDO called
 | ENCABEZADO: {"ID_CAPUV":1,"ID_UNIDAD":112,"ID_SUPERVISOR_UO":18,"ID_ALMACEN_UO":180,"Registro":1,"Volumen":500,"Obser":"","ID_USUARIO":119}
 | ITEMS: [{"idArticulo":1002,"cantidad":500,"volArt":500,"pesoUnit":1}]
2025-11-06 16:41:12 | SP HEADER CALL with: operacion=1, estado=1, IdCapacidadUV=1, IdUnidad=112, IdSupervisor=18, IdAlmacen=180, Registros=1, Dia=ju, Semana=45, Volumen=500, Fecha=2025-11-06 16:41:12, Obser=, IdUsuario=119
2025-11-06 16:51:19 | GUARDAR PEDIDO called
 | ENCABEZADO: {"ID_CAPUV":1,"ID_UNIDAD":112,"ID_SUPERVISOR_UO":18,"ID_ALMACEN_UO":180,"Registro":1,"Volumen":400,"Obser":"","ID_USUARIO":119}
 | ITEMS: [{"idArticulo":1003,"cantidad":200,"volArt":400,"pesoUnit":2}]
2025-11-06 16:51:19 | SP HEADER CALL with: operacion=1, estado=1, IdCapacidadUV=1, IdUnidad=112, IdSupervisor=18, IdAlmacen=180, Registros=1, Dia=ju, Semana=45, Volumen=400, Fecha=2025-11-06 16:51:19, Obser=, IdUsuario=119
2025-11-06 16:53:54 | GUARDAR PEDIDO called
 | ENCABEZADO: {"ID_CAPUV":1,"ID_UNIDAD":112,"ID_SUPERVISOR_UO":18,"ID_ALMACEN_UO":180,"Registro":1,"Volumen":460,"Obser":"","ID_USUARIO":119}
 | ITEMS: [{"idArticulo":1005,"cantidad":100,"volArt":460,"pesoUnit":4.6}]
2025-11-06 16:53:54 | SP HEADER CALL with: operacion=1, estado=1, IdCapacidadUV=1, IdUnidad=112, IdSupervisor=18, IdAlmacen=180, Registros=1, Dia=ju, Semana=45, Volumen=460, Fecha=2025-11-06 16:53:54, Obser=, IdUsuario=119
2025-11-06 17:11:38 | GUARDAR PEDIDO called
 | ENCABEZADO: {"ID_CAPUV":1,"ID_UNIDAD":112,"ID_SUPERVISOR_UO":18,"ID_ALMACEN_UO":180,"Registro":1,"Volumen":500,"Obser":"","ID_USUARIO":119}
 | ITEMS: [{"idArticulo":1002,"cantidad":500,"volArt":500,"pesoUnit":1}]
2025-11-06 17:11:38 | SP HEADER CALL with: operacion=1, estado=1, IdCapacidadUV=1, IdUnidad=112, IdSupervisor=18, IdAlmacen=180, Registros=1, Dia=ju, Semana=45, Volumen=500, Fecha=2025-11-06 17:11:38, Obser=, IdUsuario=119
2025-11-06 17:13:07 | GUARDAR PEDIDO called
 | ENCABEZADO: {"ID_CAPUV":1,"ID_UNIDAD":112,"ID_SUPERVISOR_UO":18,"ID_ALMACEN_UO":180,"Registro":1,"Volumen":360,"Obser":"","ID_USUARIO":119}
 | ITEMS: [{"idArticulo":2007,"cantidad":200,"volArt":360,"pesoUnit":1.8}]
2025-11-06 17:13:07 | SP HEADER CALL with: operacion=1, estado=1, IdCapacidadUV=1, IdUnidad=112, IdSupervisor=18, IdAlmacen=180, Registros=1, Dia=ju, Semana=45, Volumen=360, Fecha=2025-11-06 17:13:07, Obser=, IdUsuario=119
2025-11-06 17:18:34 | GUARDAR PEDIDO called
 | ENCABEZADO: {"ID_CAPUV":1,"ID_UNIDAD":112,"ID_SUPERVISOR_UO":18,"ID_ALMACEN_UO":180,"Registro":5,"Volumen":367.25,"Obser":"","ID_USUARIO":119}
 | ITEMS: [{"idArticulo":2100,"cantidad":200,"volArt":40,"pesoUnit":0.2},{"idArticulo":2015,"cantidad":200,"volArt":68,"pesoUnit":0.34},{"idArticulo":2007,"cantidad":100,"volArt":180,"pesoUnit":1.8},{"idArticulo":2013,"cantidad":50,"volArt":56.25,"pesoUnit":1.125},{"idArticulo":1005,"cantidad":5,"volArt":23,"pesoUnit":4.6}]
2025-11-06 17:18:34 | SP HEADER CALL with: operacion=1, estado=1, IdCapacidadUV=1, IdUnidad=112, IdSupervisor=18, IdAlmacen=180, Registros=5, Dia=ju, Semana=45, Volumen=367.25, Fecha=2025-11-06 17:18:34, Obser=, IdUsuario=119
2025-11-06 17:25:11 | GUARDAR PEDIDO called
 | ENCABEZADO: {"ID_CAPUV":1,"ID_UNIDAD":112,"ID_SUPERVISOR_UO":18,"ID_ALMACEN_UO":180,"Registro":3,"Volumen":346,"Obser":"","ID_USUARIO":119}
 | ITEMS: [{"idArticulo":1001,"cantidad":500,"volArt":100,"pesoUnit":0.2},{"idArticulo":1003,"cantidad":100,"volArt":200,"pesoUnit":2},{"idArticulo":1005,"cantidad":10,"volArt":46,"pesoUnit":4.6}]
2025-11-06 17:25:11 | SP HEADER CALL with: operacion=1, estado=1, IdCapacidadUV=1, IdUnidad=112, IdSupervisor=18, IdAlmacen=180, Registros=3, Dia=ju, Semana=45, Volumen=346, Fecha=2025-11-06 17:25:11, Obser=, IdUsuario=119
2025-11-06 17:55:40 | GUARDAR PEDIDO called
 | ENCABEZADO: {"ID_CAPUV":1,"ID_UNIDAD":112,"ID_SUPERVISOR_UO":18,"ID_ALMACEN_UO":180,"Registro":2,"Volumen":516,"Obser":"","ID_USUARIO":119}
 | ITEMS: [{"idArticulo":2014,"cantidad":200,"volArt":216,"pesoUnit":1.08},{"idArticulo":2016,"cantidad":150,"volArt":300,"pesoUnit":2}]
2025-11-06 17:55:40 | SP HEADER CALL with: operacion=1, estado=1, IdCapacidadUV=1, IdUnidad=112, IdSupervisor=18, IdAlmacen=180, Registros=2, Dia=ju, Semana=45, Volumen=516, Fecha=2025-11-06 17:55:40, Obser=, IdUsuario=119
2025-11-07 09:16:21 | GUARDAR PEDIDO called
 | ENCABEZADO: {"ID_CAPUV":1,"ID_UNIDAD":112,"ID_SUPERVISOR_UO":18,"ID_ALMACEN_UO":180,"Registro":1,"Volumen":540,"Obser":"","ID_USUARIO":119}
 | ITEMS: [{"idArticulo":2014,"cantidad":500,"volArt":540,"pesoUnit":1.08}]
2025-11-07 09:16:21 | SP HEADER CALL with: operacion=1, estado=1, IdCapacidadUV=1, IdUnidad=112, IdSupervisor=18, IdAlmacen=180, Registros=1, Dia=vi, Semana=45, Volumen=540, Fecha=2025-11-07 09:16:21, Obser=, IdUsuario=119
2025-11-07 09:16:21 | SP DETALLE CALL with: operacion=2, IdPedido=23, Folio=TIJ-PED-20251107-0023, IdArticulo=2014, Registro=1, Cantidad=500, VolumenArt=540, IdUsuario=119
2025-11-07 09:20:22 | GUARDAR PEDIDO called
 | ENCABEZADO: {"ID_CAPUV":1,"ID_UNIDAD":112,"ID_SUPERVISOR_UO":18,"ID_ALMACEN_UO":180,"Registro":8,"Volumen":481.8,"Obser":"","ID_USUARIO":119}
 | ITEMS: [{"idArticulo":1002,"cantidad":100,"volArt":100,"pesoUnit":1},{"idArticulo":2007,"cantidad":3,"volArt":5.4,"pesoUnit":1.8},{"idArticulo":2099,"cantidad":40,"volArt":80,"pesoUnit":2},{"idArticulo":3012,"cantidad":10,"volArt":30,"pesoUnit":3},{"idArticulo":3019,"cantidad":7,"volArt":36.4,"pesoUnit":5.2},{"idArticulo":4010,"cantidad":10,"volArt":20,"pesoUnit":2},{"idArticulo":4012,"cantidad":10,"volArt":10,"pesoUnit":1},{"idArticulo":5502,"cantidad":10,"volArt":200,"pesoUnit":20}]
2025-11-07 09:20:22 | SP HEADER CALL with: operacion=1, estado=1, IdCapacidadUV=1, IdUnidad=112, IdSupervisor=18, IdAlmacen=180, Registros=8, Dia=vi, Semana=45, Volumen=481.8, Fecha=2025-11-07 09:20:22, Obser=, IdUsuario=119
2025-11-07 09:20:22 | SP DETALLE CALL with: operacion=2, IdPedido=24, Folio=TIJ-PED-20251107-0002, IdArticulo=1002, Registro=1, Cantidad=100, VolumenArt=100, IdUsuario=119
2025-11-07 09:20:22 | SP DETALLE CALL with: operacion=2, IdPedido=24, Folio=TIJ-PED-20251107-0002, IdArticulo=2007, Registro=2, Cantidad=3, VolumenArt=5.4, IdUsuario=119
2025-11-07 09:20:22 | SP DETALLE CALL with: operacion=2, IdPedido=24, Folio=TIJ-PED-20251107-0002, IdArticulo=2099, Registro=3, Cantidad=40, VolumenArt=80, IdUsuario=119
2025-11-07 09:20:22 | SP DETALLE CALL with: operacion=2, IdPedido=24, Folio=TIJ-PED-20251107-0002, IdArticulo=3012, Registro=4, Cantidad=10, VolumenArt=30, IdUsuario=119
2025-11-07 09:20:22 | SP DETALLE CALL with: operacion=2, IdPedido=24, Folio=TIJ-PED-20251107-0002, IdArticulo=3019, Registro=5, Cantidad=7, VolumenArt=36.4, IdUsuario=119
2025-11-07 09:20:22 | SP DETALLE CALL with: operacion=2, IdPedido=24, Folio=TIJ-PED-20251107-0002, IdArticulo=4010, Registro=6, Cantidad=10, VolumenArt=20, IdUsuario=119
2025-11-07 09:20:22 | SP DETALLE CALL with: operacion=2, IdPedido=24, Folio=TIJ-PED-20251107-0002, IdArticulo=4012, Registro=7, Cantidad=10, VolumenArt=10, IdUsuario=119
2025-11-07 09:20:22 | SP DETALLE CALL with: operacion=2, IdPedido=24, Folio=TIJ-PED-20251107-0002, IdArticulo=5502, Registro=8, Cantidad=10, VolumenArt=200, IdUsuario=119
2025-11-07 09:26:24 | GUARDAR PEDIDO called
 | ENCABEZADO: {"ID_CAPUV":1,"ID_UNIDAD":112,"ID_SUPERVISOR_UO":18,"ID_ALMACEN_UO":180,"Registro":20,"Volumen":521.67,"Obser":"","ID_USUARIO":119}
 | ITEMS: [{"idArticulo":1001,"cantidad":15,"volArt":3,"pesoUnit":0.2},{"idArticulo":1002,"cantidad":20,"volArt":20,"pesoUnit":1},{"idArticulo":1003,"cantidad":25,"volArt":50,"pesoUnit":2},{"idArticulo":1005,"cantidad":5,"volArt":23,"pesoUnit":4.6},{"idArticulo":2015,"cantidad":15,"volArt":5.1,"pesoUnit":0.34},{"idArticulo":9002,"cantidad":25,"volArt":6.25,"pesoUnit":0.25},{"idArticulo":9003,"cantidad":25,"volArt":6.25,"pesoUnit":0.25},{"idArticulo":9099,"cantidad":25,"volArt":6.25,"pesoUnit":0.25},{"idArticulo":3006,"cantidad":15,"volArt":15,"pesoUnit":1},{"idArticulo":3005,"cantidad":50,"volArt":10,"pesoUnit":0.2},{"idArticulo":3007,"cantidad":4,"volArt":20.8,"pesoUnit":5.2},{"idArticulo":3012,"cantidad":2,"volArt":6,"pesoUnit":3},{"idArticulo":4001,"cantidad":100,"volArt":20,"pesoUnit":0.2},{"idArticulo":4004,"cantidad":20,"volArt":20,"pesoUnit":1},{"idArticulo":8015,"cantidad":2,"volArt":0.6,"pesoUnit":0.3},{"idArticulo":8027,"cantidad":3,"volArt":0.42,"pesoUnit":0.14},{"idArticulo":8002,"cantidad":10,"volArt":3,"pesoUnit":0.3},{"idArticulo":5501,"cantidad":50,"volArt":50,"pesoUnit":1},{"idArticulo":5506,"cantidad":20,"volArt":16,"pesoUnit":0.8},{"idArticulo":5511,"cantidad":15,"volArt":240,"pesoUnit":16}]
2025-11-07 09:26:24 | SP HEADER CALL with: operacion=1, estado=1, IdCapacidadUV=1, IdUnidad=112, IdSupervisor=18, IdAlmacen=180, Registros=20, Dia=vi, Semana=45, Volumen=521.67, Fecha=2025-11-07 09:26:24, Obser=, IdUsuario=119
2025-11-07 09:26:24 | SP DETALLE CALL with: operacion=2, IdPedido=25, Folio=TIJ-PED-20251107-0003, IdArticulo=1001, Registro=1, Cantidad=15, VolumenArt=3, IdUsuario=119
2025-11-07 09:26:24 | SP DETALLE CALL with: operacion=2, IdPedido=25, Folio=TIJ-PED-20251107-0003, IdArticulo=1002, Registro=2, Cantidad=20, VolumenArt=20, IdUsuario=119
2025-11-07 09:26:24 | SP DETALLE CALL with: operacion=2, IdPedido=25, Folio=TIJ-PED-20251107-0003, IdArticulo=1003, Registro=3, Cantidad=25, VolumenArt=50, IdUsuario=119
2025-11-07 09:26:24 | SP DETALLE CALL with: operacion=2, IdPedido=25, Folio=TIJ-PED-20251107-0003, IdArticulo=1005, Registro=4, Cantidad=5, VolumenArt=23, IdUsuario=119
2025-11-07 09:26:24 | SP DETALLE CALL with: operacion=2, IdPedido=25, Folio=TIJ-PED-20251107-0003, IdArticulo=2015, Registro=5, Cantidad=15, VolumenArt=5.1, IdUsuario=119
2025-11-07 09:26:24 | SP DETALLE CALL with: operacion=2, IdPedido=25, Folio=TIJ-PED-20251107-0003, IdArticulo=9002, Registro=6, Cantidad=25, VolumenArt=6.25, IdUsuario=119
2025-11-07 09:26:24 | SP DETALLE CALL with: operacion=2, IdPedido=25, Folio=TIJ-PED-20251107-0003, IdArticulo=9003, Registro=7, Cantidad=25, VolumenArt=6.25, IdUsuario=119
2025-11-07 09:26:24 | SP DETALLE CALL with: operacion=2, IdPedido=25, Folio=TIJ-PED-20251107-0003, IdArticulo=9099, Registro=8, Cantidad=25, VolumenArt=6.25, IdUsuario=119
2025-11-07 09:26:24 | SP DETALLE CALL with: operacion=2, IdPedido=25, Folio=TIJ-PED-20251107-0003, IdArticulo=3006, Registro=9, Cantidad=15, VolumenArt=15, IdUsuario=119
2025-11-07 09:26:24 | SP DETALLE CALL with: operacion=2, IdPedido=25, Folio=TIJ-PED-20251107-0003, IdArticulo=3005, Registro=10, Cantidad=50, VolumenArt=10, IdUsuario=119
2025-11-07 09:26:24 | SP DETALLE CALL with: operacion=2, IdPedido=25, Folio=TIJ-PED-20251107-0003, IdArticulo=3007, Registro=11, Cantidad=4, VolumenArt=20.8, IdUsuario=119
2025-11-07 09:26:24 | SP DETALLE CALL with: operacion=2, IdPedido=25, Folio=TIJ-PED-20251107-0003, IdArticulo=3012, Registro=12, Cantidad=2, VolumenArt=6, IdUsuario=119
2025-11-07 09:26:24 | SP DETALLE CALL with: operacion=2, IdPedido=25, Folio=TIJ-PED-20251107-0003, IdArticulo=4001, Registro=13, Cantidad=100, VolumenArt=20, IdUsuario=119
2025-11-07 09:26:24 | SP DETALLE CALL with: operacion=2, IdPedido=25, Folio=TIJ-PED-20251107-0003, IdArticulo=4004, Registro=14, Cantidad=20, VolumenArt=20, IdUsuario=119
2025-11-07 09:26:24 | SP DETALLE CALL with: operacion=2, IdPedido=25, Folio=TIJ-PED-20251107-0003, IdArticulo=8015, Registro=15, Cantidad=2, VolumenArt=0.6, IdUsuario=119
2025-11-07 09:26:24 | SP DETALLE CALL with: operacion=2, IdPedido=25, Folio=TIJ-PED-20251107-0003, IdArticulo=8027, Registro=16, Cantidad=3, VolumenArt=0.42, IdUsuario=119
2025-11-07 09:26:24 | SP DETALLE CALL with: operacion=2, IdPedido=25, Folio=TIJ-PED-20251107-0003, IdArticulo=8002, Registro=17, Cantidad=10, VolumenArt=3, IdUsuario=119
2025-11-07 09:26:24 | SP DETALLE CALL with: operacion=2, IdPedido=25, Folio=TIJ-PED-20251107-0003, IdArticulo=5501, Registro=18, Cantidad=50, VolumenArt=50, IdUsuario=119
2025-11-07 09:26:24 | SP DETALLE CALL with: operacion=2, IdPedido=25, Folio=TIJ-PED-20251107-0003, IdArticulo=5506, Registro=19, Cantidad=20, VolumenArt=16, IdUsuario=119
2025-11-07 09:26:24 | SP DETALLE CALL with: operacion=2, IdPedido=25, Folio=TIJ-PED-20251107-0003, IdArticulo=5511, Registro=20, Cantidad=15, VolumenArt=240, IdUsuario=119
2025-11-07 09:55:24 | GUARDAR PEDIDO called
 | ENCABEZADO: {"ID_CAPUV":1,"ID_UNIDAD":112,"ID_SUPERVISOR_UO":18,"ID_ALMACEN_UO":180,"Registro":27,"Volumen":352.92,"Obser":"","ID_USUARIO":119}
 | ITEMS: [{"idArticulo":1005,"cantidad":1,"volArt":4.6,"pesoUnit":4.6},{"idArticulo":2011,"cantidad":2,"volArt":4,"pesoUnit":2},{"idArticulo":3007,"cantidad":12,"volArt":62.4,"pesoUnit":5.2},{"idArticulo":3010,"cantidad":7,"volArt":47.6,"pesoUnit":6.8},{"idArticulo":1001,"cantidad":20,"volArt":4,"pesoUnit":0.2},{"idArticulo":1003,"cantidad":8,"volArt":16,"pesoUnit":2},{"idArticulo":2001,"cantidad":2,"volArt":0.8,"pesoUnit":0.4},{"idArticulo":2010,"cantidad":15,"volArt":3,"pesoUnit":0.2},{"idArticulo":2015,"cantidad":2,"volArt":0.68,"pesoUnit":0.34},{"idArticulo":2101,"cantidad":2,"volArt":0.8,"pesoUnit":0.4},{"idArticulo":3006,"cantidad":12,"volArt":12,"pesoUnit":1},{"idArticulo":3005,"cantidad":20,"volArt":4,"pesoUnit":0.2},{"idArticulo":3017,"cantidad":20,"volArt":4,"pesoUnit":0.2},{"idArticulo":4001,"cantidad":50,"volArt":10,"pesoUnit":0.2},{"idArticulo":4004,"cantidad":15,"volArt":15,"pesoUnit":1},{"idArticulo":4005,"cantidad":8,"volArt":56,"pesoUnit":7},{"idArticulo":9002,"cantidad":20,"volArt":5,"pesoUnit":0.25},{"idArticulo":9003,"cantidad":20,"volArt":5,"pesoUnit":0.25},{"idArticulo":8001,"cantidad":2,"volArt":0.6,"pesoUnit":0.3},{"idArticulo":8002,"cantidad":2,"volArt":0.6,"pesoUnit":0.3},{"idArticulo":8003,"cantidad":2,"volArt":0.6,"pesoUnit":0.3},{"idArticulo":8015,"cantidad":2,"volArt":0.6,"pesoUnit":0.3},{"idArticulo":8027,"cantidad":26,"volArt":3.64,"pesoUnit":0.14},{"idArticulo":5501,"cantidad":20,"volArt":20,"pesoUnit":1},{"idArticulo":5502,"cantidad":3,"volArt":60,"pesoUnit":20},{"idArticulo":5505,"cantidad":10,"volArt":4,"pesoUnit":0.4},{"idArticulo":5506,"cantidad":10,"volArt":8,"pesoUnit":0.8}]
2025-11-07 09:55:24 | SP HEADER CALL with: operacion=1, estado=1, IdCapacidadUV=1, IdUnidad=112, IdSupervisor=18, IdAlmacen=180, Registros=27, Dia=vi, Semana=45, Volumen=352.92, Fecha=2025-11-07 09:55:24, Obser=, IdUsuario=119
2025-11-07 09:55:24 | SP DETALLE CALL with: operacion=2, IdPedido=26, Folio=TIJ-PED-20251107-0004, IdArticulo=1005, Registro=1, Cantidad=1, VolumenArt=4.6, IdUsuario=119
2025-11-07 09:55:24 | SP DETALLE CALL with: operacion=2, IdPedido=26, Folio=TIJ-PED-20251107-0004, IdArticulo=2011, Registro=2, Cantidad=2, VolumenArt=4, IdUsuario=119
2025-11-07 09:55:24 | SP DETALLE CALL with: operacion=2, IdPedido=26, Folio=TIJ-PED-20251107-0004, IdArticulo=3007, Registro=3, Cantidad=12, VolumenArt=62.4, IdUsuario=119
2025-11-07 09:55:24 | SP DETALLE CALL with: operacion=2, IdPedido=26, Folio=TIJ-PED-20251107-0004, IdArticulo=3010, Registro=4, Cantidad=7, VolumenArt=47.6, IdUsuario=119
2025-11-07 09:55:24 | SP DETALLE CALL with: operacion=2, IdPedido=26, Folio=TIJ-PED-20251107-0004, IdArticulo=1001, Registro=5, Cantidad=20, VolumenArt=4, IdUsuario=119
2025-11-07 09:55:24 | SP DETALLE CALL with: operacion=2, IdPedido=26, Folio=TIJ-PED-20251107-0004, IdArticulo=1003, Registro=6, Cantidad=8, VolumenArt=16, IdUsuario=119
2025-11-07 09:55:24 | SP DETALLE CALL with: operacion=2, IdPedido=26, Folio=TIJ-PED-20251107-0004, IdArticulo=2001, Registro=7, Cantidad=2, VolumenArt=0.8, IdUsuario=119
2025-11-07 09:55:24 | SP DETALLE CALL with: operacion=2, IdPedido=26, Folio=TIJ-PED-20251107-0004, IdArticulo=2010, Registro=8, Cantidad=15, VolumenArt=3, IdUsuario=119
2025-11-07 09:55:24 | SP DETALLE CALL with: operacion=2, IdPedido=26, Folio=TIJ-PED-20251107-0004, IdArticulo=2015, Registro=9, Cantidad=2, VolumenArt=0.68, IdUsuario=119
2025-11-07 09:55:24 | SP DETALLE CALL with: operacion=2, IdPedido=26, Folio=TIJ-PED-20251107-0004, IdArticulo=2101, Registro=10, Cantidad=2, VolumenArt=0.8, IdUsuario=119
2025-11-07 09:55:24 | SP DETALLE CALL with: operacion=2, IdPedido=26, Folio=TIJ-PED-20251107-0004, IdArticulo=3006, Registro=11, Cantidad=12, VolumenArt=12, IdUsuario=119
2025-11-07 09:55:24 | SP DETALLE CALL with: operacion=2, IdPedido=26, Folio=TIJ-PED-20251107-0004, IdArticulo=3005, Registro=12, Cantidad=20, VolumenArt=4, IdUsuario=119
2025-11-07 09:55:24 | SP DETALLE CALL with: operacion=2, IdPedido=26, Folio=TIJ-PED-20251107-0004, IdArticulo=3017, Registro=13, Cantidad=20, VolumenArt=4, IdUsuario=119
2025-11-07 09:55:24 | SP DETALLE CALL with: operacion=2, IdPedido=26, Folio=TIJ-PED-20251107-0004, IdArticulo=4001, Registro=14, Cantidad=50, VolumenArt=10, IdUsuario=119
2025-11-07 09:55:24 | SP DETALLE CALL with: operacion=2, IdPedido=26, Folio=TIJ-PED-20251107-0004, IdArticulo=4004, Registro=15, Cantidad=15, VolumenArt=15, IdUsuario=119
2025-11-07 09:55:24 | SP DETALLE CALL with: operacion=2, IdPedido=26, Folio=TIJ-PED-20251107-0004, IdArticulo=4005, Registro=16, Cantidad=8, VolumenArt=56, IdUsuario=119
2025-11-07 09:55:24 | SP DETALLE CALL with: operacion=2, IdPedido=26, Folio=TIJ-PED-20251107-0004, IdArticulo=9002, Registro=17, Cantidad=20, VolumenArt=5, IdUsuario=119
2025-11-07 09:55:24 | SP DETALLE CALL with: operacion=2, IdPedido=26, Folio=TIJ-PED-20251107-0004, IdArticulo=9003, Registro=18, Cantidad=20, VolumenArt=5, IdUsuario=119
2025-11-07 09:55:24 | SP DETALLE CALL with: operacion=2, IdPedido=26, Folio=TIJ-PED-20251107-0004, IdArticulo=8001, Registro=19, Cantidad=2, VolumenArt=0.6, IdUsuario=119
2025-11-07 09:55:24 | SP DETALLE CALL with: operacion=2, IdPedido=26, Folio=TIJ-PED-20251107-0004, IdArticulo=8002, Registro=20, Cantidad=2, VolumenArt=0.6, IdUsuario=119
2025-11-07 09:55:24 | SP DETALLE CALL with: operacion=2, IdPedido=26, Folio=TIJ-PED-20251107-0004, IdArticulo=8003, Registro=21, Cantidad=2, VolumenArt=0.6, IdUsuario=119
2025-11-07 09:55:24 | SP DETALLE CALL with: operacion=2, IdPedido=26, Folio=TIJ-PED-20251107-0004, IdArticulo=8015, Registro=22, Cantidad=2, VolumenArt=0.6, IdUsuario=119
2025-11-07 09:55:24 | SP DETALLE CALL with: operacion=2, IdPedido=26, Folio=TIJ-PED-20251107-0004, IdArticulo=8027, Registro=23, Cantidad=26, VolumenArt=3.64, IdUsuario=119
2025-11-07 09:55:24 | SP DETALLE CALL with: operacion=2, IdPedido=26, Folio=TIJ-PED-20251107-0004, IdArticulo=5501, Registro=24, Cantidad=20, VolumenArt=20, IdUsuario=119
2025-11-07 09:55:24 | SP DETALLE CALL with: operacion=2, IdPedido=26, Folio=TIJ-PED-20251107-0004, IdArticulo=5502, Registro=25, Cantidad=3, VolumenArt=60, IdUsuario=119
2025-11-07 09:55:24 | SP DETALLE CALL with: operacion=2, IdPedido=26, Folio=TIJ-PED-20251107-0004, IdArticulo=5505, Registro=26, Cantidad=10, VolumenArt=4, IdUsuario=119
2025-11-07 09:55:24 | SP DETALLE CALL with: operacion=2, IdPedido=26, Folio=TIJ-PED-20251107-0004, IdArticulo=5506, Registro=27, Cantidad=10, VolumenArt=8, IdUsuario=119
2025-11-19 11:39:52 | GUARDAR PEDIDO called
 | ENCABEZADO: {"ID_CAPUV":1,"ID_UNIDAD":112,"ID_SUPERVISOR_UO":18,"ID_ALMACEN_UO":180,"Registro":5,"Volumen":464.4,"Obser":"por omicion","ID_USUARIO":119}
 | ITEMS: [{"idArticulo":2016,"cantidad":70,"volArt":140,"pesoUnit":2},{"idArticulo":2010,"cantidad":2,"volArt":0.4,"pesoUnit":0.2},{"idArticulo":8001,"cantidad":80,"volArt":24,"pesoUnit":0.3},{"idArticulo":4004,"cantidad":80,"volArt":80,"pesoUnit":1},{"idArticulo":5504,"cantidad":10,"volArt":220,"pesoUnit":22}]
2025-11-19 11:39:52 | SP HEADER CALL with: operacion=1, estado=1, IdCapacidadUV=1, IdUnidad=112, IdSupervisor=18, IdAlmacen=180, Registros=5, Dia=mi, Semana=47, Volumen=464.4, Fecha=2025-11-19 11:39:52, Obser=por omicion, IdUsuario=119
2025-11-19 11:39:52 | SP DETALLE CALL with: operacion=2, IdPedido=27, Folio=TIJ-PED-20251119-0027, IdArticulo=2016, Registro=1, Cantidad=70, VolumenArt=140, IdUsuario=119
2025-11-19 11:47:14 | GUARDAR PEDIDO called
 | ENCABEZADO: {"ID_CAPUV":1,"ID_UNIDAD":112,"ID_SUPERVISOR_UO":18,"ID_ALMACEN_UO":180,"Registro":5,"Volumen":604,"Obser":"","ID_USUARIO":119}
 | ITEMS: [{"idArticulo":2099,"cantidad":20,"volArt":40,"pesoUnit":2},{"idArticulo":4005,"cantidad":10,"volArt":70,"pesoUnit":7},{"idArticulo":2016,"cantidad":2,"volArt":4,"pesoUnit":2},{"idArticulo":3018,"cantidad":50,"volArt":50,"pesoUnit":1},{"idArticulo":5504,"cantidad":20,"volArt":440,"pesoUnit":22}]
2025-11-19 11:47:14 | SP HEADER CALL with: operacion=1, estado=1, IdCapacidadUV=1, IdUnidad=112, IdSupervisor=18, IdAlmacen=180, Registros=5, Dia=mi, Semana=47, Volumen=604, Fecha=2025-11-19 11:47:14, Obser=, IdUsuario=119
2025-11-19 11:47:14 | SP DETALLE CALL with: operacion=2, IdPedido=28, Folio=TIJ-PED-20251119-0003, IdArticulo=2099, Registro=1, Cantidad=20, VolumenArt=40, IdUsuario=119
2025-11-19 13:13:55 | SP DETALLE CALL with: operacion=2, IdPedido=37, Folio=TIJ-PED-20251119-0012, IdArticulo=1003, Registro=1, Cantidad=10, VolumenArt=20, IdUsuario=119
2025-11-19 13:13:55 | SP DETALLE CALL with: operacion=2, IdPedido=37, Folio=TIJ-PED-20251119-0012, IdArticulo=2101, Registro=2, Cantidad=20, VolumenArt=8, IdUsuario=119
2025-11-19 13:14:24 | SP DETALLE CALL with: operacion=2, IdPedido=38, Folio=TIJ-PED-20251119-0013, IdArticulo=3005, Registro=1, Cantidad=20, VolumenArt=4, IdUsuario=119
2025-11-19 13:14:24 | SP DETALLE CALL with: operacion=2, IdPedido=38, Folio=TIJ-PED-20251119-0013, IdArticulo=5503, Registro=2, Cantidad=15, VolumenArt=300, IdUsuario=119
2025-11-19 14:01:46 | SP DETALLE CALL with: operacion=2, IdPedido=39, Folio=TIJ-PED-20251119-0014, IdArticulo=5506, Registro=1, Cantidad=15, VolumenArt=12, IdUsuario=119
2025-11-19 14:01:46 | SP DETALLE CALL with: operacion=2, IdPedido=39, Folio=TIJ-PED-20251119-0014, IdArticulo=1002, Registro=2, Cantidad=100, VolumenArt=100, IdUsuario=119
2025-11-19 14:01:46 | SP DETALLE CALL with: operacion=2, IdPedido=39, Folio=TIJ-PED-20251119-0014, IdArticulo=3007, Registro=3, Cantidad=20, VolumenArt=104, IdUsuario=119
2025-11-19 14:03:13 | SP DETALLE CALL with: operacion=2, IdPedido=40, Folio=TIJ-PED-20251119-0015, IdArticulo=1001, Registro=1, Cantidad=50, VolumenArt=10, IdUsuario=119
2025-11-19 14:03:13 | SP DETALLE CALL with: operacion=2, IdPedido=40, Folio=TIJ-PED-20251119-0015, IdArticulo=1002, Registro=2, Cantidad=200, VolumenArt=200, IdUsuario=119
2025-11-19 14:03:13 | SP DETALLE CALL with: operacion=2, IdPedido=40, Folio=TIJ-PED-20251119-0015, IdArticulo=3007, Registro=3, Cantidad=15, VolumenArt=78, IdUsuario=119
2025-11-19 14:03:13 | SP DETALLE CALL with: operacion=2, IdPedido=40, Folio=TIJ-PED-20251119-0015, IdArticulo=5503, Registro=4, Cantidad=12, VolumenArt=240, IdUsuario=119
2025-11-19 14:08:24 | SP DETALLE CALL with: operacion=2, IdPedido=41, Folio=TIJ-PED-20251119-0016, IdArticulo=5504, Registro=1, Cantidad=15, VolumenArt=330, IdUsuario=119
2025-11-19 14:08:24 | SP DETALLE CALL with: operacion=2, IdPedido=41, Folio=TIJ-PED-20251119-0016, IdArticulo=8006, Registro=2, Cantidad=20, VolumenArt=45.4, IdUsuario=119
2025-11-19 14:08:24 | SP DETALLE CALL with: operacion=2, IdPedido=41, Folio=TIJ-PED-20251119-0016, IdArticulo=3006, Registro=3, Cantidad=100, VolumenArt=100, IdUsuario=119
2025-11-19 14:14:52 | SP DETALLE CALL with: operacion=2, IdPedido=42, Folio=TIJ-PED-20251119-0017, IdArticulo=2100, Registro=1, Cantidad=14, VolumenArt=2.8, IdUsuario=119
2025-11-19 14:14:52 | SP DETALLE CALL with: operacion=2, IdPedido=42, Folio=TIJ-PED-20251119-0017, IdArticulo=5501, Registro=2, Cantidad=15, VolumenArt=15, IdUsuario=119
2025-11-19 14:14:52 | SP DETALLE CALL with: operacion=2, IdPedido=42, Folio=TIJ-PED-20251119-0017, IdArticulo=5509, Registro=3, Cantidad=100, VolumenArt=40, IdUsuario=119
2025-11-19 14:14:52 | SP DETALLE CALL with: operacion=2, IdPedido=42, Folio=TIJ-PED-20251119-0017, IdArticulo=4008, Registro=4, Cantidad=12, VolumenArt=81.6, IdUsuario=119
2025-11-19 14:14:52 | SP DETALLE CALL with: operacion=2, IdPedido=42, Folio=TIJ-PED-20251119-0017, IdArticulo=8015, Registro=5, Cantidad=20, VolumenArt=6, IdUsuario=119
2025-11-19 14:14:52 | SP DETALLE CALL with: operacion=2, IdPedido=42, Folio=TIJ-PED-20251119-0017, IdArticulo=9002, Registro=6, Cantidad=150, VolumenArt=37.5, IdUsuario=119
2025-11-19 14:14:52 | SP DETALLE CALL with: operacion=2, IdPedido=42, Folio=TIJ-PED-20251119-0017, IdArticulo=3019, Registro=7, Cantidad=99, VolumenArt=514.8, IdUsuario=119
2025-11-19 14:25:07 | SP DETALLE CALL with: operacion=2, IdPedido=43, Folio=TIJ-PED-20251119-0018, IdArticulo=2015, Registro=1, Cantidad=700, VolumenArt=238, IdUsuario=187
2025-11-19 14:25:07 | SP DETALLE CALL with: operacion=2, IdPedido=43, Folio=TIJ-PED-20251119-0018, IdArticulo=2007, Registro=2, Cantidad=100, VolumenArt=180, IdUsuario=187
2025-11-19 14:26:32 | SP DETALLE CALL with: operacion=2, IdPedido=44, Folio=TIJ-PED-20251119-0019, IdArticulo=4004, Registro=1, Cantidad=700, VolumenArt=700, IdUsuario=187
2025-11-19 14:27:43 | SP DETALLE CALL with: operacion=2, IdPedido=45, Folio=TIJ-PED-20251119-0020, IdArticulo=1002, Registro=1, Cantidad=400, VolumenArt=400, IdUsuario=187
2025-11-19 14:28:13 | SP DETALLE CALL with: operacion=2, IdPedido=46, Folio=TIJ-PED-20251119-0021, IdArticulo=3006, Registro=1, Cantidad=400, VolumenArt=400, IdUsuario=187
2025-11-19 14:29:04 | SP DETALLE CALL with: operacion=2, IdPedido=47, Folio=TIJ-PED-20251119-0022, IdArticulo=1002, Registro=1, Cantidad=400, VolumenArt=400, IdUsuario=187
2025-11-19 14:29:44 | SP DETALLE CALL with: operacion=2, IdPedido=48, Folio=TIJ-PED-20251119-0023, IdArticulo=3006, Registro=1, Cantidad=400, VolumenArt=400, IdUsuario=187
2025-11-19 15:18:55 | SP DETALLE CALL with: operacion=2, IdPedido=26, Folio=GEN-PED-20251119-0026, IdArticulo=3012, Registro=1, Cantidad=120, VolumenArt=360, IdUsuario=341
2025-11-20 09:09:08 | SP DETALLE CALL with: operacion=2, IdPedido=27, Folio=GEN-PED-20251120-0027, IdArticulo=2013, Registro=1, Cantidad=100, VolumenArt=112.5, IdUsuario=341
2025-11-20 09:09:08 | SP DETALLE CALL with: operacion=2, IdPedido=27, Folio=GEN-PED-20251120-0027, IdArticulo=2010, Registro=2, Cantidad=25, VolumenArt=5, IdUsuario=341
2025-11-20 09:09:08 | SP DETALLE CALL with: operacion=2, IdPedido=27, Folio=GEN-PED-20251120-0027, IdArticulo=4005, Registro=3, Cantidad=50, VolumenArt=350, IdUsuario=341
2025-11-20 09:09:08 | SP DETALLE CALL with: operacion=2, IdPedido=27, Folio=GEN-PED-20251120-0027, IdArticulo=4001, Registro=4, Cantidad=85, VolumenArt=17, IdUsuario=341
2025-11-20 09:09:08 | SP DETALLE CALL with: operacion=2, IdPedido=27, Folio=GEN-PED-20251120-0027, IdArticulo=3012, Registro=5, Cantidad=50, VolumenArt=150, IdUsuario=341
2025-11-20 09:59:04 | SP DETALLE CALL with: operacion=2, IdPedido=31, Folio=TIJ-PED-20251120-0002, IdArticulo=3007, Registro=1, Cantidad=50, VolumenArt=260, IdUsuario=341
2025-11-20 09:59:04 | SP DETALLE CALL with: operacion=2, IdPedido=31, Folio=TIJ-PED-20251120-0002, IdArticulo=3008, Registro=2, Cantidad=20, VolumenArt=50, IdUsuario=341
2025-11-20 12:14:20 | SP DETALLE CALL with: operacion=2, IdPedido=32, Folio=TIJ-PED-20251120-0003, IdArticulo=2015, Registro=1, Cantidad=15, VolumenArt=5.1, IdUsuario=341
2025-11-20 12:14:20 | SP DETALLE CALL with: operacion=2, IdPedido=32, Folio=TIJ-PED-20251120-0003, IdArticulo=1005, Registro=2, Cantidad=20, VolumenArt=92, IdUsuario=341
2025-11-20 12:14:20 | SP DETALLE CALL with: operacion=2, IdPedido=32, Folio=TIJ-PED-20251120-0003, IdArticulo=3010, Registro=3, Cantidad=30, VolumenArt=204, IdUsuario=341
2025-11-20 12:14:20 | SP DETALLE CALL with: operacion=2, IdPedido=32, Folio=TIJ-PED-20251120-0003, IdArticulo=5510, Registro=4, Cantidad=100, VolumenArt=80, IdUsuario=341
2025-11-20 15:02:10 | SP DETALLE CALL with: operacion=2, IdPedido=33, Folio=TIJ-PED-20251120-0004, IdArticulo=2100, Registro=1, Cantidad=200, VolumenArt=40, IdUsuario=341
2025-11-20 15:02:10 | SP DETALLE CALL with: operacion=2, IdPedido=33, Folio=TIJ-PED-20251120-0004, IdArticulo=2015, Registro=2, Cantidad=50, VolumenArt=17, IdUsuario=341
2025-11-20 15:02:10 | SP DETALLE CALL with: operacion=2, IdPedido=33, Folio=TIJ-PED-20251120-0004, IdArticulo=4012, Registro=3, Cantidad=300, VolumenArt=300, IdUsuario=341
2025-11-20 15:54:38 | SP DETALLE CALL with: operacion=2, IdPedido=34, Folio=TIJ-PED-20251120-0005, IdArticulo=3007, Registro=1, Cantidad=10, VolumenArt=52, IdUsuario=355
2025-11-20 15:54:38 | SP DETALLE CALL with: operacion=2, IdPedido=34, Folio=TIJ-PED-20251120-0005, IdArticulo=3010, Registro=2, Cantidad=10, VolumenArt=68, IdUsuario=355
2025-11-20 15:54:38 | SP DETALLE CALL with: operacion=2, IdPedido=34, Folio=TIJ-PED-20251120-0005, IdArticulo=1001, Registro=3, Cantidad=30, VolumenArt=6, IdUsuario=355
2025-11-20 15:54:38 | SP DETALLE CALL with: operacion=2, IdPedido=34, Folio=TIJ-PED-20251120-0005, IdArticulo=2010, Registro=4, Cantidad=30, VolumenArt=6, IdUsuario=355
2025-11-20 15:54:38 | SP DETALLE CALL with: operacion=2, IdPedido=34, Folio=TIJ-PED-20251120-0005, IdArticulo=3005, Registro=5, Cantidad=30, VolumenArt=6, IdUsuario=355
2025-11-20 15:54:38 | SP DETALLE CALL with: operacion=2, IdPedido=34, Folio=TIJ-PED-20251120-0005, IdArticulo=3017, Registro=6, Cantidad=30, VolumenArt=6, IdUsuario=355
2025-11-20 15:54:38 | SP DETALLE CALL with: operacion=2, IdPedido=34, Folio=TIJ-PED-20251120-0005, IdArticulo=4001, Registro=7, Cantidad=50, VolumenArt=10, IdUsuario=355
2025-11-20 15:54:38 | SP DETALLE CALL with: operacion=2, IdPedido=34, Folio=TIJ-PED-20251120-0005, IdArticulo=4004, Registro=8, Cantidad=30, VolumenArt=30, IdUsuario=355
2025-11-20 15:54:38 | SP DETALLE CALL with: operacion=2, IdPedido=34, Folio=TIJ-PED-20251120-0005, IdArticulo=4005, Registro=9, Cantidad=10, VolumenArt=70, IdUsuario=355
2025-11-20 15:54:38 | SP DETALLE CALL with: operacion=2, IdPedido=34, Folio=TIJ-PED-20251120-0005, IdArticulo=9002, Registro=10, Cantidad=30, VolumenArt=7.5, IdUsuario=355
2025-11-20 15:54:38 | SP DETALLE CALL with: operacion=2, IdPedido=34, Folio=TIJ-PED-20251120-0005, IdArticulo=9003, Registro=11, Cantidad=30, VolumenArt=7.5, IdUsuario=355
2025-11-20 15:54:38 | SP DETALLE CALL with: operacion=2, IdPedido=34, Folio=TIJ-PED-20251120-0005, IdArticulo=9099, Registro=12, Cantidad=14, VolumenArt=3.5, IdUsuario=355
2025-11-20 15:54:38 | SP DETALLE CALL with: operacion=2, IdPedido=34, Folio=TIJ-PED-20251120-0005, IdArticulo=8027, Registro=13, Cantidad=13, VolumenArt=1.82, IdUsuario=355
2025-11-20 15:54:38 | SP DETALLE CALL with: operacion=2, IdPedido=34, Folio=TIJ-PED-20251120-0005, IdArticulo=5505, Registro=14, Cantidad=10, VolumenArt=4, IdUsuario=355
2025-11-20 15:58:27 | SP DETALLE CALL with: operacion=2, IdPedido=35, Folio=TIJ-PED-20251120-0006, IdArticulo=1001, Registro=1, Cantidad=1, VolumenArt=0.2, IdUsuario=343
2025-11-20 15:58:27 | SP DETALLE CALL with: operacion=2, IdPedido=35, Folio=TIJ-PED-20251120-0006, IdArticulo=2011, Registro=2, Cantidad=3, VolumenArt=6, IdUsuario=343
2025-11-20 15:58:27 | SP DETALLE CALL with: operacion=2, IdPedido=35, Folio=TIJ-PED-20251120-0006, IdArticulo=3007, Registro=3, Cantidad=7, VolumenArt=36.4, IdUsuario=343
2025-11-25 08:01:14 | SP DETALLE CALL with: operacion=2, IdPedido=36, Folio=TIJ-PED-20251125-0036, IdArticulo=1001, Registro=1, Cantidad=48, VolumenArt=9.6, IdUsuario=343
2025-11-25 08:01:14 | SP DETALLE CALL with: operacion=2, IdPedido=36, Folio=TIJ-PED-20251125-0036, IdArticulo=1003, Registro=2, Cantidad=1, VolumenArt=2, IdUsuario=343
2025-11-25 08:01:14 | SP DETALLE CALL with: operacion=2, IdPedido=36, Folio=TIJ-PED-20251125-0036, IdArticulo=1005, Registro=3, Cantidad=1, VolumenArt=4.6, IdUsuario=343
2025-11-25 08:01:14 | SP DETALLE CALL with: operacion=2, IdPedido=36, Folio=TIJ-PED-20251125-0036, IdArticulo=9002, Registro=4, Cantidad=60, VolumenArt=15, IdUsuario=343
2025-11-25 08:01:14 | SP DETALLE CALL with: operacion=2, IdPedido=36, Folio=TIJ-PED-20251125-0036, IdArticulo=9003, Registro=5, Cantidad=60, VolumenArt=15, IdUsuario=343
2025-11-25 08:01:14 | SP DETALLE CALL with: operacion=2, IdPedido=36, Folio=TIJ-PED-20251125-0036, IdArticulo=9099, Registro=6, Cantidad=30, VolumenArt=7.5, IdUsuario=343
2025-11-25 08:01:14 | SP DETALLE CALL with: operacion=2, IdPedido=36, Folio=TIJ-PED-20251125-0036, IdArticulo=2001, Registro=7, Cantidad=15, VolumenArt=6, IdUsuario=343
2025-11-25 08:01:14 | SP DETALLE CALL with: operacion=2, IdPedido=36, Folio=TIJ-PED-20251125-0036, IdArticulo=2010, Registro=8, Cantidad=48, VolumenArt=9.6, IdUsuario=343
2025-11-25 08:01:14 | SP DETALLE CALL with: operacion=2, IdPedido=36, Folio=TIJ-PED-20251125-0036, IdArticulo=2011, Registro=9, Cantidad=7, VolumenArt=14, IdUsuario=343
2025-11-25 08:01:14 | SP DETALLE CALL with: operacion=2, IdPedido=36, Folio=TIJ-PED-20251125-0036, IdArticulo=2015, Registro=10, Cantidad=3, VolumenArt=1.02, IdUsuario=343
2025-11-25 08:01:14 | SP DETALLE CALL with: operacion=2, IdPedido=36, Folio=TIJ-PED-20251125-0036, IdArticulo=2101, Registro=11, Cantidad=2, VolumenArt=0.8, IdUsuario=343
2025-11-25 08:01:14 | SP DETALLE CALL with: operacion=2, IdPedido=36, Folio=TIJ-PED-20251125-0036, IdArticulo=3005, Registro=12, Cantidad=48, VolumenArt=9.6, IdUsuario=343
2025-11-25 08:01:14 | SP DETALLE CALL with: operacion=2, IdPedido=36, Folio=TIJ-PED-20251125-0036, IdArticulo=3017, Registro=13, Cantidad=30, VolumenArt=6, IdUsuario=343
2025-11-25 08:01:14 | SP DETALLE CALL with: operacion=2, IdPedido=36, Folio=TIJ-PED-20251125-0036, IdArticulo=3006, Registro=14, Cantidad=8, VolumenArt=8, IdUsuario=343
2025-11-25 08:01:14 | SP DETALLE CALL with: operacion=2, IdPedido=36, Folio=TIJ-PED-20251125-0036, IdArticulo=3007, Registro=15, Cantidad=8, VolumenArt=41.6, IdUsuario=343
2025-11-25 08:01:14 | SP DETALLE CALL with: operacion=2, IdPedido=36, Folio=TIJ-PED-20251125-0036, IdArticulo=4001, Registro=16, Cantidad=80, VolumenArt=16, IdUsuario=343
2025-11-25 08:01:14 | SP DETALLE CALL with: operacion=2, IdPedido=36, Folio=TIJ-PED-20251125-0036, IdArticulo=4004, Registro=17, Cantidad=30, VolumenArt=30, IdUsuario=343
2025-11-25 08:01:14 | SP DETALLE CALL with: operacion=2, IdPedido=36, Folio=TIJ-PED-20251125-0036, IdArticulo=4005, Registro=18, Cantidad=2, VolumenArt=14, IdUsuario=343
2025-11-25 08:01:14 | SP DETALLE CALL with: operacion=2, IdPedido=36, Folio=TIJ-PED-20251125-0036, IdArticulo=8027, Registro=19, Cantidad=26, VolumenArt=3.64, IdUsuario=343
2025-11-25 08:01:14 | SP DETALLE CALL with: operacion=2, IdPedido=36, Folio=TIJ-PED-20251125-0036, IdArticulo=8001, Registro=20, Cantidad=2, VolumenArt=0.6, IdUsuario=343
2025-11-25 08:01:14 | SP DETALLE CALL with: operacion=2, IdPedido=36, Folio=TIJ-PED-20251125-0036, IdArticulo=8002, Registro=21, Cantidad=2, VolumenArt=0.6, IdUsuario=343
2025-11-25 08:01:14 | SP DETALLE CALL with: operacion=2, IdPedido=36, Folio=TIJ-PED-20251125-0036, IdArticulo=8015, Registro=22, Cantidad=2, VolumenArt=0.6, IdUsuario=343
2025-11-25 08:01:14 | SP DETALLE CALL with: operacion=2, IdPedido=36, Folio=TIJ-PED-20251125-0036, IdArticulo=5501, Registro=23, Cantidad=15, VolumenArt=15, IdUsuario=343
2025-11-25 08:01:14 | SP DETALLE CALL with: operacion=2, IdPedido=36, Folio=TIJ-PED-20251125-0036, IdArticulo=5502, Registro=24, Cantidad=3, VolumenArt=60, IdUsuario=343
2025-11-25 08:01:14 | SP DETALLE CALL with: operacion=2, IdPedido=36, Folio=TIJ-PED-20251125-0036, IdArticulo=5505, Registro=25, Cantidad=32, VolumenArt=12.8, IdUsuario=343
2025-11-25 08:01:14 | SP DETALLE CALL with: operacion=2, IdPedido=36, Folio=TIJ-PED-20251125-0036, IdArticulo=5506, Registro=26, Cantidad=15, VolumenArt=12, IdUsuario=343
2025-11-25 08:06:17 | SP DETALLE CALL with: operacion=2, IdPedido=37, Folio=TIJ-PED-20251125-0002, IdArticulo=1001, Registro=1, Cantidad=3, VolumenArt=0.6, IdUsuario=355
2025-11-25 08:06:17 | SP DETALLE CALL with: operacion=2, IdPedido=37, Folio=TIJ-PED-20251125-0002, IdArticulo=2011, Registro=2, Cantidad=9, VolumenArt=18, IdUsuario=355
2025-11-25 08:06:17 | SP DETALLE CALL with: operacion=2, IdPedido=37, Folio=TIJ-PED-20251125-0002, IdArticulo=2099, Registro=3, Cantidad=5, VolumenArt=10, IdUsuario=355
2025-11-25 08:06:17 | SP DETALLE CALL with: operacion=2, IdPedido=37, Folio=TIJ-PED-20251125-0002, IdArticulo=9002, Registro=4, Cantidad=8, VolumenArt=2, IdUsuario=355
2025-12-02 10:52:36 | SP DETALLE CALL with: operacion=2, IdPedido=38, Folio=TIJ-PED-20251202-0038, IdArticulo=1002, Registro=1, Cantidad=15, VolumenArt=15, IdUsuario=341
2025-12-02 10:52:36 | SP DETALLE CALL with: operacion=2, IdPedido=38, Folio=TIJ-PED-20251202-0038, IdArticulo=9003, Registro=2, Cantidad=100, VolumenArt=25, IdUsuario=341
2025-12-02 10:52:36 | SP DETALLE CALL with: operacion=2, IdPedido=38, Folio=TIJ-PED-20251202-0038, IdArticulo=4008, Registro=3, Cantidad=50, VolumenArt=340, IdUsuario=341
2025-12-02 12:11:48 | SP DETALLE CALL with: operacion=2, IdPedido=39, Folio=TIJ-PED-20251202-0002, IdArticulo=2014, Registro=1, Cantidad=5, VolumenArt=5.4, IdUsuario=355
2025-12-02 12:11:48 | SP DETALLE CALL with: operacion=2, IdPedido=39, Folio=TIJ-PED-20251202-0002, IdArticulo=2100, Registro=2, Cantidad=5, VolumenArt=1, IdUsuario=355
2025-12-02 12:11:49 | SP DETALLE CALL with: operacion=2, IdPedido=39, Folio=TIJ-PED-20251202-0002, IdArticulo=9099, Registro=3, Cantidad=7, VolumenArt=1.75, IdUsuario=355
2025-12-02 12:11:49 | SP DETALLE CALL with: operacion=2, IdPedido=39, Folio=TIJ-PED-20251202-0002, IdArticulo=1003, Registro=4, Cantidad=5, VolumenArt=10, IdUsuario=355
2025-12-02 12:11:49 | SP DETALLE CALL with: operacion=2, IdPedido=39, Folio=TIJ-PED-20251202-0002, IdArticulo=5509, Registro=5, Cantidad=7, VolumenArt=2.8, IdUsuario=355
2025-12-02 12:11:49 | SP DETALLE CALL with: operacion=2, IdPedido=39, Folio=TIJ-PED-20251202-0002, IdArticulo=8003, Registro=6, Cantidad=5, VolumenArt=1.5, IdUsuario=355
2025-12-02 12:11:49 | SP DETALLE CALL with: operacion=2, IdPedido=39, Folio=TIJ-PED-20251202-0002, IdArticulo=3010, Registro=7, Cantidad=5, VolumenArt=34, IdUsuario=355
2025-12-02 12:11:49 | SP DETALLE CALL with: operacion=2, IdPedido=39, Folio=TIJ-PED-20251202-0002, IdArticulo=2099, Registro=8, Cantidad=5, VolumenArt=10, IdUsuario=355
2025-12-02 12:11:49 | SP DETALLE CALL with: operacion=2, IdPedido=39, Folio=TIJ-PED-20251202-0002, IdArticulo=4011, Registro=9, Cantidad=5, VolumenArt=100, IdUsuario=355
2025-12-02 14:12:02 | SP DETALLE CALL with: operacion=2, IdPedido=40, Folio=TIJ-PED-20251202-0003, IdArticulo=1001, Registro=1, Cantidad=20, VolumenArt=4, IdUsuario=343
2025-12-02 14:12:02 | SP DETALLE CALL with: operacion=2, IdPedido=40, Folio=TIJ-PED-20251202-0003, IdArticulo=1002, Registro=2, Cantidad=21, VolumenArt=21, IdUsuario=343
2025-12-02 14:12:02 | SP DETALLE CALL with: operacion=2, IdPedido=40, Folio=TIJ-PED-20251202-0003, IdArticulo=1005, Registro=3, Cantidad=15, VolumenArt=69, IdUsuario=343
2025-12-02 14:12:02 | SP DETALLE CALL with: operacion=2, IdPedido=40, Folio=TIJ-PED-20251202-0003, IdArticulo=9003, Registro=4, Cantidad=123, VolumenArt=30.75, IdUsuario=343
2025-12-02 14:12:02 | SP DETALLE CALL with: operacion=2, IdPedido=40, Folio=TIJ-PED-20251202-0003, IdArticulo=2010, Registro=5, Cantidad=111, VolumenArt=22.2, IdUsuario=343
2025-12-02 14:12:02 | SP DETALLE CALL with: operacion=2, IdPedido=40, Folio=TIJ-PED-20251202-0003, IdArticulo=3012, Registro=6, Cantidad=5, VolumenArt=15, IdUsuario=343
2025-12-02 14:12:02 | SP DETALLE CALL with: operacion=2, IdPedido=40, Folio=TIJ-PED-20251202-0003, IdArticulo=8001, Registro=7, Cantidad=43, VolumenArt=12.9, IdUsuario=343
2025-12-02 14:12:02 | SP DETALLE CALL with: operacion=2, IdPedido=40, Folio=TIJ-PED-20251202-0003, IdArticulo=5510, Registro=8, Cantidad=22, VolumenArt=17.6, IdUsuario=343
2025-12-02 14:21:45 | SP DETALLE CALL with: operacion=2, IdPedido=41, Folio=TIJ-PED-20251202-0004, IdArticulo=2099, Registro=1, Cantidad=2, VolumenArt=4, IdUsuario=343
2025-12-02 14:21:45 | SP DETALLE CALL with: operacion=2, IdPedido=41, Folio=TIJ-PED-20251202-0004, IdArticulo=1001, Registro=2, Cantidad=1, VolumenArt=0.2, IdUsuario=343
2025-12-02 14:21:45 | SP DETALLE CALL with: operacion=2, IdPedido=41, Folio=TIJ-PED-20251202-0004, IdArticulo=9002, Registro=3, Cantidad=85, VolumenArt=21.25, IdUsuario=343
2025-12-02 14:21:45 | SP DETALLE CALL with: operacion=2, IdPedido=41, Folio=TIJ-PED-20251202-0004, IdArticulo=9003, Registro=4, Cantidad=50, VolumenArt=12.5, IdUsuario=343
2025-12-02 14:21:45 | SP DETALLE CALL with: operacion=2, IdPedido=41, Folio=TIJ-PED-20251202-0004, IdArticulo=9099, Registro=5, Cantidad=90, VolumenArt=22.5, IdUsuario=343
2025-12-02 14:21:45 | SP DETALLE CALL with: operacion=2, IdPedido=41, Folio=TIJ-PED-20251202-0004, IdArticulo=2101, Registro=6, Cantidad=25, VolumenArt=10, IdUsuario=343
2025-12-02 14:21:45 | SP DETALLE CALL with: operacion=2, IdPedido=41, Folio=TIJ-PED-20251202-0004, IdArticulo=2014, Registro=7, Cantidad=4, VolumenArt=4.32, IdUsuario=343
2025-12-02 14:21:45 | SP DETALLE CALL with: operacion=2, IdPedido=41, Folio=TIJ-PED-20251202-0004, IdArticulo=1003, Registro=8, Cantidad=20, VolumenArt=40, IdUsuario=343
2025-12-02 14:21:45 | SP DETALLE CALL with: operacion=2, IdPedido=41, Folio=TIJ-PED-20251202-0004, IdArticulo=3005, Registro=9, Cantidad=45, VolumenArt=9, IdUsuario=343
2025-12-02 14:21:45 | SP DETALLE CALL with: operacion=2, IdPedido=41, Folio=TIJ-PED-20251202-0004, IdArticulo=3007, Registro=10, Cantidad=27, VolumenArt=140.4, IdUsuario=343
2025-12-02 14:21:45 | SP DETALLE CALL with: operacion=2, IdPedido=41, Folio=TIJ-PED-20251202-0004, IdArticulo=3012, Registro=11, Cantidad=15, VolumenArt=45, IdUsuario=343
2025-12-02 14:21:45 | SP DETALLE CALL with: operacion=2, IdPedido=41, Folio=TIJ-PED-20251202-0004, IdArticulo=4010, Registro=12, Cantidad=2, VolumenArt=4, IdUsuario=343
2025-12-02 14:21:45 | SP DETALLE CALL with: operacion=2, IdPedido=41, Folio=TIJ-PED-20251202-0004, IdArticulo=4012, Registro=13, Cantidad=35, VolumenArt=35, IdUsuario=343
2025-12-02 14:21:45 | SP DETALLE CALL with: operacion=2, IdPedido=41, Folio=TIJ-PED-20251202-0004, IdArticulo=4005, Registro=14, Cantidad=7, VolumenArt=49, IdUsuario=343
2025-12-02 14:21:45 | SP DETALLE CALL with: operacion=2, IdPedido=41, Folio=TIJ-PED-20251202-0004, IdArticulo=3010, Registro=15, Cantidad=5, VolumenArt=34, IdUsuario=343
2025-12-02 14:21:45 | SP DETALLE CALL with: operacion=2, IdPedido=41, Folio=TIJ-PED-20251202-0004, IdArticulo=8001, Registro=16, Cantidad=5, VolumenArt=1.5, IdUsuario=343
2025-12-02 14:21:45 | SP DETALLE CALL with: operacion=2, IdPedido=41, Folio=TIJ-PED-20251202-0004, IdArticulo=8002, Registro=17, Cantidad=5, VolumenArt=1.5, IdUsuario=343
2025-12-02 14:21:45 | SP DETALLE CALL with: operacion=2, IdPedido=41, Folio=TIJ-PED-20251202-0004, IdArticulo=8003, Registro=18, Cantidad=5, VolumenArt=1.5, IdUsuario=343
2025-12-02 14:21:45 | SP DETALLE CALL with: operacion=2, IdPedido=41, Folio=TIJ-PED-20251202-0004, IdArticulo=8015, Registro=19, Cantidad=5, VolumenArt=1.5, IdUsuario=343
2025-12-02 14:21:45 | SP DETALLE CALL with: operacion=2, IdPedido=41, Folio=TIJ-PED-20251202-0004, IdArticulo=8027, Registro=20, Cantidad=26, VolumenArt=3.64, IdUsuario=343
2025-12-02 14:21:45 | SP DETALLE CALL with: operacion=2, IdPedido=41, Folio=TIJ-PED-20251202-0004, IdArticulo=8030, Registro=21, Cantidad=4, VolumenArt=4, IdUsuario=343
2025-12-02 14:21:45 | SP DETALLE CALL with: operacion=2, IdPedido=41, Folio=TIJ-PED-20251202-0004, IdArticulo=5504, Registro=22, Cantidad=10, VolumenArt=220, IdUsuario=343
2025-12-09 08:00:44 | SP DETALLE CALL with: operacion=2, IdPedido=42, Folio=TIJ-PED-20251209-0042, IdArticulo=9003, Registro=1, Cantidad=66, VolumenArt=16.5, IdUsuario=355
2025-12-09 08:00:44 | SP DETALLE CALL with: operacion=2, IdPedido=42, Folio=TIJ-PED-20251209-0042, IdArticulo=9002, Registro=2, Cantidad=52, VolumenArt=13, IdUsuario=355
2025-12-09 08:00:44 | SP DETALLE CALL with: operacion=2, IdPedido=42, Folio=TIJ-PED-20251209-0042, IdArticulo=2011, Registro=3, Cantidad=48, VolumenArt=96, IdUsuario=355
2025-12-09 08:01:14 | SP DETALLE CALL with: operacion=2, IdPedido=43, Folio=TIJ-PED-20251209-0002, IdArticulo=2007, Registro=1, Cantidad=48, VolumenArt=86.4, IdUsuario=355
2025-12-09 08:01:14 | SP DETALLE CALL with: operacion=2, IdPedido=43, Folio=TIJ-PED-20251209-0002, IdArticulo=2100, Registro=2, Cantidad=21, VolumenArt=4.2, IdUsuario=355
2025-12-09 08:01:14 | SP DETALLE CALL with: operacion=2, IdPedido=43, Folio=TIJ-PED-20251209-0002, IdArticulo=2014, Registro=3, Cantidad=29, VolumenArt=31.32, IdUsuario=355
2025-12-09 08:01:14 | SP DETALLE CALL with: operacion=2, IdPedido=43, Folio=TIJ-PED-20251209-0002, IdArticulo=5510, Registro=4, Cantidad=45, VolumenArt=36, IdUsuario=355
2025-12-09 12:14:42 | SP DETALLE CALL with: operacion=2, IdPedido=44, Folio=TIJ-PED-20251209-0003, IdArticulo=2099, Registro=1, Cantidad=33, VolumenArt=66, IdUsuario=355
2025-12-09 12:14:42 | SP DETALLE CALL with: operacion=2, IdPedido=44, Folio=TIJ-PED-20251209-0003, IdArticulo=1001, Registro=2, Cantidad=112, VolumenArt=22.4, IdUsuario=355
2025-12-09 12:14:42 | SP DETALLE CALL with: operacion=2, IdPedido=44, Folio=TIJ-PED-20251209-0003, IdArticulo=1002, Registro=3, Cantidad=23, VolumenArt=23, IdUsuario=355
2025-12-09 12:14:42 | SP DETALLE CALL with: operacion=2, IdPedido=44, Folio=TIJ-PED-20251209-0003, IdArticulo=1003, Registro=4, Cantidad=156, VolumenArt=312, IdUsuario=355
2025-12-09 12:14:42 | SP DETALLE CALL with: operacion=2, IdPedido=44, Folio=TIJ-PED-20251209-0003, IdArticulo=1005, Registro=5, Cantidad=17, VolumenArt=78.2, IdUsuario=355
2025-12-09 12:14:42 | SP DETALLE CALL with: operacion=2, IdPedido=44, Folio=TIJ-PED-20251209-0003, IdArticulo=9003, Registro=6, Cantidad=17, VolumenArt=4.25, IdUsuario=355
2025-12-09 12:14:42 | SP DETALLE CALL with: operacion=2, IdPedido=44, Folio=TIJ-PED-20251209-0003, IdArticulo=2001, Registro=7, Cantidad=23, VolumenArt=9.2, IdUsuario=355
2025-12-09 12:14:42 | SP DETALLE CALL with: operacion=2, IdPedido=44, Folio=TIJ-PED-20251209-0003, IdArticulo=2011, Registro=8, Cantidad=22, VolumenArt=44, IdUsuario=355
2025-12-09 12:14:42 | SP DETALLE CALL with: operacion=2, IdPedido=44, Folio=TIJ-PED-20251209-0003, IdArticulo=2014, Registro=9, Cantidad=22, VolumenArt=23.76, IdUsuario=355
2025-12-09 12:15:16 | SP DETALLE CALL with: operacion=2, IdPedido=45, Folio=TIJ-PED-20251209-0004, IdArticulo=1003, Registro=1, Cantidad=9, VolumenArt=18, IdUsuario=355
2025-12-09 12:15:16 | SP DETALLE CALL with: operacion=2, IdPedido=45, Folio=TIJ-PED-20251209-0004, IdArticulo=9002, Registro=2, Cantidad=7, VolumenArt=1.75, IdUsuario=355
2025-12-09 12:15:16 | SP DETALLE CALL with: operacion=2, IdPedido=45, Folio=TIJ-PED-20251209-0004, IdArticulo=2006, Registro=3, Cantidad=5, VolumenArt=10, IdUsuario=355
2025-12-09 12:15:16 | SP DETALLE CALL with: operacion=2, IdPedido=45, Folio=TIJ-PED-20251209-0004, IdArticulo=2011, Registro=4, Cantidad=4, VolumenArt=8, IdUsuario=355
2025-12-13 08:12:49 | SP DETALLE CALL with: operacion=2, IdPedido=46, Folio=HER-PED-20251213-0046, IdArticulo=1001, Registro=1, Cantidad=96, VolumenArt=19.2, IdUsuario=380
2025-12-13 08:12:49 | SP DETALLE CALL with: operacion=2, IdPedido=46, Folio=HER-PED-20251213-0046, IdArticulo=1002, Registro=2, Cantidad=5, VolumenArt=5, IdUsuario=380
2025-12-13 08:12:49 | SP DETALLE CALL with: operacion=2, IdPedido=46, Folio=HER-PED-20251213-0046, IdArticulo=1003, Registro=3, Cantidad=20, VolumenArt=40, IdUsuario=380
2025-12-13 08:12:49 | SP DETALLE CALL with: operacion=2, IdPedido=46, Folio=HER-PED-20251213-0046, IdArticulo=9002, Registro=4, Cantidad=5, VolumenArt=1.25, IdUsuario=380
2025-12-13 08:12:49 | SP DETALLE CALL with: operacion=2, IdPedido=46, Folio=HER-PED-20251213-0046, IdArticulo=9003, Registro=5, Cantidad=5, VolumenArt=1.25, IdUsuario=380
2025-12-13 08:12:49 | SP DETALLE CALL with: operacion=2, IdPedido=46, Folio=HER-PED-20251213-0046, IdArticulo=2099, Registro=6, Cantidad=3, VolumenArt=6, IdUsuario=380
2025-12-13 08:12:49 | SP DETALLE CALL with: operacion=2, IdPedido=46, Folio=HER-PED-20251213-0046, IdArticulo=4001, Registro=7, Cantidad=50, VolumenArt=10, IdUsuario=380
2025-12-13 08:12:49 | SP DETALLE CALL with: operacion=2, IdPedido=46, Folio=HER-PED-20251213-0046, IdArticulo=4012, Registro=8, Cantidad=5, VolumenArt=5, IdUsuario=380
