2025-11-05 02:30:09 | {"header":{"ID_CAPUV":1,"ID_UNIDAD":112,"ID_SUPERVISOR_UO":18,"ID_ALMACEN_UO":180,"Registro":4,"Volumen":511,"Obser":"","ID_USUARIO":119},"items":[{"idArticulo":3005,"cantidad":125,"volArt":25,"pesoUnit":0.2},{"idArticulo":3010,"cantidad":20,"volArt":136,"pesoUnit":6.8},{"idArticulo":5501,"cantidad":50,"volArt":50,"pesoUnit":1},{"idArticulo":5502,"cantidad":15,"volArt":300,"pesoUnit":20}]}
2025-11-05 02:30:51 | {"header":{"ID_CAPUV":1,"ID_UNIDAD":112,"ID_SUPERVISOR_UO":18,"ID_ALMACEN_UO":180,"Registro":4,"Volumen":511,"Obser":"","ID_USUARIO":119},"items":[{"idArticulo":3005,"cantidad":125,"volArt":25,"pesoUnit":0.2},{"idArticulo":3010,"cantidad":20,"volArt":136,"pesoUnit":6.8},{"idArticulo":5501,"cantidad":50,"volArt":50,"pesoUnit":1},{"idArticulo":5502,"cantidad":15,"volArt":300,"pesoUnit":20}]}
2025-11-05 02:30:53 | {"header":{"ID_CAPUV":1,"ID_UNIDAD":112,"ID_SUPERVISOR_UO":18,"ID_ALMACEN_UO":180,"Registro":4,"Volumen":511,"Obser":"","ID_USUARIO":119},"items":[{"idArticulo":3005,"cantidad":125,"volArt":25,"pesoUnit":0.2},{"idArticulo":3010,"cantidad":20,"volArt":136,"pesoUnit":6.8},{"idArticulo":5501,"cantidad":50,"volArt":50,"pesoUnit":1},{"idArticulo":5502,"cantidad":15,"volArt":300,"pesoUnit":20}]}
2025-11-05 02:30:53 | {"header":{"ID_CAPUV":1,"ID_UNIDAD":112,"ID_SUPERVISOR_UO":18,"ID_ALMACEN_UO":180,"Registro":4,"Volumen":511,"Obser":"","ID_USUARIO":119},"items":[{"idArticulo":3005,"cantidad":125,"volArt":25,"pesoUnit":0.2},{"idArticulo":3010,"cantidad":20,"volArt":136,"pesoUnit":6.8},{"idArticulo":5501,"cantidad":50,"volArt":50,"pesoUnit":1},{"idArticulo":5502,"cantidad":15,"volArt":300,"pesoUnit":20}]}
2025-11-05 02:30:53 | {"header":{"ID_CAPUV":1,"ID_UNIDAD":112,"ID_SUPERVISOR_UO":18,"ID_ALMACEN_UO":180,"Registro":4,"Volumen":511,"Obser":"","ID_USUARIO":119},"items":[{"idArticulo":3005,"cantidad":125,"volArt":25,"pesoUnit":0.2},{"idArticulo":3010,"cantidad":20,"volArt":136,"pesoUnit":6.8},{"idArticulo":5501,"cantidad":50,"volArt":50,"pesoUnit":1},{"idArticulo":5502,"cantidad":15,"volArt":300,"pesoUnit":20}]}
2025-11-05 02:30:54 | {"header":{"ID_CAPUV":1,"ID_UNIDAD":112,"ID_SUPERVISOR_UO":18,"ID_ALMACEN_UO":180,"Registro":4,"Volumen":511,"Obser":"","ID_USUARIO":119},"items":[{"idArticulo":3005,"cantidad":125,"volArt":25,"pesoUnit":0.2},{"idArticulo":3010,"cantidad":20,"volArt":136,"pesoUnit":6.8},{"idArticulo":5501,"cantidad":50,"volArt":50,"pesoUnit":1},{"idArticulo":5502,"cantidad":15,"volArt":300,"pesoUnit":20}]}
2025-11-05 02:46:17 | {"header":{"ID_CAPUV":1,"ID_UNIDAD":112,"ID_SUPERVISOR_UO":18,"ID_ALMACEN_UO":180,"Registro":4,"Volumen":511,"Obser":"","ID_USUARIO":119},"items":[{"idArticulo":3005,"cantidad":125,"volArt":25,"pesoUnit":0.2},{"idArticulo":3010,"cantidad":20,"volArt":136,"pesoUnit":6.8},{"idArticulo":5501,"cantidad":50,"volArt":50,"pesoUnit":1},{"idArticulo":5502,"cantidad":15,"volArt":300,"pesoUnit":20}]}
2025-11-06 00:02:58 | {"header":{"ID_CAPUV":1,"ID_UNIDAD":112,"ID_SUPERVISOR_UO":18,"ID_ALMACEN_UO":180,"Registro":2,"Volumen":250.8,"Obser":"","ID_USUARIO":119},"items":[{"idArticulo":2011,"cantidad":120,"volArt":240,"pesoUnit":2},{"idArticulo":2014,"cantidad":10,"volArt":10.8,"pesoUnit":1.08}]}
2025-11-06 00:03:18 | {"header":{"ID_CAPUV":1,"ID_UNIDAD":112,"ID_SUPERVISOR_UO":18,"ID_ALMACEN_UO":180,"Registro":2,"Volumen":402,"Obser":"","ID_USUARIO":119},"items":[{"idArticulo":2011,"cantidad":120,"volArt":240,"pesoUnit":2},{"idArticulo":2014,"cantidad":150,"volArt":162,"pesoUnit":1.08}]}
2025-11-06 00:03:20 | {"header":{"ID_CAPUV":1,"ID_UNIDAD":112,"ID_SUPERVISOR_UO":18,"ID_ALMACEN_UO":180,"Registro":2,"Volumen":402,"Obser":"","ID_USUARIO":119},"items":[{"idArticulo":2011,"cantidad":120,"volArt":240,"pesoUnit":2},{"idArticulo":2014,"cantidad":150,"volArt":162,"pesoUnit":1.08}]}
2025-11-06 00:03:20 | {"header":{"ID_CAPUV":1,"ID_UNIDAD":112,"ID_SUPERVISOR_UO":18,"ID_ALMACEN_UO":180,"Registro":2,"Volumen":402,"Obser":"","ID_USUARIO":119},"items":[{"idArticulo":2011,"cantidad":120,"volArt":240,"pesoUnit":2},{"idArticulo":2014,"cantidad":150,"volArt":162,"pesoUnit":1.08}]}
2025-11-06 00:03:20 | {"header":{"ID_CAPUV":1,"ID_UNIDAD":112,"ID_SUPERVISOR_UO":18,"ID_ALMACEN_UO":180,"Registro":2,"Volumen":402,"Obser":"","ID_USUARIO":119},"items":[{"idArticulo":2011,"cantidad":120,"volArt":240,"pesoUnit":2},{"idArticulo":2014,"cantidad":150,"volArt":162,"pesoUnit":1.08}]}
2025-11-06 00:03:20 | {"header":{"ID_CAPUV":1,"ID_UNIDAD":112,"ID_SUPERVISOR_UO":18,"ID_ALMACEN_UO":180,"Registro":2,"Volumen":402,"Obser":"","ID_USUARIO":119},"items":[{"idArticulo":2011,"cantidad":120,"volArt":240,"pesoUnit":2},{"idArticulo":2014,"cantidad":150,"volArt":162,"pesoUnit":1.08}]}
2025-11-06 00:03:56 | {"header":{"ID_CAPUV":1,"ID_UNIDAD":112,"ID_SUPERVISOR_UO":18,"ID_ALMACEN_UO":180,"Registro":2,"Volumen":402,"Obser":"","ID_USUARIO":119},"items":[{"idArticulo":2011,"cantidad":120,"volArt":240,"pesoUnit":2},{"idArticulo":2014,"cantidad":150,"volArt":162,"pesoUnit":1.08}]}
2025-11-05 15:05:03 | {"header":{"ID_CAPUV":1,"ID_UNIDAD":112,"ID_SUPERVISOR_UO":18,"ID_ALMACEN_UO":180,"Registro":2,"Volumen":402,"Obser":"","ID_USUARIO":119},"items":[{"idArticulo":2011,"cantidad":120,"volArt":240,"pesoUnit":2},{"idArticulo":2014,"cantidad":150,"volArt":162,"pesoUnit":1.08}]}
2025-11-05 15:07:59 | {"header":{"ID_CAPUV":1,"ID_UNIDAD":112,"ID_SUPERVISOR_UO":18,"ID_ALMACEN_UO":180,"Registro":2,"Volumen":402,"Obser":"","ID_USUARIO":119},"items":[{"idArticulo":2011,"cantidad":120,"volArt":240,"pesoUnit":2},{"idArticulo":2014,"cantidad":150,"volArt":162,"pesoUnit":1.08}]}
2025-11-05 15:08:26 | {"header":{"ID_CAPUV":1,"ID_UNIDAD":112,"ID_SUPERVISOR_UO":18,"ID_ALMACEN_UO":180,"Registro":2,"Volumen":402,"Obser":"","ID_USUARIO":119},"items":[{"idArticulo":2011,"cantidad":120,"volArt":240,"pesoUnit":2},{"idArticulo":2014,"cantidad":150,"volArt":162,"pesoUnit":1.08}]}
2025-11-06 09:59:57 | ENCABEZADO: {"ID_CAPUV":1,"ID_UNIDAD":112,"ID_SUPERVISOR_UO":18,"ID_ALMACEN_UO":180,"Registro":13,"Volumen":686.8,"Obser":"","ID_USUARIO":119} | ITEMS: [{"idArticulo":2013,"cantidad":150,"volArt":168.75,"pesoUnit":1.125},{"idArticulo":2016,"cantidad":10,"volArt":20,"pesoUnit":2},{"idArticulo":4004,"cantidad":15,"volArt":15,"pesoUnit":1},{"idArticulo":3007,"cantidad":10,"volArt":52,"pesoUnit":5.2},{"idArticulo":8006,"cantidad":15,"volArt":34.05,"pesoUnit":2.27},{"idArticulo":5503,"cantidad":15,"volArt":300,"pesoUnit":20},{"idArticulo":5506,"cantidad":2,"volArt":1.6,"pesoUnit":0.8},{"idArticulo":5508,"cantidad":4,"volArt":64,"pesoUnit":16},{"idArticulo":5510,"cantidad":10,"volArt":8,"pesoUnit":0.8},{"idArticulo":3006,"cantidad":4,"volArt":4,"pesoUnit":1},{"idArticulo":3008,"cantidad":4,"volArt":10,"pesoUnit":2.5},{"idArticulo":4001,"cantidad":7,"volArt":1.4,"pesoUnit":0.2},{"idArticulo":4010,"cantidad":4,"volArt":8,"pesoUnit":2}]
2025-11-06 10:33:17 | ENCABEZADO: {"ID_CAPUV":1,"ID_UNIDAD":112,"ID_SUPERVISOR_UO":18,"ID_ALMACEN_UO":180,"Registro":13,"Volumen":686.8,"Obser":"","ID_USUARIO":119} | ITEMS: [{"idArticulo":2013,"cantidad":150,"volArt":168.75,"pesoUnit":1.125},{"idArticulo":2016,"cantidad":10,"volArt":20,"pesoUnit":2},{"idArticulo":4004,"cantidad":15,"volArt":15,"pesoUnit":1},{"idArticulo":3007,"cantidad":10,"volArt":52,"pesoUnit":5.2},{"idArticulo":8006,"cantidad":15,"volArt":34.05,"pesoUnit":2.27},{"idArticulo":5503,"cantidad":15,"volArt":300,"pesoUnit":20},{"idArticulo":5506,"cantidad":2,"volArt":1.6,"pesoUnit":0.8},{"idArticulo":5508,"cantidad":4,"volArt":64,"pesoUnit":16},{"idArticulo":5510,"cantidad":10,"volArt":8,"pesoUnit":0.8},{"idArticulo":3006,"cantidad":4,"volArt":4,"pesoUnit":1},{"idArticulo":3008,"cantidad":4,"volArt":10,"pesoUnit":2.5},{"idArticulo":4001,"cantidad":7,"volArt":1.4,"pesoUnit":0.2},{"idArticulo":4010,"cantidad":4,"volArt":8,"pesoUnit":2}]
2025-11-06 10:43:52 | ENCABEZADO: {"ID_CAPUV":1,"ID_UNIDAD":112,"ID_SUPERVISOR_UO":18,"ID_ALMACEN_UO":180,"Registro":3,"Volumen":356,"Obser":"","ID_USUARIO":119} | ITEMS: [{"idArticulo":5508,"cantidad":20,"volArt":320,"pesoUnit":16},{"idArticulo":5506,"cantidad":20,"volArt":16,"pesoUnit":0.8},{"idArticulo":4004,"cantidad":20,"volArt":20,"pesoUnit":1}]
2025-11-06 11:24:39 | CONTROLLER EXCEPTION: Call to undefined method mysqli::guardarPedido()
2025-11-06 12:44:21 | CONTROLLER EXCEPTION: Call to undefined method mysqli::guardarPedido()
2025-11-06 12:51:36 | CONTROLLER EXCEPTION: Call to undefined method mysqli::guardarPedido()
2025-11-06 12:53:32 | CONTROLLER EXCEPTION: Call to undefined method mysqli::guardarPedido()
2025-11-06 15:06:33 | CONTROLLER EXCEPTION: Duplicate entry '' for key 'FolioPedido'
2025-11-06 16:41:12 | CONTROLLER EXCEPTION: Duplicate entry 'TIJ-PED-20251106-0008' for key 'FolioPedido'
2025-11-06 16:51:19 | CONTROLLER EXCEPTION: Duplicate entry 'TIJ-PED-20251106-0008' for key 'FolioPedido'
2025-11-06 16:53:54 | CONTROLLER EXCEPTION: Duplicate entry 'TIJ-PED-20251106-0008' for key 'FolioPedido'
2025-11-06 17:11:38 | CONTROLLER EXCEPTION: Duplicate entry 'TIJ-PED-20251106-0008' for key 'FolioPedido'
2025-11-06 17:13:07 | CONTROLLER EXCEPTION: Duplicate entry 'TIJ-PED-20251106-0008' for key 'FolioPedido'
2025-11-06 17:18:34 | CONTROLLER EXCEPTION: Duplicate entry 'TIJ-PED-20251106-0008' for key 'FolioPedido'
2025-11-06 17:25:11 | CONTROLLER EXCEPTION: Duplicate entry 'TIJ-PED-20251106-0008' for key 'FolioPedido'
2025-11-06 17:55:40 | CONTROLLER EXCEPTION: Duplicate entry 'TIJ-PED-20251106-0008' for key 'FolioPedido'
2025-11-19 11:39:52 | CONTROLLER EXCEPTION: mysqli_stmt::bind_param(): Argument #3 cannot be passed by reference
2025-11-19 11:47:14 | CONTROLLER EXCEPTION: mysqli_stmt::bind_param(): Argument #3 cannot be passed by reference
