2025-11-19 12:45:03 | ENCABEZADO GUARDADO: IDPEDIDO=0 | FOLIO=
2025-11-19 12:46:17 | ENCABEZADO GUARDADO: IDPEDIDO=0 | FOLIO=
2025-11-19 12:50:22 | ENCABEZADO GUARDADO: IDPEDIDO=0 | FOLIO=
2025-11-19 13:04:56 | ENCABEZADO GUARDADO: IDPEDIDO=0 | FOLIO= | DATA: null
2025-11-19 13:13:55 | ENCABEZADO GUARDADO: IDPEDIDO=37 | FOLIO=TIJ-PED-20251119-0012 | RESP: {"ok":true,"msg":"OK","IdPedido":37,"Folio":"TIJ-PED-20251119-0012"}
2025-11-19 13:13:55 | ENCABEZADO GUARDADO: IDPEDIDO=37 | FOLIO=TIJ-PED-20251119-0012 | DATA: null
2025-11-19 13:14:24 | ENCABEZADO GUARDADO: IDPEDIDO=38 | FOLIO=TIJ-PED-20251119-0013 | RESP: {"ok":true,"msg":"OK","IdPedido":38,"Folio":"TIJ-PED-20251119-0013"}
2025-11-19 13:14:24 | ENCABEZADO GUARDADO: IDPEDIDO=38 | FOLIO=TIJ-PED-20251119-0013 | DATA: null
2025-11-19 14:01:46 | ENCABEZADO GUARDADO: IDPEDIDO=39 | FOLIO=TIJ-PED-20251119-0014 | RESP: {"ok":true,"msg":"OK","IdPedido":39,"Folio":"TIJ-PED-20251119-0014"}
2025-11-19 14:01:46 | ENCABEZADO GUARDADO: IDPEDIDO=39 | FOLIO=TIJ-PED-20251119-0014 | DATA: null
2025-11-19 14:03:13 | ENCABEZADO GUARDADO: IDPEDIDO=40 | FOLIO=TIJ-PED-20251119-0015 | RESP: {"ok":true,"msg":"OK","IdPedido":40,"Folio":"TIJ-PED-20251119-0015"}
2025-11-19 14:03:13 | ENCABEZADO GUARDADO: IDPEDIDO=40 | FOLIO=TIJ-PED-20251119-0015 | DATA: null
2025-11-19 14:08:24 | ENCABEZADO GUARDADO: IDPEDIDO=41 | FOLIO=TIJ-PED-20251119-0016 | RESP: {"ok":true,"msg":"OK","IdPedido":41,"Folio":"TIJ-PED-20251119-0016"}
2025-11-19 14:14:52 | ENCABEZADO GUARDADO: IDPEDIDO=42 | FOLIO=TIJ-PED-20251119-0017 | RESP: {"ok":true,"msg":"OK","IdPedido":42,"Folio":"TIJ-PED-20251119-0017"}
2025-11-19 14:25:07 | ENCABEZADO GUARDADO: IDPEDIDO=43 | FOLIO=TIJ-PED-20251119-0018 | RESP: {"ok":true,"msg":"OK","IdPedido":43,"Folio":"TIJ-PED-20251119-0018"}
2025-11-19 14:26:32 | ENCABEZADO GUARDADO: IDPEDIDO=44 | FOLIO=TIJ-PED-20251119-0019 | RESP: {"ok":true,"msg":"OK","IdPedido":44,"Folio":"TIJ-PED-20251119-0019"}
2025-11-19 14:27:43 | ENCABEZADO GUARDADO: IDPEDIDO=45 | FOLIO=TIJ-PED-20251119-0020 | RESP: {"ok":true,"msg":"OK","IdPedido":45,"Folio":"TIJ-PED-20251119-0020"}
2025-11-19 14:28:13 | ENCABEZADO GUARDADO: IDPEDIDO=46 | FOLIO=TIJ-PED-20251119-0021 | RESP: {"ok":true,"msg":"OK","IdPedido":46,"Folio":"TIJ-PED-20251119-0021"}
2025-11-19 14:29:04 | ENCABEZADO GUARDADO: IDPEDIDO=47 | FOLIO=TIJ-PED-20251119-0022 | RESP: {"ok":true,"msg":"OK","IdPedido":47,"Folio":"TIJ-PED-20251119-0022"}
2025-11-19 14:29:44 | ENCABEZADO GUARDADO: IDPEDIDO=48 | FOLIO=TIJ-PED-20251119-0023 | RESP: {"ok":true,"msg":"OK","IdPedido":48,"Folio":"TIJ-PED-20251119-0023"}
2025-11-19 14:49:30 | ENCABEZADO GUARDADO: IDPEDIDO=0 | FOLIO= | RESP: {"ok":false,"msg":"OUT params vacíos (IdPedido\/Folio)","IdPedido":null,"Folio":null}
2025-11-19 14:50:02 | ENCABEZADO GUARDADO: IDPEDIDO=0 | FOLIO= | RESP: {"ok":false,"msg":"OUT params vacíos (IdPedido\/Folio)","IdPedido":null,"Folio":null}
2025-11-19 14:50:09 | ENCABEZADO GUARDADO: IDPEDIDO=0 | FOLIO= | RESP: {"ok":false,"msg":"OUT params vacíos (IdPedido\/Folio)","IdPedido":null,"Folio":null}
2025-11-19 14:50:23 | ENCABEZADO GUARDADO: IDPEDIDO=0 | FOLIO= | RESP: {"ok":false,"msg":"OUT params vacíos (IdPedido\/Folio)","IdPedido":null,"Folio":null}
2025-11-19 15:01:09 | ENCABEZADO GUARDADO: IDPEDIDO=0 | FOLIO= | RESP: {"ok":false,"msg":"OUT params vacíos (IdPedido\/Folio)","IdPedido":null,"Folio":null}
2025-11-19 15:01:42 | ENCABEZADO GUARDADO: IDPEDIDO=0 | FOLIO= | RESP: {"ok":false,"msg":"OUT params vacíos (IdPedido\/Folio)","IdPedido":null,"Folio":null}
2025-11-19 15:03:20 | ENCABEZADO GUARDADO: IDPEDIDO=0 | FOLIO= | RESP: {"ok":false,"msg":"OUT params vacíos (IdPedido\/Folio)","IdPedido":null,"Folio":null}
2025-11-19 15:18:55 | ENCABEZADO GUARDADO: IDPEDIDO=26 | FOLIO=GEN-PED-20251119-0026 | RESP: {"ok":true,"msg":"OK","IdPedido":26,"Folio":"GEN-PED-20251119-0026"}
2025-11-20 09:09:08 | ENCABEZADO GUARDADO: IDPEDIDO=27 | FOLIO=GEN-PED-20251120-0027 | RESP: {"ok":true,"msg":"OK","IdPedido":27,"Folio":"GEN-PED-20251120-0027"}
2025-11-20 09:52:28 | ENCABEZADO GUARDADO: IDPEDIDO=0 | FOLIO= | RESP: {"ok":false,"msg":"OUT params vacíos (IdPedido\/Folio)","IdPedido":null,"Folio":null}
2025-11-20 09:52:34 | ENCABEZADO GUARDADO: IDPEDIDO=0 | FOLIO= | RESP: {"ok":false,"msg":"OUT params vacíos (IdPedido\/Folio)","IdPedido":null,"Folio":null}
2025-11-20 09:52:57 | ENCABEZADO GUARDADO: IDPEDIDO=0 | FOLIO= | RESP: {"ok":false,"msg":"OUT params vacíos (IdPedido\/Folio)","IdPedido":null,"Folio":null}
2025-11-20 09:59:04 | ENCABEZADO GUARDADO: IDPEDIDO=31 | FOLIO=TIJ-PED-20251120-0002 | RESP: {"ok":true,"msg":"OK","IdPedido":31,"Folio":"TIJ-PED-20251120-0002"}
2025-11-20 12:14:20 | ENCABEZADO GUARDADO: IDPEDIDO=32 | FOLIO=TIJ-PED-20251120-0003 | RESP: {"ok":true,"msg":"OK","IdPedido":32,"Folio":"TIJ-PED-20251120-0003"}
2025-11-20 15:02:10 | ENCABEZADO GUARDADO: IDPEDIDO=33 | FOLIO=TIJ-PED-20251120-0004 | RESP: {"ok":true,"msg":"OK","IdPedido":33,"Folio":"TIJ-PED-20251120-0004"}
2025-11-20 15:54:38 | ENCABEZADO GUARDADO: IDPEDIDO=34 | FOLIO=TIJ-PED-20251120-0005 | RESP: {"ok":true,"msg":"OK","IdPedido":34,"Folio":"TIJ-PED-20251120-0005"}
2025-11-20 15:58:27 | ENCABEZADO GUARDADO: IDPEDIDO=35 | FOLIO=TIJ-PED-20251120-0006 | RESP: {"ok":true,"msg":"OK","IdPedido":35,"Folio":"TIJ-PED-20251120-0006"}
2025-11-25 08:01:14 | ENCABEZADO GUARDADO: IDPEDIDO=36 | FOLIO=TIJ-PED-20251125-0036 | RESP: {"ok":true,"msg":"OK","IdPedido":36,"Folio":"TIJ-PED-20251125-0036"}
2025-11-25 08:06:17 | ENCABEZADO GUARDADO: IDPEDIDO=37 | FOLIO=TIJ-PED-20251125-0002 | RESP: {"ok":true,"msg":"OK","IdPedido":37,"Folio":"TIJ-PED-20251125-0002"}
2025-12-02 10:52:36 | ENCABEZADO GUARDADO: IDPEDIDO=38 | FOLIO=TIJ-PED-20251202-0038 | RESP: {"ok":true,"msg":"OK","IdPedido":38,"Folio":"TIJ-PED-20251202-0038"}
2025-12-02 12:11:48 | ENCABEZADO GUARDADO: IDPEDIDO=39 | FOLIO=TIJ-PED-20251202-0002 | RESP: {"ok":true,"msg":"OK","IdPedido":39,"Folio":"TIJ-PED-20251202-0002"}
2025-12-02 14:12:02 | ENCABEZADO GUARDADO: IDPEDIDO=40 | FOLIO=TIJ-PED-20251202-0003 | RESP: {"ok":true,"msg":"OK","IdPedido":40,"Folio":"TIJ-PED-20251202-0003"}
2025-12-02 14:21:45 | ENCABEZADO GUARDADO: IDPEDIDO=41 | FOLIO=TIJ-PED-20251202-0004 | RESP: {"ok":true,"msg":"OK","IdPedido":41,"Folio":"TIJ-PED-20251202-0004"}
2025-12-09 08:00:44 | ENCABEZADO GUARDADO: IDPEDIDO=42 | FOLIO=TIJ-PED-20251209-0042 | RESP: {"ok":true,"msg":"OK","IdPedido":42,"Folio":"TIJ-PED-20251209-0042"}
2025-12-09 08:01:14 | ENCABEZADO GUARDADO: IDPEDIDO=43 | FOLIO=TIJ-PED-20251209-0002 | RESP: {"ok":true,"msg":"OK","IdPedido":43,"Folio":"TIJ-PED-20251209-0002"}
2025-12-09 12:14:42 | ENCABEZADO GUARDADO: IDPEDIDO=44 | FOLIO=TIJ-PED-20251209-0003 | RESP: {"ok":true,"msg":"OK","IdPedido":44,"Folio":"TIJ-PED-20251209-0003"}
2025-12-09 12:15:16 | ENCABEZADO GUARDADO: IDPEDIDO=45 | FOLIO=TIJ-PED-20251209-0004 | RESP: {"ok":true,"msg":"OK","IdPedido":45,"Folio":"TIJ-PED-20251209-0004"}
2025-12-13 08:12:49 | ENCABEZADO GUARDADO: IDPEDIDO=46 | FOLIO=HER-PED-20251213-0046 | RESP: {"ok":true,"msg":"OK","IdPedido":46,"Folio":"HER-PED-20251213-0046"}
