2025-11-15 01:55:13 | RAW_POST: {"idPedido":"26","folio":"TIJ-PED-20251107-0004"}
2025-11-15 01:58:50 | RAW_POST: {"idPedido":"26","folio":"TIJ-PED-20251107-0004"}
2025-11-15 01:58:50 | ERROR_DATOS | FOLIO: "TIJ-PED-20251107-0004" | IDPEDIDO: 26 | CANTIDADES: []
2025-11-15 02:02:30 | RAW_POST: {"idPedido":"26","folio":"TIJ-PED-20251107-0004","cant_aut":{"1001":"20","1003":"8","1005":"1","2001":"2","2010":"15","2011":"2","2015":"2","2101":"2","3005":"20","3006":"12","3007":"12","3010":"7","3017":"20","4001":"50","4004":"15","4005":"8","5501":"20","5502":"3","5505":"10","5506":"10","8001":"2","8002":"2","8003":"2","8015":"2","8027":"26","9002":"20","9003":"20"}}
2025-11-15 02:02:30 | FOLIO: "TIJ-PED-20251107-0004" | IDPEDIDO: 26 | ARTICULO: 1001 | CANT_AUT: 20
2025-11-15 02:06:09 | RAW_POST: {"idPedido":"26","folio":"TIJ-PED-20251107-0004","cant_aut":{"1001":"20","1003":"8","1005":"1","2001":"2","2010":"15","2011":"2","2015":"2","2101":"2","3005":"20","3006":"12","3007":"12","3010":"7","3017":"20","4001":"50","4004":"15","4005":"8","5501":"20","5502":"3","5505":"10","5506":"10","8001":"2","8002":"2","8003":"2","8015":"2","8027":"26","9002":"20","9003":"20"}}
2025-11-15 02:06:09 | FOLIO: "TIJ-PED-20251107-0004" | IDPEDIDO: 26 | ARTICULO: 1001 | CANT_AUT: 20
2025-11-15 02:06:22 | RAW_POST: {"idPedido":"26","folio":"TIJ-PED-20251107-0004","cant_aut":{"1001":"20","1003":"8","1005":"1","2001":"2","2010":"15","2011":"2","2015":"2","2101":"2","3005":"20","3006":"12","3007":"12","3010":"7","3017":"20","4001":"50","4004":"15","4005":"8","5501":"20","5502":"3","5505":"10","5506":"10","8001":"2","8002":"2","8003":"2","8015":"2","8027":"26","9002":"20","9003":"20"}}
2025-11-15 02:06:22 | FOLIO: "TIJ-PED-20251107-0004" | IDPEDIDO: 26 | ARTICULO: 1001 | CANT_AUT: 20
2025-11-15 02:07:01 | RAW_POST: {"idPedido":"26","folio":"TIJ-PED-20251107-0004","cant_aut":{"1001":"20","1003":"8","1005":"1","2001":"2","2010":"15","2011":"2","2015":"2","2101":"2","3005":"20","3006":"12","3007":"12","3010":"7","3017":"20","4001":"50","4004":"15","4005":"8","5501":"20","5502":"3","5505":"10","5506":"10","8001":"2","8002":"2","8003":"2","8015":"2","8027":"26","9002":"20","9003":"20"}}
2025-11-15 02:07:01 | FOLIO: "TIJ-PED-20251107-0004" | IDPEDIDO: 26 | ARTICULO: 1001 | CANT_AUT: 20
2025-11-15 02:10:51 | RAW_POST: {"idPedido":"26","folio":"TIJ-PED-20251107-0004","cant_aut":{"1001":"20","1003":"8","1005":"1","2001":"2","2010":"15","2011":"2","2015":"2","2101":"2","3005":"20","3006":"12","3007":"12","3010":"7","3017":"20","4001":"50","4004":"15","4005":"8","5501":"20","5502":"3","5505":"10","5506":"10","8001":"2","8002":"2","8003":"2","8015":"2","8027":"26","9002":"20","9003":"20"}}
2025-11-15 02:10:51 | FOLIO: "TIJ-PED-20251107-0004" | IDPEDIDO: 26 | ARTICULO: 1001 | CANT_AUT: 20
2025-11-18 22:12:19 | RAW_POST: {"idPedido":"26","folio":"TIJ-PED-20251107-0004","cant_aut":{"1001":"500","1003":"8","1005":"1","2001":"2","2010":"15","2011":"2","2015":"2","2101":"2","3005":"20","3006":"12","3007":"12","3010":"7","3017":"20","4001":"50","4004":"15","4005":"8","5501":"20","5502":"3","5505":"10","5506":"10","8001":"2","8002":"2","8003":"2","8015":"2","8027":"26","9002":"20","9003":"20"}}
2025-11-19 00:09:32 | RAW_POST: {"idPedido":"26","folio":"TIJ-PED-20251107-0004","peso_pedido":"355.320","cant_aut":{"1001":"32","1003":"8","1005":"1","2001":"2","2010":"15","2011":"2","2015":"2","2101":"2","3005":"20","3006":"12","3007":"12","3010":"7","3017":"20","4001":"50","4004":"15","4005":"8","5501":"20","5502":"3","5505":"10","5506":"10","8001":"2","8002":"2","8003":"2","8015":"2","8027":"26","9002":"20","9003":"20"},"peso_total":{"1001":"6.400","1003":"16.000","1005":"4.600","2001":"0.800","2010":"3.000","2011":"4.000","2015":"0.680","2101":"0.800","3005":"4.000","3006":"12.000","3007":"62.400","3010":"47.600","3017":"4.000","4001":"10.000","4004":"15.000","4005":"56.000","5501":"20.000","5502":"60.000","5505":"4.000","5506":"8.000","8001":"0.600","8002":"0.600","8003":"0.600","8015":"0.600","8027":"3.640","9002":"5.000","9003":"5.000"}}
2025-11-19 01:15:40 | RAW_POST: {"idPedido":"26","folio":"TIJ-PED-20251107-0004","peso_pedido":"521.670","cant_aut":{"1001":"20","1003":"8","1005":"1","2001":"2","2010":"15","2011":"2","2015":"2","2101":"2","3005":"20","3006":"12","3007":"12","3010":"7","3017":"20","4001":"50","4004":"15","4005":"8","5501":"20","5502":"3","5505":"10","5506":"10","8001":"2","8002":"2","8015":"2","8027":"26","9002":"20","9003":"20"},"peso_total":{"1001":"4.000","1003":"16.000","1005":"4.600","2001":"0.800","2010":"3.000","2011":"4.000","2015":"0.680","2101":"0.800","3005":"4.000","3006":"12.000","3007":"62.400","3010":"47.600","3017":"4.000","4001":"10.000","4004":"15.000","4005":"56.000","5501":"20.000","5502":"60.000","5505":"4.000","5506":"8.000","8001":"0.600","8002":"0.600","8015":"0.600","8027":"3.640","9002":"5.000","9003":"5.000"}}
2025-11-19 01:15:40 | ERROR_APROBAR | FOLIO: "TIJ-PED-20251107-0004" | IDPEDIDO: 26 | VOLUMEN: null
2025-11-19 01:18:07 | RAW_POST: {"idPedido":"25","folio":"TIJ-PED-20251107-0003","peso_pedido":"<br \/>\r\n<b>Warning<\/b>:  Undefined variable $pesoPedidoBase in <b>C:\\xampp\\htdocs\\tikets\\views\\dashboardPedidos.php<\/b> on line <b>360<\/b><br \/>\r\n0.000","cant_aut":{"1001":"15","1002":"20","1003":"25","1005":"5","2015":"15","3005":"50","3006":"15","3007":"4","3012":"2","4001":"100","4004":"20","5501":"50","5506":"20","5511":"15","8002":"10","8015":"2","8027":"3","9002":"25","9003":"25","9099":"25"},"peso_total":{"1001":"3.000","1002":"20.000","1003":"50.000","1005":"23.000","2015":"5.100","3005":"10.000","3006":"15.000","3007":"20.800","3012":"6.000","4001":"20.000","4004":"20.000","5501":"50.000","5506":"16.000","5511":"240.000","8002":"3.000","8015":"0.600","8027":"0.420","9002":"6.250","9003":"6.250","9099":"6.250"}}
2025-11-19 01:18:07 | ERROR_APROBAR | FOLIO: "TIJ-PED-20251107-0003" | IDPEDIDO: 25 | VOLUMEN: null
2025-11-19 01:27:22 | POST DATA: {"idPedido":"23","folio":"TIJ-PED-20251107-0023","peso_pedido":"<br \/>\r\n<b>Warning<\/b>:  Undefined variable $pesoPedidoBase in <b>C:\\xampp\\htdocs\\tikets\\views\\dashboardPedidos.php<\/b> on line <b>360<\/b><br \/>\r\n0.000","cant_aut":{"2014":"500"},"peso_total":{"2014":"540.000"}}
2025-11-19 01:27:22 | ERROR_APROBAR | FOLIO: "TIJ-PED-20251107-0023" | IDPEDIDO: 23 | VOLUMEN: null
2025-11-19 01:32:09 | RAW_POST: {"idPedido":"24","folio":"TIJ-PED-20251107-0002","peso_pedido":"<br \/>\r\n<b>Warning<\/b>:  Undefined variable $pesoPedidoBase in <b>C:\\xampp\\htdocs\\tikets\\views\\dashboardPedidos.php<\/b> on line <b>360<\/b><br \/>\r\n0.000","cant_aut":{"1002":"100","2007":"3","2099":"40","3012":"10","3019":"7","4010":"10","4012":"10","5502":"10"},"peso_total":{"1002":"100.000","2007":"5.400","2099":"80.000","3012":"30.000","3019":"36.400","4010":"20.000","4012":"10.000","5502":"200.000"}}
2025-11-19 01:32:09 | ERROR_APROBAR | FOLIO: "TIJ-PED-20251107-0002" | IDPEDIDO: 24 | VOLUMEN_TOTAL: 0
2025-11-19 01:32:20 | RAW_POST: {"idPedido":"24","folio":"TIJ-PED-20251107-0002","peso_pedido":"<br \/>\r\n<b>Warning<\/b>:  Undefined variable $pesoPedidoBase in <b>C:\\xampp\\htdocs\\tikets\\views\\dashboardPedidos.php<\/b> on line <b>360<\/b><br \/>\r\n0.000","cant_aut":{"1002":"100","2007":"3","2099":"40","3012":"10","3019":"7","4010":"10","4012":"10","5502":"10"},"peso_total":{"1002":"100.000","2007":"5.400","2099":"80.000","3012":"30.000","3019":"36.400","4010":"20.000","4012":"10.000","5502":"200.000"}}
2025-11-19 01:32:20 | ERROR_APROBAR | FOLIO: "TIJ-PED-20251107-0002" | IDPEDIDO: 24 | VOLUMEN_TOTAL: 0
2025-11-19 01:32:27 | RAW_POST: {"idPedido":"24","folio":"TIJ-PED-20251107-0002","peso_pedido":"<br \/>\r\n<b>Warning<\/b>:  Undefined variable $pesoPedidoBase in <b>C:\\xampp\\htdocs\\tikets\\views\\dashboardPedidos.php<\/b> on line <b>360<\/b><br \/>\r\n0.000","cant_aut":{"1002":"100","2007":"3","2099":"40","3012":"10","3019":"7","4010":"10","4012":"10","5502":"10"},"peso_total":{"1002":"100.000","2007":"5.400","2099":"80.000","3012":"30.000","3019":"36.400","4010":"20.000","4012":"10.000","5502":"200.000"}}
2025-11-19 01:32:27 | ERROR_APROBAR | FOLIO: "TIJ-PED-20251107-0002" | IDPEDIDO: 24 | VOLUMEN_TOTAL: 0
2025-11-19 01:41:31 | RAW_POST: {"idPedido":"24","folio":"TIJ-PED-20251107-0002","peso_pedido":"<br \/>\r\n<b>Warning<\/b>:  Undefined variable $pesoPedidoBase in <b>C:\\xampp\\htdocs\\tikets\\views\\dashboardPedidos.php<\/b> on line <b>360<\/b><br \/>\r\n0.000","cant_aut":{"1002":"100","2007":"3","2099":"40","3012":"10","3019":"7","4010":"10","4012":"10","5502":"10"},"peso_total":{"1002":"100.000","2007":"5.400","2099":"80.000","3012":"30.000","3019":"36.400","4010":"20.000","4012":"10.000","5502":"200.000"}}
2025-11-19 01:41:31 | ERROR_APROBAR | FOLIO: "TIJ-PED-20251107-0002" | IDPEDIDO: 24 | VOLUMEN_TOTAL: 0
2025-11-19 01:45:48 | RAW_POST: {"idPedido":"24","folio":"TIJ-PED-20251107-0002","peso_pedido":"481.800","cant_aut":{"1002":"100","2007":"3","2099":"40","3012":"10","3019":"7","4010":"10","4012":"10","5502":"10"},"peso_total":{"1002":"100.000","2007":"5.400","2099":"80.000","3012":"30.000","3019":"36.400","4010":"20.000","4012":"10.000","5502":"200.000"}}
2025-11-19 01:45:48 | ERROR_APROBAR | FOLIO: "TIJ-PED-20251107-0002" | IDPEDIDO: 24 | VOLUMEN_TOTAL: 481.8
2025-11-19 01:50:46 | RAW_POST: {"idPedido":"24","folio":"TIJ-PED-20251107-0002","peso_pedido":"481.800","cant_aut":{"1002":"100","2007":"3","2099":"40","3012":"10","3019":"7","4010":"10","4012":"10","5502":"10"},"peso_total":{"1002":"100.000","2007":"5.400","2099":"80.000","3012":"30.000","3019":"36.400","4010":"20.000","4012":"10.000","5502":"200.000"}}
2025-11-19 01:50:46 | ERROR_APROBAR | FOLIO: "TIJ-PED-20251107-0002" | IDPEDIDO: 24 | VOLUMEN_TOTAL: 481.8
2025-11-19 01:52:22 | RAW_POST: {"idPedido":"24","folio":"TIJ-PED-20251107-0002","peso_pedido":"481.800","cant_aut":{"1002":"100","2007":"3","2099":"40","3012":"10","3019":"7","4010":"10","4012":"10","5502":"10"},"peso_total":{"1002":"100.000","2007":"5.400","2099":"80.000","3012":"30.000","3019":"36.400","4010":"20.000","4012":"10.000","5502":"200.000"}}
2025-11-19 01:52:22 | ERROR_APROBAR | FOLIO: "TIJ-PED-20251107-0002" | IDPEDIDO: 24 | VOLUMEN_TOTAL: 481.8
2025-11-19 01:52:29 | RAW_POST: {"idPedido":"24","folio":"TIJ-PED-20251107-0002","peso_pedido":"481.800","cant_aut":{"1002":"100","2007":"3","2099":"40","3012":"10","3019":"7","4010":"10","4012":"10","5502":"10"},"peso_total":{"1002":"100.000","2007":"5.400","2099":"80.000","3012":"30.000","3019":"36.400","4010":"20.000","4012":"10.000","5502":"200.000"}}
2025-11-19 01:52:29 | ERROR_APROBAR | FOLIO: "TIJ-PED-20251107-0002" | IDPEDIDO: 24 | VOLUMEN_TOTAL: 481.8
2025-11-19 01:54:25 | RAW_POST: {"idPedido":"23","folio":"TIJ-PED-20251107-0023","peso_pedido":"540.000","cant_aut":{"2014":"500"},"peso_total":{"2014":"540.000"}}
2025-11-19 01:54:25 | ERROR_APROBAR | FOLIO: "TIJ-PED-20251107-0023" | IDPEDIDO: 23 | VOLUMEN_TOTAL: 540
2025-11-19 01:55:41 | RAW_POST: {"idPedido":"24","folio":"TIJ-PED-20251107-0002","peso_pedido":"481.800","cant_aut":{"1002":"100","2007":"3","2099":"40","3012":"10","3019":"7","4010":"10","4012":"10","5502":"10"},"peso_total":{"1002":"100.000","2007":"5.400","2099":"80.000","3012":"30.000","3019":"36.400","4010":"20.000","4012":"10.000","5502":"200.000"}}
2025-11-19 01:55:41 | ERROR_APROBAR | FOLIO: "TIJ-PED-20251107-0002" | IDPEDIDO: 24 | VOLUMEN_TOTAL: 481.8
2025-11-19 02:02:30 | RAW_POST: {"idPedido":"23","folio":"TIJ-PED-20251107-0023","peso_pedido":"540.000","cant_aut":{"2014":"500"},"peso_total":{"2014":"540.000"}}
2025-11-19 02:02:30 | ERROR_APROBAR | FOLIO: "TIJ-PED-20251107-0023" | IDPEDIDO: 23 | VOLUMEN_TOTAL: 540
2025-11-19 02:02:58 | RAW_POST: {"idPedido":"23","folio":"TIJ-PED-20251107-0023","peso_pedido":"540.000","cant_aut":{"2014":"500"},"peso_total":{"2014":"540.000"}}
2025-11-19 02:02:58 | ERROR_APROBAR | FOLIO: "TIJ-PED-20251107-0023" | IDPEDIDO: 23 | VOLUMEN_TOTAL: 540
2025-11-19 02:03:38 | RAW_POST: {"idPedido":"23","folio":"TIJ-PED-20251107-0023","peso_pedido":"540.000","cant_aut":{"2014":"500"},"peso_total":{"2014":"540.000"}}
2025-11-19 02:03:38 | ERROR_APROBAR | FOLIO: "TIJ-PED-20251107-0023" | IDPEDIDO: 23 | VOLUMEN_TOTAL: 540
2025-11-19 02:04:54 | RAW_POST: {"idPedido":"23","folio":"TIJ-PED-20251107-0023","peso_pedido":"540.000","cant_aut":{"2014":"500"},"peso_total":{"2014":"540.000"}}
2025-11-19 02:04:54 | ERROR_APROBAR | FOLIO: "TIJ-PED-20251107-0023" | IDPEDIDO: 23 | VOLUMEN_TOTAL: 540
2025-11-19 02:05:44 | RAW_POST: {"idPedido":"23","folio":"TIJ-PED-20251107-0023","peso_pedido":"540.000","cant_aut":{"2014":"500"},"peso_total":{"2014":"540.000"}}
2025-11-19 02:07:01 | RAW_POST: {"idPedido":"23","folio":"TIJ-PED-20251107-0023","peso_pedido":"540.000","cant_aut":{"2014":"500"},"peso_total":{"2014":"540.000"}}
2025-11-19 02:08:38 | RAW_POST: {"idPedido":"23","folio":"TIJ-PED-20251107-0023","peso_pedido":"540.000","cant_aut":{"2014":"500"},"peso_total":{"2014":"540.000"}}
2025-11-19 02:12:45 | RAW_POST: {"idPedido":"23","folio":"TIJ-PED-20251107-0023","peso_pedido":"540.000","cant_aut":{"2014":"500"},"peso_total":{"2014":"540.000"}}
2025-11-19 02:12:45 | ERROR_APROBAR | FOLIO: "TIJ-PED-20251107-0023" | IDPEDIDO: 23 | VOLUMEN_TOTAL: 540
2025-11-19 02:26:20 | RAW_POST: {"idPedido":"24","folio":"TIJ-PED-20251107-0002","peso_pedido":"481.800","cant_aut":{"1002":"100","2007":"3","2099":"40","3012":"10","3019":"7","4010":"10","4012":"10","5502":"10"},"peso_total":{"1002":"100.000","2007":"5.400","2099":"80.000","3012":"30.000","3019":"36.400","4010":"20.000","4012":"10.000","5502":"200.000"}}
2025-11-19 02:26:20 | DETALLE | FOLIO: "TIJ-PED-20251107-0002" | IDPEDIDO: 24 | ARTICULO: 1002 | CANT_AUT: 100 | VOL_RENGLON: 100
2025-11-19 02:26:20 | ERROR_DETALLE | IDPEDIDO: 24 | ARTICULO: 1002
2025-11-19 02:26:20 | DETALLE | FOLIO: "TIJ-PED-20251107-0002" | IDPEDIDO: 24 | ARTICULO: 2007 | CANT_AUT: 3 | VOL_RENGLON: 5.4
2025-11-19 02:26:20 | ERROR_DETALLE | IDPEDIDO: 24 | ARTICULO: 2007
2025-11-19 02:26:20 | DETALLE | FOLIO: "TIJ-PED-20251107-0002" | IDPEDIDO: 24 | ARTICULO: 2099 | CANT_AUT: 40 | VOL_RENGLON: 80
2025-11-19 02:26:20 | ERROR_DETALLE | IDPEDIDO: 24 | ARTICULO: 2099
2025-11-19 02:26:20 | DETALLE | FOLIO: "TIJ-PED-20251107-0002" | IDPEDIDO: 24 | ARTICULO: 3012 | CANT_AUT: 10 | VOL_RENGLON: 30
2025-11-19 02:26:20 | ERROR_DETALLE | IDPEDIDO: 24 | ARTICULO: 3012
2025-11-19 02:26:20 | DETALLE | FOLIO: "TIJ-PED-20251107-0002" | IDPEDIDO: 24 | ARTICULO: 3019 | CANT_AUT: 7 | VOL_RENGLON: 36.4
2025-11-19 02:26:20 | ERROR_DETALLE | IDPEDIDO: 24 | ARTICULO: 3019
2025-11-19 02:26:20 | DETALLE | FOLIO: "TIJ-PED-20251107-0002" | IDPEDIDO: 24 | ARTICULO: 4010 | CANT_AUT: 10 | VOL_RENGLON: 20
2025-11-19 02:26:20 | ERROR_DETALLE | IDPEDIDO: 24 | ARTICULO: 4010
2025-11-19 02:26:20 | DETALLE | FOLIO: "TIJ-PED-20251107-0002" | IDPEDIDO: 24 | ARTICULO: 4012 | CANT_AUT: 10 | VOL_RENGLON: 10
2025-11-19 02:26:20 | ERROR_DETALLE | IDPEDIDO: 24 | ARTICULO: 4012
2025-11-19 02:26:20 | DETALLE | FOLIO: "TIJ-PED-20251107-0002" | IDPEDIDO: 24 | ARTICULO: 5502 | CANT_AUT: 10 | VOL_RENGLON: 200
2025-11-19 02:26:20 | ERROR_DETALLE | IDPEDIDO: 24 | ARTICULO: 5502
2025-11-19 02:26:28 | RAW_POST: {"idPedido":"24","folio":"TIJ-PED-20251107-0002","peso_pedido":"481.800","cant_aut":{"1002":"100","2007":"3","2099":"40","3012":"10","3019":"7","4010":"10","4012":"10","5502":"10"},"peso_total":{"1002":"100.000","2007":"5.400","2099":"80.000","3012":"30.000","3019":"36.400","4010":"20.000","4012":"10.000","5502":"200.000"}}
2025-11-19 02:26:28 | DETALLE | FOLIO: "TIJ-PED-20251107-0002" | IDPEDIDO: 24 | ARTICULO: 1002 | CANT_AUT: 100 | VOL_RENGLON: 100
2025-11-19 02:26:28 | ERROR_DETALLE | IDPEDIDO: 24 | ARTICULO: 1002
2025-11-19 02:26:28 | DETALLE | FOLIO: "TIJ-PED-20251107-0002" | IDPEDIDO: 24 | ARTICULO: 2007 | CANT_AUT: 3 | VOL_RENGLON: 5.4
2025-11-19 02:26:28 | ERROR_DETALLE | IDPEDIDO: 24 | ARTICULO: 2007
2025-11-19 02:26:28 | DETALLE | FOLIO: "TIJ-PED-20251107-0002" | IDPEDIDO: 24 | ARTICULO: 2099 | CANT_AUT: 40 | VOL_RENGLON: 80
2025-11-19 02:26:28 | ERROR_DETALLE | IDPEDIDO: 24 | ARTICULO: 2099
2025-11-19 02:26:28 | DETALLE | FOLIO: "TIJ-PED-20251107-0002" | IDPEDIDO: 24 | ARTICULO: 3012 | CANT_AUT: 10 | VOL_RENGLON: 30
2025-11-19 02:26:28 | ERROR_DETALLE | IDPEDIDO: 24 | ARTICULO: 3012
2025-11-19 02:26:28 | DETALLE | FOLIO: "TIJ-PED-20251107-0002" | IDPEDIDO: 24 | ARTICULO: 3019 | CANT_AUT: 7 | VOL_RENGLON: 36.4
2025-11-19 02:26:28 | ERROR_DETALLE | IDPEDIDO: 24 | ARTICULO: 3019
2025-11-19 02:26:28 | DETALLE | FOLIO: "TIJ-PED-20251107-0002" | IDPEDIDO: 24 | ARTICULO: 4010 | CANT_AUT: 10 | VOL_RENGLON: 20
2025-11-19 02:26:28 | ERROR_DETALLE | IDPEDIDO: 24 | ARTICULO: 4010
2025-11-19 02:26:28 | DETALLE | FOLIO: "TIJ-PED-20251107-0002" | IDPEDIDO: 24 | ARTICULO: 4012 | CANT_AUT: 10 | VOL_RENGLON: 10
2025-11-19 02:26:28 | ERROR_DETALLE | IDPEDIDO: 24 | ARTICULO: 4012
2025-11-19 02:26:28 | DETALLE | FOLIO: "TIJ-PED-20251107-0002" | IDPEDIDO: 24 | ARTICULO: 5502 | CANT_AUT: 10 | VOL_RENGLON: 200
2025-11-19 02:26:28 | ERROR_DETALLE | IDPEDIDO: 24 | ARTICULO: 5502
2025-11-19 16:36:16 | RAW_POST: {"idPedido":"24","folio":"TIJ-PED-20251107-0002","peso_pedido":"481.800","cant_aut":{"1002":"100","2007":"3","2099":"40","3012":"10","3019":"7","4010":"10","4012":"10","5502":"10"},"peso_total":{"1002":"100.000","2007":"5.400","2099":"80.000","3012":"30.000","3019":"36.400","4010":"20.000","4012":"10.000","5502":"200.000"}}
2025-11-19 16:36:16 | DETALLE | FOLIO: "TIJ-PED-20251107-0002" | IDPEDIDO: 24 | ARTICULO: 1002 | CANT_AUT: 100 | VOL_RENGLON: 100
2025-11-19 16:36:16 | ERROR_DETALLE | IDPEDIDO: 24 | ARTICULO: 1002
2025-11-19 16:36:16 | DETALLE | FOLIO: "TIJ-PED-20251107-0002" | IDPEDIDO: 24 | ARTICULO: 2007 | CANT_AUT: 3 | VOL_RENGLON: 5.4
2025-11-19 16:36:16 | ERROR_DETALLE | IDPEDIDO: 24 | ARTICULO: 2007
2025-11-19 16:36:16 | DETALLE | FOLIO: "TIJ-PED-20251107-0002" | IDPEDIDO: 24 | ARTICULO: 2099 | CANT_AUT: 40 | VOL_RENGLON: 80
2025-11-19 16:36:16 | ERROR_DETALLE | IDPEDIDO: 24 | ARTICULO: 2099
2025-11-19 16:36:16 | DETALLE | FOLIO: "TIJ-PED-20251107-0002" | IDPEDIDO: 24 | ARTICULO: 3012 | CANT_AUT: 10 | VOL_RENGLON: 30
2025-11-19 16:36:16 | ERROR_DETALLE | IDPEDIDO: 24 | ARTICULO: 3012
2025-11-19 16:36:16 | DETALLE | FOLIO: "TIJ-PED-20251107-0002" | IDPEDIDO: 24 | ARTICULO: 3019 | CANT_AUT: 7 | VOL_RENGLON: 36.4
2025-11-19 16:36:16 | ERROR_DETALLE | IDPEDIDO: 24 | ARTICULO: 3019
2025-11-19 16:36:16 | DETALLE | FOLIO: "TIJ-PED-20251107-0002" | IDPEDIDO: 24 | ARTICULO: 4010 | CANT_AUT: 10 | VOL_RENGLON: 20
2025-11-19 16:36:17 | ERROR_DETALLE | IDPEDIDO: 24 | ARTICULO: 4010
2025-11-19 16:36:17 | DETALLE | FOLIO: "TIJ-PED-20251107-0002" | IDPEDIDO: 24 | ARTICULO: 4012 | CANT_AUT: 10 | VOL_RENGLON: 10
2025-11-19 16:36:17 | ERROR_DETALLE | IDPEDIDO: 24 | ARTICULO: 4012
2025-11-19 16:36:17 | DETALLE | FOLIO: "TIJ-PED-20251107-0002" | IDPEDIDO: 24 | ARTICULO: 5502 | CANT_AUT: 10 | VOL_RENGLON: 200
2025-11-19 16:36:17 | ERROR_DETALLE | IDPEDIDO: 24 | ARTICULO: 5502
2025-11-19 16:38:28 | RAW_POST: {"idPedido":"24","folio":"TIJ-PED-20251107-0002","peso_pedido":"481.800","cant_aut":{"1002":"100","2007":"3","2099":"40","3012":"10","3019":"7","4010":"10","4012":"10","5502":"10"},"peso_total":{"1002":"100.000","2007":"5.400","2099":"80.000","3012":"30.000","3019":"36.400","4010":"20.000","4012":"10.000","5502":"200.000"}}
2025-11-19 16:38:28 | DETALLE | FOLIO: "TIJ-PED-20251107-0002" | IDPEDIDO: 24 | ARTICULO: 1002 | CANT_AUT: 100 | VOL_RENGLON: 100
2025-11-19 16:38:28 | ERROR_DETALLE | IDPEDIDO: 24 | ARTICULO: 1002
2025-11-19 16:38:28 | DETALLE | FOLIO: "TIJ-PED-20251107-0002" | IDPEDIDO: 24 | ARTICULO: 2007 | CANT_AUT: 3 | VOL_RENGLON: 5.4
2025-11-19 16:38:28 | ERROR_DETALLE | IDPEDIDO: 24 | ARTICULO: 2007
2025-11-19 16:38:28 | DETALLE | FOLIO: "TIJ-PED-20251107-0002" | IDPEDIDO: 24 | ARTICULO: 2099 | CANT_AUT: 40 | VOL_RENGLON: 80
2025-11-19 16:38:28 | ERROR_DETALLE | IDPEDIDO: 24 | ARTICULO: 2099
2025-11-19 16:38:28 | DETALLE | FOLIO: "TIJ-PED-20251107-0002" | IDPEDIDO: 24 | ARTICULO: 3012 | CANT_AUT: 10 | VOL_RENGLON: 30
2025-11-19 16:38:28 | ERROR_DETALLE | IDPEDIDO: 24 | ARTICULO: 3012
2025-11-19 16:38:28 | DETALLE | FOLIO: "TIJ-PED-20251107-0002" | IDPEDIDO: 24 | ARTICULO: 3019 | CANT_AUT: 7 | VOL_RENGLON: 36.4
2025-11-19 16:38:28 | ERROR_DETALLE | IDPEDIDO: 24 | ARTICULO: 3019
2025-11-19 16:38:28 | DETALLE | FOLIO: "TIJ-PED-20251107-0002" | IDPEDIDO: 24 | ARTICULO: 4010 | CANT_AUT: 10 | VOL_RENGLON: 20
2025-11-19 16:38:28 | ERROR_DETALLE | IDPEDIDO: 24 | ARTICULO: 4010
2025-11-19 16:38:28 | DETALLE | FOLIO: "TIJ-PED-20251107-0002" | IDPEDIDO: 24 | ARTICULO: 4012 | CANT_AUT: 10 | VOL_RENGLON: 10
2025-11-19 16:38:28 | ERROR_DETALLE | IDPEDIDO: 24 | ARTICULO: 4012
2025-11-19 16:38:28 | DETALLE | FOLIO: "TIJ-PED-20251107-0002" | IDPEDIDO: 24 | ARTICULO: 5502 | CANT_AUT: 10 | VOL_RENGLON: 200
2025-11-19 16:38:28 | ERROR_DETALLE | IDPEDIDO: 24 | ARTICULO: 5502
2025-11-19 16:39:46 | RAW_POST: {"idPedido":"25","folio":"TIJ-PED-20251107-0003","peso_pedido":"521.670","cant_aut":{"1001":"15","1002":"20","1003":"25","1005":"5","2015":"15","3005":"50","3006":"15","3007":"4","3012":"2","4001":"100","4004":"20","5501":"50","5506":"20","5511":"15","8002":"10","8015":"2","8027":"3","9002":"25","9003":"25","9099":"25"},"peso_total":{"1001":"3.000","1002":"20.000","1003":"50.000","1005":"23.000","2015":"5.100","3005":"10.000","3006":"15.000","3007":"20.800","3012":"6.000","4001":"20.000","4004":"20.000","5501":"50.000","5506":"16.000","5511":"240.000","8002":"3.000","8015":"0.600","8027":"0.420","9002":"6.250","9003":"6.250","9099":"6.250"}}
2025-11-19 16:39:46 | DETALLE | FOLIO: "TIJ-PED-20251107-0003" | IDPEDIDO: 25 | ARTICULO: 1001 | CANT_AUT: 15 | VOL_RENGLON: 3
2025-11-19 16:39:46 | ERROR_DETALLE | IDPEDIDO: 25 | ARTICULO: 1001
2025-11-19 16:39:46 | DETALLE | FOLIO: "TIJ-PED-20251107-0003" | IDPEDIDO: 25 | ARTICULO: 1002 | CANT_AUT: 20 | VOL_RENGLON: 20
2025-11-19 16:39:46 | ERROR_DETALLE | IDPEDIDO: 25 | ARTICULO: 1002
2025-11-19 16:39:46 | DETALLE | FOLIO: "TIJ-PED-20251107-0003" | IDPEDIDO: 25 | ARTICULO: 1003 | CANT_AUT: 25 | VOL_RENGLON: 50
2025-11-19 16:39:46 | ERROR_DETALLE | IDPEDIDO: 25 | ARTICULO: 1003
2025-11-19 16:39:46 | DETALLE | FOLIO: "TIJ-PED-20251107-0003" | IDPEDIDO: 25 | ARTICULO: 1005 | CANT_AUT: 5 | VOL_RENGLON: 23
2025-11-19 16:39:46 | ERROR_DETALLE | IDPEDIDO: 25 | ARTICULO: 1005
2025-11-19 16:39:46 | DETALLE | FOLIO: "TIJ-PED-20251107-0003" | IDPEDIDO: 25 | ARTICULO: 2015 | CANT_AUT: 15 | VOL_RENGLON: 5.1
2025-11-19 16:39:46 | ERROR_DETALLE | IDPEDIDO: 25 | ARTICULO: 2015
2025-11-19 16:39:46 | DETALLE | FOLIO: "TIJ-PED-20251107-0003" | IDPEDIDO: 25 | ARTICULO: 3005 | CANT_AUT: 50 | VOL_RENGLON: 10
2025-11-19 16:39:46 | ERROR_DETALLE | IDPEDIDO: 25 | ARTICULO: 3005
2025-11-19 16:39:46 | DETALLE | FOLIO: "TIJ-PED-20251107-0003" | IDPEDIDO: 25 | ARTICULO: 3006 | CANT_AUT: 15 | VOL_RENGLON: 15
2025-11-19 16:39:46 | ERROR_DETALLE | IDPEDIDO: 25 | ARTICULO: 3006
2025-11-19 16:39:46 | DETALLE | FOLIO: "TIJ-PED-20251107-0003" | IDPEDIDO: 25 | ARTICULO: 3007 | CANT_AUT: 4 | VOL_RENGLON: 20.8
2025-11-19 16:39:46 | ERROR_DETALLE | IDPEDIDO: 25 | ARTICULO: 3007
2025-11-19 16:39:46 | DETALLE | FOLIO: "TIJ-PED-20251107-0003" | IDPEDIDO: 25 | ARTICULO: 3012 | CANT_AUT: 2 | VOL_RENGLON: 6
2025-11-19 16:39:46 | ERROR_DETALLE | IDPEDIDO: 25 | ARTICULO: 3012
2025-11-19 16:39:46 | DETALLE | FOLIO: "TIJ-PED-20251107-0003" | IDPEDIDO: 25 | ARTICULO: 4001 | CANT_AUT: 100 | VOL_RENGLON: 20
2025-11-19 16:39:46 | ERROR_DETALLE | IDPEDIDO: 25 | ARTICULO: 4001
2025-11-19 16:39:46 | DETALLE | FOLIO: "TIJ-PED-20251107-0003" | IDPEDIDO: 25 | ARTICULO: 4004 | CANT_AUT: 20 | VOL_RENGLON: 20
2025-11-19 16:39:46 | ERROR_DETALLE | IDPEDIDO: 25 | ARTICULO: 4004
2025-11-19 16:39:46 | DETALLE | FOLIO: "TIJ-PED-20251107-0003" | IDPEDIDO: 25 | ARTICULO: 5501 | CANT_AUT: 50 | VOL_RENGLON: 50
2025-11-19 16:39:46 | ERROR_DETALLE | IDPEDIDO: 25 | ARTICULO: 5501
2025-11-19 16:39:46 | DETALLE | FOLIO: "TIJ-PED-20251107-0003" | IDPEDIDO: 25 | ARTICULO: 5506 | CANT_AUT: 20 | VOL_RENGLON: 16
2025-11-19 16:39:46 | ERROR_DETALLE | IDPEDIDO: 25 | ARTICULO: 5506
2025-11-19 16:39:46 | DETALLE | FOLIO: "TIJ-PED-20251107-0003" | IDPEDIDO: 25 | ARTICULO: 5511 | CANT_AUT: 15 | VOL_RENGLON: 240
2025-11-19 16:39:46 | ERROR_DETALLE | IDPEDIDO: 25 | ARTICULO: 5511
2025-11-19 16:39:46 | DETALLE | FOLIO: "TIJ-PED-20251107-0003" | IDPEDIDO: 25 | ARTICULO: 8002 | CANT_AUT: 10 | VOL_RENGLON: 3
2025-11-19 16:39:46 | ERROR_DETALLE | IDPEDIDO: 25 | ARTICULO: 8002
2025-11-19 16:39:46 | DETALLE | FOLIO: "TIJ-PED-20251107-0003" | IDPEDIDO: 25 | ARTICULO: 8015 | CANT_AUT: 2 | VOL_RENGLON: 0.6
2025-11-19 16:39:46 | ERROR_DETALLE | IDPEDIDO: 25 | ARTICULO: 8015
2025-11-19 16:39:46 | DETALLE | FOLIO: "TIJ-PED-20251107-0003" | IDPEDIDO: 25 | ARTICULO: 8027 | CANT_AUT: 3 | VOL_RENGLON: 0.42
2025-11-19 16:39:46 | ERROR_DETALLE | IDPEDIDO: 25 | ARTICULO: 8027
2025-11-19 16:39:46 | DETALLE | FOLIO: "TIJ-PED-20251107-0003" | IDPEDIDO: 25 | ARTICULO: 9002 | CANT_AUT: 25 | VOL_RENGLON: 6.25
2025-11-19 16:39:46 | ERROR_DETALLE | IDPEDIDO: 25 | ARTICULO: 9002
2025-11-19 16:39:46 | DETALLE | FOLIO: "TIJ-PED-20251107-0003" | IDPEDIDO: 25 | ARTICULO: 9003 | CANT_AUT: 25 | VOL_RENGLON: 6.25
2025-11-19 16:39:46 | ERROR_DETALLE | IDPEDIDO: 25 | ARTICULO: 9003
2025-11-19 16:39:46 | DETALLE | FOLIO: "TIJ-PED-20251107-0003" | IDPEDIDO: 25 | ARTICULO: 9099 | CANT_AUT: 25 | VOL_RENGLON: 6.25
2025-11-19 16:39:46 | ERROR_DETALLE | IDPEDIDO: 25 | ARTICULO: 9099
2025-11-19 16:49:56 | RAW_POST: {"idPedido":"24","folio":"TIJ-PED-20251107-0002","peso_pedido":"481.800","cant_aut":{"1002":"100","2007":"3","2099":"40","3012":"10","3019":"7","4010":"10","4012":"10","5502":"10"},"peso_total":{"1002":"100.000","2007":"5.400","2099":"80.000","3012":"30.000","3019":"36.400","4010":"20.000","4012":"10.000","5502":"200.000"}}
2025-11-19 16:49:56 | DETALLE | FOLIO: "TIJ-PED-20251107-0002" | IDPEDIDO: 24 | ARTICULO: 1002 | CANT_AUT: 100 | VOL_RENGLON: 100
2025-11-19 16:49:56 | ERROR_DETALLE | IDPEDIDO: 24 | ARTICULO: 1002
2025-11-19 16:49:56 | DETALLE | FOLIO: "TIJ-PED-20251107-0002" | IDPEDIDO: 24 | ARTICULO: 2007 | CANT_AUT: 3 | VOL_RENGLON: 5.4
2025-11-19 16:49:56 | ERROR_DETALLE | IDPEDIDO: 24 | ARTICULO: 2007
2025-11-19 16:49:56 | DETALLE | FOLIO: "TIJ-PED-20251107-0002" | IDPEDIDO: 24 | ARTICULO: 2099 | CANT_AUT: 40 | VOL_RENGLON: 80
2025-11-19 16:49:56 | ERROR_DETALLE | IDPEDIDO: 24 | ARTICULO: 2099
2025-11-19 16:49:56 | DETALLE | FOLIO: "TIJ-PED-20251107-0002" | IDPEDIDO: 24 | ARTICULO: 3012 | CANT_AUT: 10 | VOL_RENGLON: 30
2025-11-19 16:49:56 | ERROR_DETALLE | IDPEDIDO: 24 | ARTICULO: 3012
2025-11-19 16:49:56 | DETALLE | FOLIO: "TIJ-PED-20251107-0002" | IDPEDIDO: 24 | ARTICULO: 3019 | CANT_AUT: 7 | VOL_RENGLON: 36.4
2025-11-19 16:49:56 | ERROR_DETALLE | IDPEDIDO: 24 | ARTICULO: 3019
2025-11-19 16:49:56 | DETALLE | FOLIO: "TIJ-PED-20251107-0002" | IDPEDIDO: 24 | ARTICULO: 4010 | CANT_AUT: 10 | VOL_RENGLON: 20
2025-11-19 16:49:56 | ERROR_DETALLE | IDPEDIDO: 24 | ARTICULO: 4010
2025-11-19 16:49:56 | DETALLE | FOLIO: "TIJ-PED-20251107-0002" | IDPEDIDO: 24 | ARTICULO: 4012 | CANT_AUT: 10 | VOL_RENGLON: 10
2025-11-19 16:49:56 | ERROR_DETALLE | IDPEDIDO: 24 | ARTICULO: 4012
2025-11-19 16:49:56 | DETALLE | FOLIO: "TIJ-PED-20251107-0002" | IDPEDIDO: 24 | ARTICULO: 5502 | CANT_AUT: 10 | VOL_RENGLON: 200
2025-11-19 16:49:56 | ERROR_DETALLE | IDPEDIDO: 24 | ARTICULO: 5502
2025-11-19 16:49:56 | RESUMEN_DETALLES | ENVIADOS: 8 | OK: 0
2025-11-19 16:49:56 | ERROR_DETALLE_GLOBAL | ENVIADOS: 8 | OK: 0
2025-11-19 16:51:27 | RAW_POST: {"idPedido":"24","folio":"TIJ-PED-20251107-0002","peso_pedido":"481.800","cant_aut":{"1002":"100","2007":"3","2099":"40","3012":"10","3019":"7","4010":"10","4012":"10","5502":"10"},"peso_total":{"1002":"100.000","2007":"5.400","2099":"80.000","3012":"30.000","3019":"36.400","4010":"20.000","4012":"10.000","5502":"200.000"}}
2025-11-19 16:51:27 | DETALLE | FOLIO: "TIJ-PED-20251107-0002" | IDPEDIDO: 24 | ARTICULO: 1002 | CANT_AUT: 100 | VOL_RENGLON: 100
2025-11-19 16:51:27 | DETALLE | FOLIO: "TIJ-PED-20251107-0002" | IDPEDIDO: 24 | ARTICULO: 2007 | CANT_AUT: 3 | VOL_RENGLON: 5.4
2025-11-19 16:51:27 | DETALLE | FOLIO: "TIJ-PED-20251107-0002" | IDPEDIDO: 24 | ARTICULO: 2099 | CANT_AUT: 40 | VOL_RENGLON: 80
2025-11-19 16:51:27 | DETALLE | FOLIO: "TIJ-PED-20251107-0002" | IDPEDIDO: 24 | ARTICULO: 3012 | CANT_AUT: 10 | VOL_RENGLON: 30
2025-11-19 16:51:27 | DETALLE | FOLIO: "TIJ-PED-20251107-0002" | IDPEDIDO: 24 | ARTICULO: 3019 | CANT_AUT: 7 | VOL_RENGLON: 36.4
2025-11-19 16:51:27 | DETALLE | FOLIO: "TIJ-PED-20251107-0002" | IDPEDIDO: 24 | ARTICULO: 4010 | CANT_AUT: 10 | VOL_RENGLON: 20
2025-11-19 16:51:27 | DETALLE | FOLIO: "TIJ-PED-20251107-0002" | IDPEDIDO: 24 | ARTICULO: 4012 | CANT_AUT: 10 | VOL_RENGLON: 10
2025-11-19 16:51:27 | DETALLE | FOLIO: "TIJ-PED-20251107-0002" | IDPEDIDO: 24 | ARTICULO: 5502 | CANT_AUT: 10 | VOL_RENGLON: 200
2025-11-19 16:51:27 | RESUMEN_DETALLES | ENVIADOS: 8 | OK: 8
2025-11-19 16:51:27 | ERROR_APROBAR | FOLIO: "TIJ-PED-20251107-0002" | IDPEDIDO: 24 | VOLUMEN_TOTAL: 481.8
2025-11-19 16:51:47 | RAW_POST: {"idPedido":"25","folio":"TIJ-PED-20251107-0003","peso_pedido":"521.670","cant_aut":{"1001":"15","1002":"20","1003":"25","1005":"5","2015":"15","3005":"50","3006":"15","3007":"4","3012":"2","4001":"100","4004":"20","5501":"50","5506":"20","5511":"15","8002":"10","8015":"2","8027":"3","9002":"25","9003":"25","9099":"25"},"peso_total":{"1001":"3.000","1002":"20.000","1003":"50.000","1005":"23.000","2015":"5.100","3005":"10.000","3006":"15.000","3007":"20.800","3012":"6.000","4001":"20.000","4004":"20.000","5501":"50.000","5506":"16.000","5511":"240.000","8002":"3.000","8015":"0.600","8027":"0.420","9002":"6.250","9003":"6.250","9099":"6.250"}}
2025-11-19 16:51:47 | DETALLE | FOLIO: "TIJ-PED-20251107-0003" | IDPEDIDO: 25 | ARTICULO: 1001 | CANT_AUT: 15 | VOL_RENGLON: 3
2025-11-19 16:51:47 | DETALLE | FOLIO: "TIJ-PED-20251107-0003" | IDPEDIDO: 25 | ARTICULO: 1002 | CANT_AUT: 20 | VOL_RENGLON: 20
2025-11-19 16:51:47 | DETALLE | FOLIO: "TIJ-PED-20251107-0003" | IDPEDIDO: 25 | ARTICULO: 1003 | CANT_AUT: 25 | VOL_RENGLON: 50
2025-11-19 16:51:47 | DETALLE | FOLIO: "TIJ-PED-20251107-0003" | IDPEDIDO: 25 | ARTICULO: 1005 | CANT_AUT: 5 | VOL_RENGLON: 23
2025-11-19 16:51:47 | DETALLE | FOLIO: "TIJ-PED-20251107-0003" | IDPEDIDO: 25 | ARTICULO: 2015 | CANT_AUT: 15 | VOL_RENGLON: 5.1
2025-11-19 16:51:47 | DETALLE | FOLIO: "TIJ-PED-20251107-0003" | IDPEDIDO: 25 | ARTICULO: 3005 | CANT_AUT: 50 | VOL_RENGLON: 10
2025-11-19 16:51:47 | DETALLE | FOLIO: "TIJ-PED-20251107-0003" | IDPEDIDO: 25 | ARTICULO: 3006 | CANT_AUT: 15 | VOL_RENGLON: 15
2025-11-19 16:51:47 | DETALLE | FOLIO: "TIJ-PED-20251107-0003" | IDPEDIDO: 25 | ARTICULO: 3007 | CANT_AUT: 4 | VOL_RENGLON: 20.8
2025-11-19 16:51:47 | DETALLE | FOLIO: "TIJ-PED-20251107-0003" | IDPEDIDO: 25 | ARTICULO: 3012 | CANT_AUT: 2 | VOL_RENGLON: 6
2025-11-19 16:51:47 | DETALLE | FOLIO: "TIJ-PED-20251107-0003" | IDPEDIDO: 25 | ARTICULO: 4001 | CANT_AUT: 100 | VOL_RENGLON: 20
2025-11-19 16:51:47 | DETALLE | FOLIO: "TIJ-PED-20251107-0003" | IDPEDIDO: 25 | ARTICULO: 4004 | CANT_AUT: 20 | VOL_RENGLON: 20
2025-11-19 16:51:47 | DETALLE | FOLIO: "TIJ-PED-20251107-0003" | IDPEDIDO: 25 | ARTICULO: 5501 | CANT_AUT: 50 | VOL_RENGLON: 50
2025-11-19 16:51:47 | DETALLE | FOLIO: "TIJ-PED-20251107-0003" | IDPEDIDO: 25 | ARTICULO: 5506 | CANT_AUT: 20 | VOL_RENGLON: 16
2025-11-19 16:51:47 | DETALLE | FOLIO: "TIJ-PED-20251107-0003" | IDPEDIDO: 25 | ARTICULO: 5511 | CANT_AUT: 15 | VOL_RENGLON: 240
2025-11-19 16:51:47 | DETALLE | FOLIO: "TIJ-PED-20251107-0003" | IDPEDIDO: 25 | ARTICULO: 8002 | CANT_AUT: 10 | VOL_RENGLON: 3
2025-11-19 16:51:47 | DETALLE | FOLIO: "TIJ-PED-20251107-0003" | IDPEDIDO: 25 | ARTICULO: 8015 | CANT_AUT: 2 | VOL_RENGLON: 0.6
2025-11-19 16:51:47 | DETALLE | FOLIO: "TIJ-PED-20251107-0003" | IDPEDIDO: 25 | ARTICULO: 8027 | CANT_AUT: 3 | VOL_RENGLON: 0.42
2025-11-19 16:51:47 | DETALLE | FOLIO: "TIJ-PED-20251107-0003" | IDPEDIDO: 25 | ARTICULO: 9002 | CANT_AUT: 25 | VOL_RENGLON: 6.25
2025-11-19 16:51:47 | DETALLE | FOLIO: "TIJ-PED-20251107-0003" | IDPEDIDO: 25 | ARTICULO: 9003 | CANT_AUT: 25 | VOL_RENGLON: 6.25
2025-11-19 16:51:47 | DETALLE | FOLIO: "TIJ-PED-20251107-0003" | IDPEDIDO: 25 | ARTICULO: 9099 | CANT_AUT: 25 | VOL_RENGLON: 6.25
2025-11-19 16:51:47 | RESUMEN_DETALLES | ENVIADOS: 20 | OK: 20
2025-11-19 16:51:47 | ERROR_APROBAR | FOLIO: "TIJ-PED-20251107-0003" | IDPEDIDO: 25 | VOLUMEN_TOTAL: 521.67
2025-11-19 16:51:50 | RAW_POST: {"idPedido":"26","folio":"TIJ-PED-20251107-0004","peso_pedido":"352.920","cant_aut":{"1001":"20","1003":"8","1005":"1","2001":"2","2010":"15","2011":"2","2015":"2","2101":"2","3005":"20","3006":"12","3007":"12","3010":"7","3017":"20","4001":"50","4004":"15","4005":"8","5501":"20","5502":"3","5505":"10","5506":"10","8001":"2","8002":"2","8015":"2","8027":"26","9002":"20","9003":"20"},"peso_total":{"1001":"4.000","1003":"16.000","1005":"4.600","2001":"0.800","2010":"3.000","2011":"4.000","2015":"0.680","2101":"0.800","3005":"4.000","3006":"12.000","3007":"62.400","3010":"47.600","3017":"4.000","4001":"10.000","4004":"15.000","4005":"56.000","5501":"20.000","5502":"60.000","5505":"4.000","5506":"8.000","8001":"0.600","8002":"0.600","8015":"0.600","8027":"3.640","9002":"5.000","9003":"5.000"}}
2025-11-19 16:51:50 | DETALLE | FOLIO: "TIJ-PED-20251107-0004" | IDPEDIDO: 26 | ARTICULO: 1001 | CANT_AUT: 20 | VOL_RENGLON: 4
2025-11-19 16:51:50 | DETALLE | FOLIO: "TIJ-PED-20251107-0004" | IDPEDIDO: 26 | ARTICULO: 1003 | CANT_AUT: 8 | VOL_RENGLON: 16
2025-11-19 16:51:50 | DETALLE | FOLIO: "TIJ-PED-20251107-0004" | IDPEDIDO: 26 | ARTICULO: 1005 | CANT_AUT: 1 | VOL_RENGLON: 4.6
2025-11-19 16:51:50 | DETALLE | FOLIO: "TIJ-PED-20251107-0004" | IDPEDIDO: 26 | ARTICULO: 2001 | CANT_AUT: 2 | VOL_RENGLON: 0.8
2025-11-19 16:51:50 | DETALLE | FOLIO: "TIJ-PED-20251107-0004" | IDPEDIDO: 26 | ARTICULO: 2010 | CANT_AUT: 15 | VOL_RENGLON: 3
2025-11-19 16:51:50 | DETALLE | FOLIO: "TIJ-PED-20251107-0004" | IDPEDIDO: 26 | ARTICULO: 2011 | CANT_AUT: 2 | VOL_RENGLON: 4
2025-11-19 16:51:50 | DETALLE | FOLIO: "TIJ-PED-20251107-0004" | IDPEDIDO: 26 | ARTICULO: 2015 | CANT_AUT: 2 | VOL_RENGLON: 0.68
2025-11-19 16:51:50 | DETALLE | FOLIO: "TIJ-PED-20251107-0004" | IDPEDIDO: 26 | ARTICULO: 2101 | CANT_AUT: 2 | VOL_RENGLON: 0.8
2025-11-19 16:51:50 | DETALLE | FOLIO: "TIJ-PED-20251107-0004" | IDPEDIDO: 26 | ARTICULO: 3005 | CANT_AUT: 20 | VOL_RENGLON: 4
2025-11-19 16:51:50 | DETALLE | FOLIO: "TIJ-PED-20251107-0004" | IDPEDIDO: 26 | ARTICULO: 3006 | CANT_AUT: 12 | VOL_RENGLON: 12
2025-11-19 16:51:50 | DETALLE | FOLIO: "TIJ-PED-20251107-0004" | IDPEDIDO: 26 | ARTICULO: 3007 | CANT_AUT: 12 | VOL_RENGLON: 62.4
2025-11-19 16:51:50 | DETALLE | FOLIO: "TIJ-PED-20251107-0004" | IDPEDIDO: 26 | ARTICULO: 3010 | CANT_AUT: 7 | VOL_RENGLON: 47.6
2025-11-19 16:51:50 | DETALLE | FOLIO: "TIJ-PED-20251107-0004" | IDPEDIDO: 26 | ARTICULO: 3017 | CANT_AUT: 20 | VOL_RENGLON: 4
2025-11-19 16:51:50 | DETALLE | FOLIO: "TIJ-PED-20251107-0004" | IDPEDIDO: 26 | ARTICULO: 4001 | CANT_AUT: 50 | VOL_RENGLON: 10
2025-11-19 16:51:50 | DETALLE | FOLIO: "TIJ-PED-20251107-0004" | IDPEDIDO: 26 | ARTICULO: 4004 | CANT_AUT: 15 | VOL_RENGLON: 15
2025-11-19 16:51:50 | DETALLE | FOLIO: "TIJ-PED-20251107-0004" | IDPEDIDO: 26 | ARTICULO: 4005 | CANT_AUT: 8 | VOL_RENGLON: 56
2025-11-19 16:51:50 | DETALLE | FOLIO: "TIJ-PED-20251107-0004" | IDPEDIDO: 26 | ARTICULO: 5501 | CANT_AUT: 20 | VOL_RENGLON: 20
2025-11-19 16:51:50 | DETALLE | FOLIO: "TIJ-PED-20251107-0004" | IDPEDIDO: 26 | ARTICULO: 5502 | CANT_AUT: 3 | VOL_RENGLON: 60
2025-11-19 16:51:50 | DETALLE | FOLIO: "TIJ-PED-20251107-0004" | IDPEDIDO: 26 | ARTICULO: 5505 | CANT_AUT: 10 | VOL_RENGLON: 4
2025-11-19 16:51:50 | DETALLE | FOLIO: "TIJ-PED-20251107-0004" | IDPEDIDO: 26 | ARTICULO: 5506 | CANT_AUT: 10 | VOL_RENGLON: 8
2025-11-19 16:51:50 | DETALLE | FOLIO: "TIJ-PED-20251107-0004" | IDPEDIDO: 26 | ARTICULO: 8001 | CANT_AUT: 2 | VOL_RENGLON: 0.6
2025-11-19 16:51:50 | DETALLE | FOLIO: "TIJ-PED-20251107-0004" | IDPEDIDO: 26 | ARTICULO: 8002 | CANT_AUT: 2 | VOL_RENGLON: 0.6
2025-11-19 16:51:50 | DETALLE | FOLIO: "TIJ-PED-20251107-0004" | IDPEDIDO: 26 | ARTICULO: 8015 | CANT_AUT: 2 | VOL_RENGLON: 0.6
2025-11-19 16:51:50 | DETALLE | FOLIO: "TIJ-PED-20251107-0004" | IDPEDIDO: 26 | ARTICULO: 8027 | CANT_AUT: 26 | VOL_RENGLON: 3.64
2025-11-19 16:51:50 | DETALLE | FOLIO: "TIJ-PED-20251107-0004" | IDPEDIDO: 26 | ARTICULO: 9002 | CANT_AUT: 20 | VOL_RENGLON: 5
2025-11-19 16:51:50 | DETALLE | FOLIO: "TIJ-PED-20251107-0004" | IDPEDIDO: 26 | ARTICULO: 9003 | CANT_AUT: 20 | VOL_RENGLON: 5
2025-11-19 16:51:50 | RESUMEN_DETALLES | ENVIADOS: 26 | OK: 26
2025-11-19 16:51:50 | ERROR_APROBAR | FOLIO: "TIJ-PED-20251107-0004" | IDPEDIDO: 26 | VOLUMEN_TOTAL: 352.92
2025-11-19 16:53:06 | RAW_POST: {"idPedido":"24","folio":"TIJ-PED-20251107-0002","peso_pedido":"381.800","cant_aut":{"1002":"0","2007":"3","2099":"40","3012":"10","3019":"7","4010":"10","4012":"10","5502":"10"},"peso_total":{"1002":"0.000","2007":"5.400","2099":"80.000","3012":"30.000","3019":"36.400","4010":"20.000","4012":"10.000","5502":"200.000"}}
2025-11-19 16:53:06 | DETALLE | FOLIO: "TIJ-PED-20251107-0002" | IDPEDIDO: 24 | ARTICULO: 1002 | CANT_AUT: 0 | VOL_RENGLON: 0
2025-11-19 16:53:06 | DETALLE | FOLIO: "TIJ-PED-20251107-0002" | IDPEDIDO: 24 | ARTICULO: 2007 | CANT_AUT: 3 | VOL_RENGLON: 5.4
2025-11-19 16:53:06 | DETALLE | FOLIO: "TIJ-PED-20251107-0002" | IDPEDIDO: 24 | ARTICULO: 2099 | CANT_AUT: 40 | VOL_RENGLON: 80
2025-11-19 16:53:06 | DETALLE | FOLIO: "TIJ-PED-20251107-0002" | IDPEDIDO: 24 | ARTICULO: 3012 | CANT_AUT: 10 | VOL_RENGLON: 30
2025-11-19 16:53:06 | DETALLE | FOLIO: "TIJ-PED-20251107-0002" | IDPEDIDO: 24 | ARTICULO: 3019 | CANT_AUT: 7 | VOL_RENGLON: 36.4
2025-11-19 16:53:06 | DETALLE | FOLIO: "TIJ-PED-20251107-0002" | IDPEDIDO: 24 | ARTICULO: 4010 | CANT_AUT: 10 | VOL_RENGLON: 20
2025-11-19 16:53:06 | DETALLE | FOLIO: "TIJ-PED-20251107-0002" | IDPEDIDO: 24 | ARTICULO: 4012 | CANT_AUT: 10 | VOL_RENGLON: 10
2025-11-19 16:53:06 | DETALLE | FOLIO: "TIJ-PED-20251107-0002" | IDPEDIDO: 24 | ARTICULO: 5502 | CANT_AUT: 10 | VOL_RENGLON: 200
2025-11-19 16:53:06 | RESUMEN_DETALLES | ENVIADOS: 8 | OK: 8
2025-11-19 16:53:06 | ERROR_APROBAR | FOLIO: "TIJ-PED-20251107-0002" | IDPEDIDO: 24 | VOLUMEN_TOTAL: 381.8
2025-11-19 16:54:05 | RAW_POST: {"idPedido":"23","folio":"TIJ-PED-20251107-0023","peso_pedido":"216.000","cant_aut":{"2014":"200"},"peso_total":{"2014":"216.000"}}
2025-11-19 16:54:05 | DETALLE | FOLIO: "TIJ-PED-20251107-0023" | IDPEDIDO: 23 | ARTICULO: 2014 | CANT_AUT: 200 | VOL_RENGLON: 216
2025-11-19 16:54:05 | RESUMEN_DETALLES | ENVIADOS: 1 | OK: 1
2025-11-19 16:54:05 | ERROR_APROBAR | FOLIO: "TIJ-PED-20251107-0023" | IDPEDIDO: 23 | VOLUMEN_TOTAL: 216
2025-11-19 17:32:42 | RAW_POST: {"idPedido":"26","folio":"TIJ-PED-20251107-0004","peso_pedido":"352.920","cant_aut":{"1001":"20","1003":"8","1005":"1","2001":"2","2010":"15","2011":"2","2015":"2","2101":"2","3005":"20","3006":"12","3007":"12","3010":"7","3017":"20","4001":"50","4004":"15","4005":"8","5501":"20","5502":"3","5505":"10","5506":"10","8001":"2","8002":"2","8015":"2","8027":"26","9002":"20","9003":"20"},"peso_total":{"1001":"4.000","1003":"16.000","1005":"4.600","2001":"0.800","2010":"3.000","2011":"4.000","2015":"0.680","2101":"0.800","3005":"4.000","3006":"12.000","3007":"62.400","3010":"47.600","3017":"4.000","4001":"10.000","4004":"15.000","4005":"56.000","5501":"20.000","5502":"60.000","5505":"4.000","5506":"8.000","8001":"0.600","8002":"0.600","8015":"0.600","8027":"3.640","9002":"5.000","9003":"5.000"}}
2025-11-19 17:32:42 | DETALLE | FOLIO: "TIJ-PED-20251107-0004" | IDPEDIDO: 26 | ARTICULO: 1001 | CANT_AUT: 20 | VOL_RENGLON: 4
2025-11-19 17:32:42 | DETALLE | FOLIO: "TIJ-PED-20251107-0004" | IDPEDIDO: 26 | ARTICULO: 1003 | CANT_AUT: 8 | VOL_RENGLON: 16
2025-11-19 17:32:42 | DETALLE | FOLIO: "TIJ-PED-20251107-0004" | IDPEDIDO: 26 | ARTICULO: 1005 | CANT_AUT: 1 | VOL_RENGLON: 4.6
2025-11-19 17:32:42 | DETALLE | FOLIO: "TIJ-PED-20251107-0004" | IDPEDIDO: 26 | ARTICULO: 2001 | CANT_AUT: 2 | VOL_RENGLON: 0.8
2025-11-19 17:32:42 | DETALLE | FOLIO: "TIJ-PED-20251107-0004" | IDPEDIDO: 26 | ARTICULO: 2010 | CANT_AUT: 15 | VOL_RENGLON: 3
2025-11-19 17:32:42 | DETALLE | FOLIO: "TIJ-PED-20251107-0004" | IDPEDIDO: 26 | ARTICULO: 2011 | CANT_AUT: 2 | VOL_RENGLON: 4
2025-11-19 17:32:42 | DETALLE | FOLIO: "TIJ-PED-20251107-0004" | IDPEDIDO: 26 | ARTICULO: 2015 | CANT_AUT: 2 | VOL_RENGLON: 0.68
2025-11-19 17:32:42 | DETALLE | FOLIO: "TIJ-PED-20251107-0004" | IDPEDIDO: 26 | ARTICULO: 2101 | CANT_AUT: 2 | VOL_RENGLON: 0.8
2025-11-19 17:32:42 | DETALLE | FOLIO: "TIJ-PED-20251107-0004" | IDPEDIDO: 26 | ARTICULO: 3005 | CANT_AUT: 20 | VOL_RENGLON: 4
2025-11-19 17:32:42 | DETALLE | FOLIO: "TIJ-PED-20251107-0004" | IDPEDIDO: 26 | ARTICULO: 3006 | CANT_AUT: 12 | VOL_RENGLON: 12
2025-11-19 17:32:42 | DETALLE | FOLIO: "TIJ-PED-20251107-0004" | IDPEDIDO: 26 | ARTICULO: 3007 | CANT_AUT: 12 | VOL_RENGLON: 62.4
2025-11-19 17:32:42 | DETALLE | FOLIO: "TIJ-PED-20251107-0004" | IDPEDIDO: 26 | ARTICULO: 3010 | CANT_AUT: 7 | VOL_RENGLON: 47.6
2025-11-19 17:32:42 | DETALLE | FOLIO: "TIJ-PED-20251107-0004" | IDPEDIDO: 26 | ARTICULO: 3017 | CANT_AUT: 20 | VOL_RENGLON: 4
2025-11-19 17:32:42 | DETALLE | FOLIO: "TIJ-PED-20251107-0004" | IDPEDIDO: 26 | ARTICULO: 4001 | CANT_AUT: 50 | VOL_RENGLON: 10
2025-11-19 17:32:42 | DETALLE | FOLIO: "TIJ-PED-20251107-0004" | IDPEDIDO: 26 | ARTICULO: 4004 | CANT_AUT: 15 | VOL_RENGLON: 15
2025-11-19 17:32:42 | DETALLE | FOLIO: "TIJ-PED-20251107-0004" | IDPEDIDO: 26 | ARTICULO: 4005 | CANT_AUT: 8 | VOL_RENGLON: 56
2025-11-19 17:32:42 | DETALLE | FOLIO: "TIJ-PED-20251107-0004" | IDPEDIDO: 26 | ARTICULO: 5501 | CANT_AUT: 20 | VOL_RENGLON: 20
2025-11-19 17:32:42 | DETALLE | FOLIO: "TIJ-PED-20251107-0004" | IDPEDIDO: 26 | ARTICULO: 5502 | CANT_AUT: 3 | VOL_RENGLON: 60
2025-11-19 17:32:42 | DETALLE | FOLIO: "TIJ-PED-20251107-0004" | IDPEDIDO: 26 | ARTICULO: 5505 | CANT_AUT: 10 | VOL_RENGLON: 4
2025-11-19 17:32:42 | DETALLE | FOLIO: "TIJ-PED-20251107-0004" | IDPEDIDO: 26 | ARTICULO: 5506 | CANT_AUT: 10 | VOL_RENGLON: 8
2025-11-19 17:32:42 | DETALLE | FOLIO: "TIJ-PED-20251107-0004" | IDPEDIDO: 26 | ARTICULO: 8001 | CANT_AUT: 2 | VOL_RENGLON: 0.6
2025-11-19 17:32:42 | DETALLE | FOLIO: "TIJ-PED-20251107-0004" | IDPEDIDO: 26 | ARTICULO: 8002 | CANT_AUT: 2 | VOL_RENGLON: 0.6
2025-11-19 17:32:42 | DETALLE | FOLIO: "TIJ-PED-20251107-0004" | IDPEDIDO: 26 | ARTICULO: 8015 | CANT_AUT: 2 | VOL_RENGLON: 0.6
2025-11-19 17:32:42 | DETALLE | FOLIO: "TIJ-PED-20251107-0004" | IDPEDIDO: 26 | ARTICULO: 8027 | CANT_AUT: 26 | VOL_RENGLON: 3.64
2025-11-19 17:32:42 | DETALLE | FOLIO: "TIJ-PED-20251107-0004" | IDPEDIDO: 26 | ARTICULO: 9002 | CANT_AUT: 20 | VOL_RENGLON: 5
2025-11-19 17:32:42 | DETALLE | FOLIO: "TIJ-PED-20251107-0004" | IDPEDIDO: 26 | ARTICULO: 9003 | CANT_AUT: 20 | VOL_RENGLON: 5
2025-11-19 17:32:42 | RESUMEN_DETALLES | ENVIADOS: 26 | OK: 26
2025-11-19 17:32:42 | ERROR_APROBAR | FOLIO: "TIJ-PED-20251107-0004" | IDPEDIDO: 26 | VOLUMEN_TOTAL: 352.92
2025-11-19 18:17:58 | RAW_POST: {"idPedido":"25","folio":"TIJ-PED-20251107-0003","peso_pedido":"521.670"}
2025-11-19 18:17:58 | ERROR_DATOS | FOLIO: "TIJ-PED-20251107-0003" | IDPEDIDO: 25 | CANTIDADES: []
2025-11-19 18:19:25 | RAW_POST: {"idPedido":"25","folio":"TIJ-PED-20251107-0003","peso_pedido":"521.670","cant_aut":{"1001":"15","1002":"20","1003":"25","1005":"5","2015":"15","3005":"50","3006":"15","3007":"4","3012":"2","4001":"100","4004":"20","5501":"50","5506":"20","5511":"15","8002":"10","8015":"2","8027":"3","9002":"25","9003":"25","9099":"25"},"peso_total":{"1001":"3.000","1002":"20.000","1003":"50.000","1005":"23.000","2015":"5.100","3005":"10.000","3006":"15.000","3007":"20.800","3012":"6.000","4001":"20.000","4004":"20.000","5501":"50.000","5506":"16.000","5511":"240.000","8002":"3.000","8015":"0.600","8027":"0.420","9002":"6.250","9003":"6.250","9099":"6.250"}}
2025-11-19 18:19:25 | DETALLE | FOLIO: "TIJ-PED-20251107-0003" | IDPEDIDO: 25 | ARTICULO: 1001 | CANT_AUT: 15 | VOL_RENGLON: 3
2025-11-19 18:19:25 | DETALLE | FOLIO: "TIJ-PED-20251107-0003" | IDPEDIDO: 25 | ARTICULO: 1002 | CANT_AUT: 20 | VOL_RENGLON: 20
2025-11-19 18:19:25 | DETALLE | FOLIO: "TIJ-PED-20251107-0003" | IDPEDIDO: 25 | ARTICULO: 1003 | CANT_AUT: 25 | VOL_RENGLON: 50
2025-11-19 18:19:25 | DETALLE | FOLIO: "TIJ-PED-20251107-0003" | IDPEDIDO: 25 | ARTICULO: 1005 | CANT_AUT: 5 | VOL_RENGLON: 23
2025-11-19 18:19:25 | DETALLE | FOLIO: "TIJ-PED-20251107-0003" | IDPEDIDO: 25 | ARTICULO: 2015 | CANT_AUT: 15 | VOL_RENGLON: 5.1
2025-11-19 18:19:25 | DETALLE | FOLIO: "TIJ-PED-20251107-0003" | IDPEDIDO: 25 | ARTICULO: 3005 | CANT_AUT: 50 | VOL_RENGLON: 10
2025-11-19 18:19:25 | DETALLE | FOLIO: "TIJ-PED-20251107-0003" | IDPEDIDO: 25 | ARTICULO: 3006 | CANT_AUT: 15 | VOL_RENGLON: 15
2025-11-19 18:19:25 | DETALLE | FOLIO: "TIJ-PED-20251107-0003" | IDPEDIDO: 25 | ARTICULO: 3007 | CANT_AUT: 4 | VOL_RENGLON: 20.8
2025-11-19 18:19:25 | DETALLE | FOLIO: "TIJ-PED-20251107-0003" | IDPEDIDO: 25 | ARTICULO: 3012 | CANT_AUT: 2 | VOL_RENGLON: 6
2025-11-19 18:19:25 | DETALLE | FOLIO: "TIJ-PED-20251107-0003" | IDPEDIDO: 25 | ARTICULO: 4001 | CANT_AUT: 100 | VOL_RENGLON: 20
2025-11-19 18:19:25 | DETALLE | FOLIO: "TIJ-PED-20251107-0003" | IDPEDIDO: 25 | ARTICULO: 4004 | CANT_AUT: 20 | VOL_RENGLON: 20
2025-11-19 18:19:25 | DETALLE | FOLIO: "TIJ-PED-20251107-0003" | IDPEDIDO: 25 | ARTICULO: 5501 | CANT_AUT: 50 | VOL_RENGLON: 50
2025-11-19 18:19:25 | DETALLE | FOLIO: "TIJ-PED-20251107-0003" | IDPEDIDO: 25 | ARTICULO: 5506 | CANT_AUT: 20 | VOL_RENGLON: 16
2025-11-19 18:19:25 | DETALLE | FOLIO: "TIJ-PED-20251107-0003" | IDPEDIDO: 25 | ARTICULO: 5511 | CANT_AUT: 15 | VOL_RENGLON: 240
2025-11-19 18:19:25 | DETALLE | FOLIO: "TIJ-PED-20251107-0003" | IDPEDIDO: 25 | ARTICULO: 8002 | CANT_AUT: 10 | VOL_RENGLON: 3
2025-11-19 18:19:25 | DETALLE | FOLIO: "TIJ-PED-20251107-0003" | IDPEDIDO: 25 | ARTICULO: 8015 | CANT_AUT: 2 | VOL_RENGLON: 0.6
2025-11-19 18:19:25 | DETALLE | FOLIO: "TIJ-PED-20251107-0003" | IDPEDIDO: 25 | ARTICULO: 8027 | CANT_AUT: 3 | VOL_RENGLON: 0.42
2025-11-19 18:19:25 | DETALLE | FOLIO: "TIJ-PED-20251107-0003" | IDPEDIDO: 25 | ARTICULO: 9002 | CANT_AUT: 25 | VOL_RENGLON: 6.25
2025-11-19 18:19:25 | DETALLE | FOLIO: "TIJ-PED-20251107-0003" | IDPEDIDO: 25 | ARTICULO: 9003 | CANT_AUT: 25 | VOL_RENGLON: 6.25
2025-11-19 18:19:25 | DETALLE | FOLIO: "TIJ-PED-20251107-0003" | IDPEDIDO: 25 | ARTICULO: 9099 | CANT_AUT: 25 | VOL_RENGLON: 6.25
2025-11-19 18:19:25 | RESUMEN_DETALLES | ENVIADOS: 20 | OK: 20
2025-11-19 18:19:25 | ERROR_APROBAR | FOLIO: "TIJ-PED-20251107-0003" | IDPEDIDO: 25 | VOLUMEN_TOTAL: 521.67
2025-11-19 18:29:46 | RAW_POST: {"folio":"TIJ-PED-20251107-0023","peso_pedido":"540.000","cant_aut":{"2014":"500"},"peso_total":{"2014":"540.000"}}
2025-11-19 18:29:46 | ERROR_DATOS | FOLIO: "TIJ-PED-20251107-0023" | IDPEDIDO: 0 | CANTIDADES: {"2014":"500"}
2025-11-19 18:35:45 | RAW_POST: {"idPedido":"23","folio":"TIJ-PED-20251107-0023","peso_pedido":"540.000","cant_aut":{"2014":"500"},"peso_total":{"2014":"540.000"}}
2025-11-19 18:35:45 | DETALLE | FOLIO: "TIJ-PED-20251107-0023" | IDPEDIDO: 23 | ARTICULO: 2014 | CANT_AUT: 500 | VOL_RENGLON: 540
2025-11-19 18:35:45 | RESUMEN_DETALLES | ENVIADOS: 1 | OK: 1
2025-11-19 18:35:45 | ERROR_APROBAR | FOLIO: "TIJ-PED-20251107-0023" | IDPEDIDO: 23 | VOLUMEN_TOTAL: 540
2025-11-19 18:36:12 | RAW_POST: {"idPedido":"25","folio":"TIJ-PED-20251107-0003","peso_pedido":"521.670","cant_aut":{"1001":"15","1002":"20","1003":"25","1005":"5","2015":"15","3005":"50","3006":"15","3007":"4","3012":"2","4001":"100","4004":"20","5501":"50","5506":"20","5511":"15","8002":"10","8015":"2","8027":"3","9002":"25","9003":"25","9099":"25"},"peso_total":{"1001":"3.000","1002":"20.000","1003":"50.000","1005":"23.000","2015":"5.100","3005":"10.000","3006":"15.000","3007":"20.800","3012":"6.000","4001":"20.000","4004":"20.000","5501":"50.000","5506":"16.000","5511":"240.000","8002":"3.000","8015":"0.600","8027":"0.420","9002":"6.250","9003":"6.250","9099":"6.250"}}
2025-11-19 18:36:12 | DETALLE | FOLIO: "TIJ-PED-20251107-0003" | IDPEDIDO: 25 | ARTICULO: 1001 | CANT_AUT: 15 | VOL_RENGLON: 3
2025-11-19 18:36:12 | DETALLE | FOLIO: "TIJ-PED-20251107-0003" | IDPEDIDO: 25 | ARTICULO: 1002 | CANT_AUT: 20 | VOL_RENGLON: 20
2025-11-19 18:36:12 | DETALLE | FOLIO: "TIJ-PED-20251107-0003" | IDPEDIDO: 25 | ARTICULO: 1003 | CANT_AUT: 25 | VOL_RENGLON: 50
2025-11-19 18:36:12 | DETALLE | FOLIO: "TIJ-PED-20251107-0003" | IDPEDIDO: 25 | ARTICULO: 1005 | CANT_AUT: 5 | VOL_RENGLON: 23
2025-11-19 18:36:12 | DETALLE | FOLIO: "TIJ-PED-20251107-0003" | IDPEDIDO: 25 | ARTICULO: 2015 | CANT_AUT: 15 | VOL_RENGLON: 5.1
2025-11-19 18:36:12 | DETALLE | FOLIO: "TIJ-PED-20251107-0003" | IDPEDIDO: 25 | ARTICULO: 3005 | CANT_AUT: 50 | VOL_RENGLON: 10
2025-11-19 18:36:12 | DETALLE | FOLIO: "TIJ-PED-20251107-0003" | IDPEDIDO: 25 | ARTICULO: 3006 | CANT_AUT: 15 | VOL_RENGLON: 15
2025-11-19 18:36:12 | DETALLE | FOLIO: "TIJ-PED-20251107-0003" | IDPEDIDO: 25 | ARTICULO: 3007 | CANT_AUT: 4 | VOL_RENGLON: 20.8
2025-11-19 18:36:12 | DETALLE | FOLIO: "TIJ-PED-20251107-0003" | IDPEDIDO: 25 | ARTICULO: 3012 | CANT_AUT: 2 | VOL_RENGLON: 6
2025-11-19 18:36:12 | DETALLE | FOLIO: "TIJ-PED-20251107-0003" | IDPEDIDO: 25 | ARTICULO: 4001 | CANT_AUT: 100 | VOL_RENGLON: 20
2025-11-19 18:36:12 | DETALLE | FOLIO: "TIJ-PED-20251107-0003" | IDPEDIDO: 25 | ARTICULO: 4004 | CANT_AUT: 20 | VOL_RENGLON: 20
2025-11-19 18:36:12 | DETALLE | FOLIO: "TIJ-PED-20251107-0003" | IDPEDIDO: 25 | ARTICULO: 5501 | CANT_AUT: 50 | VOL_RENGLON: 50
2025-11-19 18:36:12 | DETALLE | FOLIO: "TIJ-PED-20251107-0003" | IDPEDIDO: 25 | ARTICULO: 5506 | CANT_AUT: 20 | VOL_RENGLON: 16
2025-11-19 18:36:12 | DETALLE | FOLIO: "TIJ-PED-20251107-0003" | IDPEDIDO: 25 | ARTICULO: 5511 | CANT_AUT: 15 | VOL_RENGLON: 240
2025-11-19 18:36:12 | DETALLE | FOLIO: "TIJ-PED-20251107-0003" | IDPEDIDO: 25 | ARTICULO: 8002 | CANT_AUT: 10 | VOL_RENGLON: 3
2025-11-19 18:36:12 | DETALLE | FOLIO: "TIJ-PED-20251107-0003" | IDPEDIDO: 25 | ARTICULO: 8015 | CANT_AUT: 2 | VOL_RENGLON: 0.6
2025-11-19 18:36:12 | DETALLE | FOLIO: "TIJ-PED-20251107-0003" | IDPEDIDO: 25 | ARTICULO: 8027 | CANT_AUT: 3 | VOL_RENGLON: 0.42
2025-11-19 18:36:12 | DETALLE | FOLIO: "TIJ-PED-20251107-0003" | IDPEDIDO: 25 | ARTICULO: 9002 | CANT_AUT: 25 | VOL_RENGLON: 6.25
2025-11-19 18:36:12 | DETALLE | FOLIO: "TIJ-PED-20251107-0003" | IDPEDIDO: 25 | ARTICULO: 9003 | CANT_AUT: 25 | VOL_RENGLON: 6.25
2025-11-19 18:36:12 | DETALLE | FOLIO: "TIJ-PED-20251107-0003" | IDPEDIDO: 25 | ARTICULO: 9099 | CANT_AUT: 25 | VOL_RENGLON: 6.25
2025-11-19 18:36:12 | RESUMEN_DETALLES | ENVIADOS: 20 | OK: 20
2025-11-19 18:36:12 | ERROR_APROBAR | FOLIO: "TIJ-PED-20251107-0003" | IDPEDIDO: 25 | VOLUMEN_TOTAL: 521.67
2025-11-19 18:36:34 | RAW_POST: {"idPedido":"24","folio":"TIJ-PED-20251107-0002","peso_pedido":"461.000","cant_aut":{"1002":"100","2007":"3","2099":"40","3012":"10","3019":"3","4010":"10","4012":"10","5502":"10"},"peso_total":{"1002":"100.000","2007":"5.400","2099":"80.000","3012":"30.000","3019":"15.600","4010":"20.000","4012":"10.000","5502":"200.000"}}
2025-11-19 18:36:34 | DETALLE | FOLIO: "TIJ-PED-20251107-0002" | IDPEDIDO: 24 | ARTICULO: 1002 | CANT_AUT: 100 | VOL_RENGLON: 100
2025-11-19 18:36:34 | DETALLE | FOLIO: "TIJ-PED-20251107-0002" | IDPEDIDO: 24 | ARTICULO: 2007 | CANT_AUT: 3 | VOL_RENGLON: 5.4
2025-11-19 18:36:34 | DETALLE | FOLIO: "TIJ-PED-20251107-0002" | IDPEDIDO: 24 | ARTICULO: 2099 | CANT_AUT: 40 | VOL_RENGLON: 80
2025-11-19 18:36:34 | DETALLE | FOLIO: "TIJ-PED-20251107-0002" | IDPEDIDO: 24 | ARTICULO: 3012 | CANT_AUT: 10 | VOL_RENGLON: 30
2025-11-19 18:36:34 | DETALLE | FOLIO: "TIJ-PED-20251107-0002" | IDPEDIDO: 24 | ARTICULO: 3019 | CANT_AUT: 3 | VOL_RENGLON: 15.6
2025-11-19 18:36:34 | DETALLE | FOLIO: "TIJ-PED-20251107-0002" | IDPEDIDO: 24 | ARTICULO: 4010 | CANT_AUT: 10 | VOL_RENGLON: 20
2025-11-19 18:36:34 | DETALLE | FOLIO: "TIJ-PED-20251107-0002" | IDPEDIDO: 24 | ARTICULO: 4012 | CANT_AUT: 10 | VOL_RENGLON: 10
2025-11-19 18:36:34 | DETALLE | FOLIO: "TIJ-PED-20251107-0002" | IDPEDIDO: 24 | ARTICULO: 5502 | CANT_AUT: 10 | VOL_RENGLON: 200
2025-11-19 18:36:34 | RESUMEN_DETALLES | ENVIADOS: 8 | OK: 8
2025-11-19 18:36:34 | ERROR_APROBAR | FOLIO: "TIJ-PED-20251107-0002" | IDPEDIDO: 24 | VOLUMEN_TOTAL: 461
2025-11-19 18:53:50 | RAW_POST: {"idPedido":"26","folio":"TIJ-PED-20251107-0004","peso_pedido":"352.920","cant_aut":{"1001":"20","1003":"8","1005":"1","2001":"2","2010":"15","2011":"2","2015":"2","2101":"2","3005":"20","3006":"12","3007":"12","3010":"7","3017":"20","4001":"50","4004":"15","4005":"8","5501":"20","5502":"3","5505":"10","5506":"10","8001":"2","8002":"2","8015":"2","8027":"26","9002":"20","9003":"20"},"peso_total":{"1001":"4.000","1003":"16.000","1005":"4.600","2001":"0.800","2010":"3.000","2011":"4.000","2015":"0.680","2101":"0.800","3005":"4.000","3006":"12.000","3007":"62.400","3010":"47.600","3017":"4.000","4001":"10.000","4004":"15.000","4005":"56.000","5501":"20.000","5502":"60.000","5505":"4.000","5506":"8.000","8001":"0.600","8002":"0.600","8015":"0.600","8027":"3.640","9002":"5.000","9003":"5.000"}}
2025-11-19 18:53:50 | DETALLE | FOLIO: "TIJ-PED-20251107-0004" | IDPEDIDO: 26 | ARTICULO: 1001 | CANT_AUT: 20 | VOL_RENGLON: 4
2025-11-19 18:53:50 | DETALLE | FOLIO: "TIJ-PED-20251107-0004" | IDPEDIDO: 26 | ARTICULO: 1003 | CANT_AUT: 8 | VOL_RENGLON: 16
2025-11-19 18:53:50 | DETALLE | FOLIO: "TIJ-PED-20251107-0004" | IDPEDIDO: 26 | ARTICULO: 1005 | CANT_AUT: 1 | VOL_RENGLON: 4.6
2025-11-19 18:53:50 | DETALLE | FOLIO: "TIJ-PED-20251107-0004" | IDPEDIDO: 26 | ARTICULO: 2001 | CANT_AUT: 2 | VOL_RENGLON: 0.8
2025-11-19 18:53:50 | DETALLE | FOLIO: "TIJ-PED-20251107-0004" | IDPEDIDO: 26 | ARTICULO: 2010 | CANT_AUT: 15 | VOL_RENGLON: 3
2025-11-19 18:53:50 | DETALLE | FOLIO: "TIJ-PED-20251107-0004" | IDPEDIDO: 26 | ARTICULO: 2011 | CANT_AUT: 2 | VOL_RENGLON: 4
2025-11-19 18:53:50 | DETALLE | FOLIO: "TIJ-PED-20251107-0004" | IDPEDIDO: 26 | ARTICULO: 2015 | CANT_AUT: 2 | VOL_RENGLON: 0.68
2025-11-19 18:53:50 | DETALLE | FOLIO: "TIJ-PED-20251107-0004" | IDPEDIDO: 26 | ARTICULO: 2101 | CANT_AUT: 2 | VOL_RENGLON: 0.8
2025-11-19 18:53:50 | DETALLE | FOLIO: "TIJ-PED-20251107-0004" | IDPEDIDO: 26 | ARTICULO: 3005 | CANT_AUT: 20 | VOL_RENGLON: 4
2025-11-19 18:53:50 | DETALLE | FOLIO: "TIJ-PED-20251107-0004" | IDPEDIDO: 26 | ARTICULO: 3006 | CANT_AUT: 12 | VOL_RENGLON: 12
2025-11-19 18:53:50 | DETALLE | FOLIO: "TIJ-PED-20251107-0004" | IDPEDIDO: 26 | ARTICULO: 3007 | CANT_AUT: 12 | VOL_RENGLON: 62.4
2025-11-19 18:53:50 | DETALLE | FOLIO: "TIJ-PED-20251107-0004" | IDPEDIDO: 26 | ARTICULO: 3010 | CANT_AUT: 7 | VOL_RENGLON: 47.6
2025-11-19 18:53:50 | DETALLE | FOLIO: "TIJ-PED-20251107-0004" | IDPEDIDO: 26 | ARTICULO: 3017 | CANT_AUT: 20 | VOL_RENGLON: 4
2025-11-19 18:53:50 | DETALLE | FOLIO: "TIJ-PED-20251107-0004" | IDPEDIDO: 26 | ARTICULO: 4001 | CANT_AUT: 50 | VOL_RENGLON: 10
2025-11-19 18:53:50 | DETALLE | FOLIO: "TIJ-PED-20251107-0004" | IDPEDIDO: 26 | ARTICULO: 4004 | CANT_AUT: 15 | VOL_RENGLON: 15
2025-11-19 18:53:50 | DETALLE | FOLIO: "TIJ-PED-20251107-0004" | IDPEDIDO: 26 | ARTICULO: 4005 | CANT_AUT: 8 | VOL_RENGLON: 56
2025-11-19 18:53:50 | DETALLE | FOLIO: "TIJ-PED-20251107-0004" | IDPEDIDO: 26 | ARTICULO: 5501 | CANT_AUT: 20 | VOL_RENGLON: 20
2025-11-19 18:53:50 | DETALLE | FOLIO: "TIJ-PED-20251107-0004" | IDPEDIDO: 26 | ARTICULO: 5502 | CANT_AUT: 3 | VOL_RENGLON: 60
2025-11-19 18:53:50 | DETALLE | FOLIO: "TIJ-PED-20251107-0004" | IDPEDIDO: 26 | ARTICULO: 5505 | CANT_AUT: 10 | VOL_RENGLON: 4
2025-11-19 18:53:50 | DETALLE | FOLIO: "TIJ-PED-20251107-0004" | IDPEDIDO: 26 | ARTICULO: 5506 | CANT_AUT: 10 | VOL_RENGLON: 8
2025-11-19 18:53:50 | DETALLE | FOLIO: "TIJ-PED-20251107-0004" | IDPEDIDO: 26 | ARTICULO: 8001 | CANT_AUT: 2 | VOL_RENGLON: 0.6
2025-11-19 18:53:50 | DETALLE | FOLIO: "TIJ-PED-20251107-0004" | IDPEDIDO: 26 | ARTICULO: 8002 | CANT_AUT: 2 | VOL_RENGLON: 0.6
2025-11-19 18:53:50 | DETALLE | FOLIO: "TIJ-PED-20251107-0004" | IDPEDIDO: 26 | ARTICULO: 8015 | CANT_AUT: 2 | VOL_RENGLON: 0.6
2025-11-19 18:53:50 | DETALLE | FOLIO: "TIJ-PED-20251107-0004" | IDPEDIDO: 26 | ARTICULO: 8027 | CANT_AUT: 26 | VOL_RENGLON: 3.64
2025-11-19 18:53:50 | DETALLE | FOLIO: "TIJ-PED-20251107-0004" | IDPEDIDO: 26 | ARTICULO: 9002 | CANT_AUT: 20 | VOL_RENGLON: 5
2025-11-19 18:53:50 | DETALLE | FOLIO: "TIJ-PED-20251107-0004" | IDPEDIDO: 26 | ARTICULO: 9003 | CANT_AUT: 20 | VOL_RENGLON: 5
2025-11-19 18:53:50 | RESUMEN_DETALLES | ENVIADOS: 26 | OK: 26
2025-11-19 18:53:50 | ERROR_APROBAR | FOLIO: "TIJ-PED-20251107-0004" | IDPEDIDO: 26 | VOLUMEN_TOTAL: 352.92
2025-11-19 18:54:56 | RAW_POST: {"idPedido":"23","folio":"TIJ-PED-20251107-0023","peso_pedido":"540.000","cant_aut":{"2014":"500"},"peso_total":{"2014":"540.000"}}


==========================
2025-11-19 18:54:56 | DATA RECIBIDA EN surtir
FOLIO: "TIJ-PED-20251107-0023"
IDPEDIDO: 23
USUARIO: 106
PESO_PEDIDO: 540
CANTIDADES: {"2014":"500"}
PESO_TOTAL: {"2014":"540.000"}
RAW_POST: {"idPedido":"23","folio":"TIJ-PED-20251107-0023","peso_pedido":"540.000","cant_aut":{"2014":"500"},"peso_total":{"2014":"540.000"}}
==========================
2025-11-19 18:54:56 | RESUMEN_DETALLES | ENVIADOS: 1 | OK: 1
2025-11-19 18:54:56 | ERROR_APROBAR | FOLIO: "TIJ-PED-20251107-0023" | IDPEDIDO: 23 | VOLUMEN_TOTAL: 540
2025-11-19 18:55:17 | RAW_POST: {"idPedido":"24","folio":"TIJ-PED-20251107-0002","peso_pedido":"481.800","cant_aut":{"1002":"100","2007":"3","2099":"40","3012":"10","3019":"7","4010":"10","4012":"10","5502":"10"},"peso_total":{"1002":"100.000","2007":"5.400","2099":"80.000","3012":"30.000","3019":"36.400","4010":"20.000","4012":"10.000","5502":"200.000"}}


==========================
2025-11-19 18:55:17 | DATA RECIBIDA EN surtir
FOLIO: "TIJ-PED-20251107-0002"
IDPEDIDO: 24
USUARIO: 106
PESO_PEDIDO: 481.8
CANTIDADES: {"1002":"100","2007":"3","2099":"40","3012":"10","3019":"7","4010":"10","4012":"10","5502":"10"}
PESO_TOTAL: {"1002":"100.000","2007":"5.400","2099":"80.000","3012":"30.000","3019":"36.400","4010":"20.000","4012":"10.000","5502":"200.000"}
RAW_POST: {"idPedido":"24","folio":"TIJ-PED-20251107-0002","peso_pedido":"481.800","cant_aut":{"1002":"100","2007":"3","2099":"40","3012":"10","3019":"7","4010":"10","4012":"10","5502":"10"},"peso_total":{"1002":"100.000","2007":"5.400","2099":"80.000","3012":"30.000","3019":"36.400","4010":"20.000","4012":"10.000","5502":"200.000"}}
==========================


==========================
2025-11-19 18:55:17 | DATA RECIBIDA EN surtir
FOLIO: "TIJ-PED-20251107-0002"
IDPEDIDO: 24
USUARIO: 106
PESO_PEDIDO: 481.8
CANTIDADES: {"1002":"100","2007":"3","2099":"40","3012":"10","3019":"7","4010":"10","4012":"10","5502":"10"}
PESO_TOTAL: {"1002":"100.000","2007":"5.400","2099":"80.000","3012":"30.000","3019":"36.400","4010":"20.000","4012":"10.000","5502":"200.000"}
RAW_POST: {"idPedido":"24","folio":"TIJ-PED-20251107-0002","peso_pedido":"481.800","cant_aut":{"1002":"100","2007":"3","2099":"40","3012":"10","3019":"7","4010":"10","4012":"10","5502":"10"},"peso_total":{"1002":"100.000","2007":"5.400","2099":"80.000","3012":"30.000","3019":"36.400","4010":"20.000","4012":"10.000","5502":"200.000"}}
==========================


==========================
2025-11-19 18:55:17 | DATA RECIBIDA EN surtir
FOLIO: "TIJ-PED-20251107-0002"
IDPEDIDO: 24
USUARIO: 106
PESO_PEDIDO: 481.8
CANTIDADES: {"1002":"100","2007":"3","2099":"40","3012":"10","3019":"7","4010":"10","4012":"10","5502":"10"}
PESO_TOTAL: {"1002":"100.000","2007":"5.400","2099":"80.000","3012":"30.000","3019":"36.400","4010":"20.000","4012":"10.000","5502":"200.000"}
RAW_POST: {"idPedido":"24","folio":"TIJ-PED-20251107-0002","peso_pedido":"481.800","cant_aut":{"1002":"100","2007":"3","2099":"40","3012":"10","3019":"7","4010":"10","4012":"10","5502":"10"},"peso_total":{"1002":"100.000","2007":"5.400","2099":"80.000","3012":"30.000","3019":"36.400","4010":"20.000","4012":"10.000","5502":"200.000"}}
==========================


==========================
2025-11-19 18:55:17 | DATA RECIBIDA EN surtir
FOLIO: "TIJ-PED-20251107-0002"
IDPEDIDO: 24
USUARIO: 106
PESO_PEDIDO: 481.8
CANTIDADES: {"1002":"100","2007":"3","2099":"40","3012":"10","3019":"7","4010":"10","4012":"10","5502":"10"}
PESO_TOTAL: {"1002":"100.000","2007":"5.400","2099":"80.000","3012":"30.000","3019":"36.400","4010":"20.000","4012":"10.000","5502":"200.000"}
RAW_POST: {"idPedido":"24","folio":"TIJ-PED-20251107-0002","peso_pedido":"481.800","cant_aut":{"1002":"100","2007":"3","2099":"40","3012":"10","3019":"7","4010":"10","4012":"10","5502":"10"},"peso_total":{"1002":"100.000","2007":"5.400","2099":"80.000","3012":"30.000","3019":"36.400","4010":"20.000","4012":"10.000","5502":"200.000"}}
==========================


==========================
2025-11-19 18:55:17 | DATA RECIBIDA EN surtir
FOLIO: "TIJ-PED-20251107-0002"
IDPEDIDO: 24
USUARIO: 106
PESO_PEDIDO: 481.8
CANTIDADES: {"1002":"100","2007":"3","2099":"40","3012":"10","3019":"7","4010":"10","4012":"10","5502":"10"}
PESO_TOTAL: {"1002":"100.000","2007":"5.400","2099":"80.000","3012":"30.000","3019":"36.400","4010":"20.000","4012":"10.000","5502":"200.000"}
RAW_POST: {"idPedido":"24","folio":"TIJ-PED-20251107-0002","peso_pedido":"481.800","cant_aut":{"1002":"100","2007":"3","2099":"40","3012":"10","3019":"7","4010":"10","4012":"10","5502":"10"},"peso_total":{"1002":"100.000","2007":"5.400","2099":"80.000","3012":"30.000","3019":"36.400","4010":"20.000","4012":"10.000","5502":"200.000"}}
==========================


==========================
2025-11-19 18:55:17 | DATA RECIBIDA EN surtir
FOLIO: "TIJ-PED-20251107-0002"
IDPEDIDO: 24
USUARIO: 106
PESO_PEDIDO: 481.8
CANTIDADES: {"1002":"100","2007":"3","2099":"40","3012":"10","3019":"7","4010":"10","4012":"10","5502":"10"}
PESO_TOTAL: {"1002":"100.000","2007":"5.400","2099":"80.000","3012":"30.000","3019":"36.400","4010":"20.000","4012":"10.000","5502":"200.000"}
RAW_POST: {"idPedido":"24","folio":"TIJ-PED-20251107-0002","peso_pedido":"481.800","cant_aut":{"1002":"100","2007":"3","2099":"40","3012":"10","3019":"7","4010":"10","4012":"10","5502":"10"},"peso_total":{"1002":"100.000","2007":"5.400","2099":"80.000","3012":"30.000","3019":"36.400","4010":"20.000","4012":"10.000","5502":"200.000"}}
==========================


==========================
2025-11-19 18:55:17 | DATA RECIBIDA EN surtir
FOLIO: "TIJ-PED-20251107-0002"
IDPEDIDO: 24
USUARIO: 106
PESO_PEDIDO: 481.8
CANTIDADES: {"1002":"100","2007":"3","2099":"40","3012":"10","3019":"7","4010":"10","4012":"10","5502":"10"}
PESO_TOTAL: {"1002":"100.000","2007":"5.400","2099":"80.000","3012":"30.000","3019":"36.400","4010":"20.000","4012":"10.000","5502":"200.000"}
RAW_POST: {"idPedido":"24","folio":"TIJ-PED-20251107-0002","peso_pedido":"481.800","cant_aut":{"1002":"100","2007":"3","2099":"40","3012":"10","3019":"7","4010":"10","4012":"10","5502":"10"},"peso_total":{"1002":"100.000","2007":"5.400","2099":"80.000","3012":"30.000","3019":"36.400","4010":"20.000","4012":"10.000","5502":"200.000"}}
==========================


==========================
2025-11-19 18:55:17 | DATA RECIBIDA EN surtir
FOLIO: "TIJ-PED-20251107-0002"
IDPEDIDO: 24
USUARIO: 106
PESO_PEDIDO: 481.8
CANTIDADES: {"1002":"100","2007":"3","2099":"40","3012":"10","3019":"7","4010":"10","4012":"10","5502":"10"}
PESO_TOTAL: {"1002":"100.000","2007":"5.400","2099":"80.000","3012":"30.000","3019":"36.400","4010":"20.000","4012":"10.000","5502":"200.000"}
RAW_POST: {"idPedido":"24","folio":"TIJ-PED-20251107-0002","peso_pedido":"481.800","cant_aut":{"1002":"100","2007":"3","2099":"40","3012":"10","3019":"7","4010":"10","4012":"10","5502":"10"},"peso_total":{"1002":"100.000","2007":"5.400","2099":"80.000","3012":"30.000","3019":"36.400","4010":"20.000","4012":"10.000","5502":"200.000"}}
==========================
2025-11-19 18:55:17 | RESUMEN_DETALLES | ENVIADOS: 8 | OK: 8
2025-11-19 18:55:17 | ERROR_APROBAR | FOLIO: "TIJ-PED-20251107-0002" | IDPEDIDO: 24 | VOLUMEN_TOTAL: 481.8
2025-11-19 18:55:54 | RAW_POST: {"idPedido":"25","folio":"TIJ-PED-20251107-0003","peso_pedido":"521.670","cant_aut":{"1001":"15","1002":"20","1003":"25","1005":"5","2015":"15","3005":"50","3006":"15","3007":"4","3012":"2","4001":"100","4004":"20","5501":"50","5506":"20","5511":"15","8002":"10","8015":"2","8027":"3","9002":"25","9003":"25","9099":"25"},"peso_total":{"1001":"3.000","1002":"20.000","1003":"50.000","1005":"23.000","2015":"5.100","3005":"10.000","3006":"15.000","3007":"20.800","3012":"6.000","4001":"20.000","4004":"20.000","5501":"50.000","5506":"16.000","5511":"240.000","8002":"3.000","8015":"0.600","8027":"0.420","9002":"6.250","9003":"6.250","9099":"6.250"}}


==========================
2025-11-19 18:55:54 | DATA RECIBIDA EN surtir
FOLIO: "TIJ-PED-20251107-0003"
IDPEDIDO: 25
USUARIO: 106
PESO_PEDIDO: 521.67
CANTIDADES: {"1001":"15","1002":"20","1003":"25","1005":"5","2015":"15","3005":"50","3006":"15","3007":"4","3012":"2","4001":"100","4004":"20","5501":"50","5506":"20","5511":"15","8002":"10","8015":"2","8027":"3","9002":"25","9003":"25","9099":"25"}
PESO_TOTAL: {"1001":"3.000","1002":"20.000","1003":"50.000","1005":"23.000","2015":"5.100","3005":"10.000","3006":"15.000","3007":"20.800","3012":"6.000","4001":"20.000","4004":"20.000","5501":"50.000","5506":"16.000","5511":"240.000","8002":"3.000","8015":"0.600","8027":"0.420","9002":"6.250","9003":"6.250","9099":"6.250"}
RAW_POST: {"idPedido":"25","folio":"TIJ-PED-20251107-0003","peso_pedido":"521.670","cant_aut":{"1001":"15","1002":"20","1003":"25","1005":"5","2015":"15","3005":"50","3006":"15","3007":"4","3012":"2","4001":"100","4004":"20","5501":"50","5506":"20","5511":"15","8002":"10","8015":"2","8027":"3","9002":"25","9003":"25","9099":"25"},"peso_total":{"1001":"3.000","1002":"20.000","1003":"50.000","1005":"23.000","2015":"5.100","3005":"10.000","3006":"15.000","3007":"20.800","3012":"6.000","4001":"20.000","4004":"20.000","5501":"50.000","5506":"16.000","5511":"240.000","8002":"3.000","8015":"0.600","8027":"0.420","9002":"6.250","9003":"6.250","9099":"6.250"}}
==========================
2025-11-19 18:55:54 | RESUMEN_DETALLES | ENVIADOS: 20 | OK: 20
2025-11-19 18:55:54 | ERROR_APROBAR | FOLIO: "TIJ-PED-20251107-0003" | IDPEDIDO: 25 | VOLUMEN_TOTAL: 521.67
2025-11-19 18:56:01 | RAW_POST: {"idPedido":"26","folio":"TIJ-PED-20251107-0004","peso_pedido":"352.920","cant_aut":{"1001":"20","1003":"8","1005":"1","2001":"2","2010":"15","2011":"2","2015":"2","2101":"2","3005":"20","3006":"12","3007":"12","3010":"7","3017":"20","4001":"50","4004":"15","4005":"8","5501":"20","5502":"3","5505":"10","5506":"10","8001":"2","8002":"2","8015":"2","8027":"26","9002":"20","9003":"20"},"peso_total":{"1001":"4.000","1003":"16.000","1005":"4.600","2001":"0.800","2010":"3.000","2011":"4.000","2015":"0.680","2101":"0.800","3005":"4.000","3006":"12.000","3007":"62.400","3010":"47.600","3017":"4.000","4001":"10.000","4004":"15.000","4005":"56.000","5501":"20.000","5502":"60.000","5505":"4.000","5506":"8.000","8001":"0.600","8002":"0.600","8015":"0.600","8027":"3.640","9002":"5.000","9003":"5.000"}}


==========================
2025-11-19 18:56:01 | DATA RECIBIDA EN surtir
FOLIO: "TIJ-PED-20251107-0004"
IDPEDIDO: 26
USUARIO: 106
PESO_PEDIDO: 352.92
CANTIDADES: {"1001":"20","1003":"8","1005":"1","2001":"2","2010":"15","2011":"2","2015":"2","2101":"2","3005":"20","3006":"12","3007":"12","3010":"7","3017":"20","4001":"50","4004":"15","4005":"8","5501":"20","5502":"3","5505":"10","5506":"10","8001":"2","8002":"2","8015":"2","8027":"26","9002":"20","9003":"20"}
PESO_TOTAL: {"1001":"4.000","1003":"16.000","1005":"4.600","2001":"0.800","2010":"3.000","2011":"4.000","2015":"0.680","2101":"0.800","3005":"4.000","3006":"12.000","3007":"62.400","3010":"47.600","3017":"4.000","4001":"10.000","4004":"15.000","4005":"56.000","5501":"20.000","5502":"60.000","5505":"4.000","5506":"8.000","8001":"0.600","8002":"0.600","8015":"0.600","8027":"3.640","9002":"5.000","9003":"5.000"}
RAW_POST: {"idPedido":"26","folio":"TIJ-PED-20251107-0004","peso_pedido":"352.920","cant_aut":{"1001":"20","1003":"8","1005":"1","2001":"2","2010":"15","2011":"2","2015":"2","2101":"2","3005":"20","3006":"12","3007":"12","3010":"7","3017":"20","4001":"50","4004":"15","4005":"8","5501":"20","5502":"3","5505":"10","5506":"10","8001":"2","8002":"2","8015":"2","8027":"26","9002":"20","9003":"20"},"peso_total":{"1001":"4.000","1003":"16.000","1005":"4.600","2001":"0.800","2010":"3.000","2011":"4.000","2015":"0.680","2101":"0.800","3005":"4.000","3006":"12.000","3007":"62.400","3010":"47.600","3017":"4.000","4001":"10.000","4004":"15.000","4005":"56.000","5501":"20.000","5502":"60.000","5505":"4.000","5506":"8.000","8001":"0.600","8002":"0.600","8015":"0.600","8027":"3.640","9002":"5.000","9003":"5.000"}}
==========================
2025-11-19 18:56:01 | RESUMEN_DETALLES | ENVIADOS: 26 | OK: 26
2025-11-19 18:56:01 | ERROR_APROBAR | FOLIO: "TIJ-PED-20251107-0004" | IDPEDIDO: 26 | VOLUMEN_TOTAL: 352.92
2025-11-19 19:59:22 | RAW_POST: {"idPedido":"23","folio":"TIJ-PED-20251107-0023","peso_pedido":"540.000","cant_aut":{"2014":"500"},"peso_total":{"2014":"540.000"}}


==========================
2025-11-19 19:59:22 | DATA RECIBIDA EN surtir
FOLIO: "TIJ-PED-20251107-0023"
IDPEDIDO: 23
USUARIO: 106
PESO_PEDIDO: 540
CANTIDADES: {"2014":"500"}
PESO_TOTAL: {"2014":"540.000"}
RAW_POST: {"idPedido":"23","folio":"TIJ-PED-20251107-0023","peso_pedido":"540.000","cant_aut":{"2014":"500"},"peso_total":{"2014":"540.000"}}
==========================
2025-11-19 19:59:22 | RESUMEN_DETALLES | ENVIADOS: 1 | OK: 1
2025-11-19 19:59:22 | ERROR_APROBAR | FOLIO: "TIJ-PED-20251107-0023" | IDPEDIDO: 23 | VOLUMEN_TOTAL: 540
2025-11-19 19:59:28 | RAW_POST: {"idPedido":"24","folio":"TIJ-PED-20251107-0002","peso_pedido":"481.800","cant_aut":{"1002":"100","2007":"3","2099":"40","3012":"10","3019":"7","4010":"10","4012":"10","5502":"10"},"peso_total":{"1002":"100.000","2007":"5.400","2099":"80.000","3012":"30.000","3019":"36.400","4010":"20.000","4012":"10.000","5502":"200.000"}}


==========================
2025-11-19 19:59:28 | DATA RECIBIDA EN surtir
FOLIO: "TIJ-PED-20251107-0002"
IDPEDIDO: 24
USUARIO: 106
PESO_PEDIDO: 481.8
CANTIDADES: {"1002":"100","2007":"3","2099":"40","3012":"10","3019":"7","4010":"10","4012":"10","5502":"10"}
PESO_TOTAL: {"1002":"100.000","2007":"5.400","2099":"80.000","3012":"30.000","3019":"36.400","4010":"20.000","4012":"10.000","5502":"200.000"}
RAW_POST: {"idPedido":"24","folio":"TIJ-PED-20251107-0002","peso_pedido":"481.800","cant_aut":{"1002":"100","2007":"3","2099":"40","3012":"10","3019":"7","4010":"10","4012":"10","5502":"10"},"peso_total":{"1002":"100.000","2007":"5.400","2099":"80.000","3012":"30.000","3019":"36.400","4010":"20.000","4012":"10.000","5502":"200.000"}}
==========================
2025-11-19 19:59:28 | RESUMEN_DETALLES | ENVIADOS: 8 | OK: 8
2025-11-19 19:59:28 | ERROR_APROBAR | FOLIO: "TIJ-PED-20251107-0002" | IDPEDIDO: 24 | VOLUMEN_TOTAL: 481.8
2025-11-19 19:59:38 | RAW_POST: {"idPedido":"25","folio":"TIJ-PED-20251107-0003","peso_pedido":"521.670","cant_aut":{"1001":"15","1002":"20","1003":"25","1005":"5","2015":"15","3005":"50","3006":"15","3007":"4","3012":"2","4001":"100","4004":"20","5501":"50","5506":"20","5511":"15","8002":"10","8015":"2","8027":"3","9002":"25","9003":"25","9099":"25"},"peso_total":{"1001":"3.000","1002":"20.000","1003":"50.000","1005":"23.000","2015":"5.100","3005":"10.000","3006":"15.000","3007":"20.800","3012":"6.000","4001":"20.000","4004":"20.000","5501":"50.000","5506":"16.000","5511":"240.000","8002":"3.000","8015":"0.600","8027":"0.420","9002":"6.250","9003":"6.250","9099":"6.250"}}


==========================
2025-11-19 19:59:38 | DATA RECIBIDA EN surtir
FOLIO: "TIJ-PED-20251107-0003"
IDPEDIDO: 25
USUARIO: 106
PESO_PEDIDO: 521.67
CANTIDADES: {"1001":"15","1002":"20","1003":"25","1005":"5","2015":"15","3005":"50","3006":"15","3007":"4","3012":"2","4001":"100","4004":"20","5501":"50","5506":"20","5511":"15","8002":"10","8015":"2","8027":"3","9002":"25","9003":"25","9099":"25"}
PESO_TOTAL: {"1001":"3.000","1002":"20.000","1003":"50.000","1005":"23.000","2015":"5.100","3005":"10.000","3006":"15.000","3007":"20.800","3012":"6.000","4001":"20.000","4004":"20.000","5501":"50.000","5506":"16.000","5511":"240.000","8002":"3.000","8015":"0.600","8027":"0.420","9002":"6.250","9003":"6.250","9099":"6.250"}
RAW_POST: {"idPedido":"25","folio":"TIJ-PED-20251107-0003","peso_pedido":"521.670","cant_aut":{"1001":"15","1002":"20","1003":"25","1005":"5","2015":"15","3005":"50","3006":"15","3007":"4","3012":"2","4001":"100","4004":"20","5501":"50","5506":"20","5511":"15","8002":"10","8015":"2","8027":"3","9002":"25","9003":"25","9099":"25"},"peso_total":{"1001":"3.000","1002":"20.000","1003":"50.000","1005":"23.000","2015":"5.100","3005":"10.000","3006":"15.000","3007":"20.800","3012":"6.000","4001":"20.000","4004":"20.000","5501":"50.000","5506":"16.000","5511":"240.000","8002":"3.000","8015":"0.600","8027":"0.420","9002":"6.250","9003":"6.250","9099":"6.250"}}
==========================
2025-11-19 19:59:38 | RESUMEN_DETALLES | ENVIADOS: 20 | OK: 20
2025-11-19 19:59:38 | ERROR_APROBAR | FOLIO: "TIJ-PED-20251107-0003" | IDPEDIDO: 25 | VOLUMEN_TOTAL: 521.67
2025-11-19 20:40:47 | RAW_POST: {"idPedido":"26","folio":"TIJ-PED-20251107-0004","peso_pedido":"352.920","cant_aut":{"1001":"20","1003":"8","1005":"1","2001":"2","2010":"15","2011":"2","2015":"2","2101":"2","3005":"20","3006":"12","3007":"12","3010":"7","3017":"20","4001":"50","4004":"15","4005":"8","5501":"20","5502":"3","5505":"10","5506":"10","8001":"2","8002":"2","8015":"2","8027":"26","9002":"20","9003":"20"},"peso_total":{"1001":"4.000","1003":"16.000","1005":"4.600","2001":"0.800","2010":"3.000","2011":"4.000","2015":"0.680","2101":"0.800","3005":"4.000","3006":"12.000","3007":"62.400","3010":"47.600","3017":"4.000","4001":"10.000","4004":"15.000","4005":"56.000","5501":"20.000","5502":"60.000","5505":"4.000","5506":"8.000","8001":"0.600","8002":"0.600","8015":"0.600","8027":"3.640","9002":"5.000","9003":"5.000"}}


==========================
2025-11-19 20:40:47 | DATA RECIBIDA EN surtir
FOLIO: "TIJ-PED-20251107-0004"
IDPEDIDO: 26
USUARIO: 106
PESO_PEDIDO: 352.92
CANTIDADES: {"1001":"20","1003":"8","1005":"1","2001":"2","2010":"15","2011":"2","2015":"2","2101":"2","3005":"20","3006":"12","3007":"12","3010":"7","3017":"20","4001":"50","4004":"15","4005":"8","5501":"20","5502":"3","5505":"10","5506":"10","8001":"2","8002":"2","8015":"2","8027":"26","9002":"20","9003":"20"}
PESO_TOTAL: {"1001":"4.000","1003":"16.000","1005":"4.600","2001":"0.800","2010":"3.000","2011":"4.000","2015":"0.680","2101":"0.800","3005":"4.000","3006":"12.000","3007":"62.400","3010":"47.600","3017":"4.000","4001":"10.000","4004":"15.000","4005":"56.000","5501":"20.000","5502":"60.000","5505":"4.000","5506":"8.000","8001":"0.600","8002":"0.600","8015":"0.600","8027":"3.640","9002":"5.000","9003":"5.000"}
RAW_POST: {"idPedido":"26","folio":"TIJ-PED-20251107-0004","peso_pedido":"352.920","cant_aut":{"1001":"20","1003":"8","1005":"1","2001":"2","2010":"15","2011":"2","2015":"2","2101":"2","3005":"20","3006":"12","3007":"12","3010":"7","3017":"20","4001":"50","4004":"15","4005":"8","5501":"20","5502":"3","5505":"10","5506":"10","8001":"2","8002":"2","8015":"2","8027":"26","9002":"20","9003":"20"},"peso_total":{"1001":"4.000","1003":"16.000","1005":"4.600","2001":"0.800","2010":"3.000","2011":"4.000","2015":"0.680","2101":"0.800","3005":"4.000","3006":"12.000","3007":"62.400","3010":"47.600","3017":"4.000","4001":"10.000","4004":"15.000","4005":"56.000","5501":"20.000","5502":"60.000","5505":"4.000","5506":"8.000","8001":"0.600","8002":"0.600","8015":"0.600","8027":"3.640","9002":"5.000","9003":"5.000"}}
==========================
2025-11-19 20:40:47 | RESUMEN_DETALLES | ENVIADOS: 26 | OK: 26
2025-11-19 20:40:47 | ERROR_APROBAR | FOLIO: "TIJ-PED-20251107-0004" | IDPEDIDO: 26 | VOLUMEN_TOTAL: 352.92
2025-11-19 23:15:32 | RAW_POST: {"idPedido":"42","folio":"TIJ-PED-20251119-0017","peso_pedido":"685.200","cant_aut":{"2100":"14","3019":"99","4008":"12","5501":"15","5509":"100","8015":"20","9002":"100"},"peso_total":{"2100":"2.800","3019":"514.800","4008":"81.600","5501":"15.000","5509":"40.000","8015":"6.000","9002":"25.000"}}


==========================
2025-11-19 23:15:32 | DATA RECIBIDA EN surtir
FOLIO: "TIJ-PED-20251119-0017"
IDPEDIDO: 42
USUARIO: 106
PESO_PEDIDO: 685.2
CANTIDADES: {"2100":"14","3019":"99","4008":"12","5501":"15","5509":"100","8015":"20","9002":"100"}
PESO_TOTAL: {"2100":"2.800","3019":"514.800","4008":"81.600","5501":"15.000","5509":"40.000","8015":"6.000","9002":"25.000"}
RAW_POST: {"idPedido":"42","folio":"TIJ-PED-20251119-0017","peso_pedido":"685.200","cant_aut":{"2100":"14","3019":"99","4008":"12","5501":"15","5509":"100","8015":"20","9002":"100"},"peso_total":{"2100":"2.800","3019":"514.800","4008":"81.600","5501":"15.000","5509":"40.000","8015":"6.000","9002":"25.000"}}
==========================
2025-11-19 23:15:32 | RESUMEN_DETALLES | ENVIADOS: 7 | OK: 7
2025-11-19 23:15:32 | ERROR_APROBAR | FOLIO: "TIJ-PED-20251119-0017" | IDPEDIDO: 42 | VOLUMEN_TOTAL: 685.2
2025-11-19 23:15:38 | RAW_POST: {"idPedido":"40","folio":"TIJ-PED-20251119-0015","peso_pedido":"528.000","cant_aut":{"1001":"50","1002":"200","3007":"15","5503":"12"},"peso_total":{"1001":"10.000","1002":"200.000","3007":"78.000","5503":"240.000"}}


==========================
2025-11-19 23:15:38 | DATA RECIBIDA EN surtir
FOLIO: "TIJ-PED-20251119-0015"
IDPEDIDO: 40
USUARIO: 106
PESO_PEDIDO: 528
CANTIDADES: {"1001":"50","1002":"200","3007":"15","5503":"12"}
PESO_TOTAL: {"1001":"10.000","1002":"200.000","3007":"78.000","5503":"240.000"}
RAW_POST: {"idPedido":"40","folio":"TIJ-PED-20251119-0015","peso_pedido":"528.000","cant_aut":{"1001":"50","1002":"200","3007":"15","5503":"12"},"peso_total":{"1001":"10.000","1002":"200.000","3007":"78.000","5503":"240.000"}}
==========================
2025-11-19 23:15:38 | RESUMEN_DETALLES | ENVIADOS: 4 | OK: 4
2025-11-19 23:15:38 | ERROR_APROBAR | FOLIO: "TIJ-PED-20251119-0015" | IDPEDIDO: 40 | VOLUMEN_TOTAL: 528
2025-11-19 23:20:36 | RAW_POST: {"idPedido":"38","folio":"TIJ-PED-20251119-0013","peso_pedido":"60.800","cant_aut":{"3005":"4","5503":"3"},"peso_total":{"3005":"0.800","5503":"60.000"}}


==========================
2025-11-19 23:20:36 | DATA RECIBIDA EN surtir
FOLIO: "TIJ-PED-20251119-0013"
IDPEDIDO: 38
USUARIO: 106
PESO_PEDIDO: 60.8
CANTIDADES: {"3005":"4","5503":"3"}
PESO_TOTAL: {"3005":"0.800","5503":"60.000"}
RAW_POST: {"idPedido":"38","folio":"TIJ-PED-20251119-0013","peso_pedido":"60.800","cant_aut":{"3005":"4","5503":"3"},"peso_total":{"3005":"0.800","5503":"60.000"}}
==========================
2025-11-19 23:20:36 | RESUMEN_DETALLES | ENVIADOS: 2 | OK: 2
2025-11-19 23:20:36 | ERROR_APROBAR | FOLIO: "TIJ-PED-20251119-0013" | IDPEDIDO: 38 | VOLUMEN_TOTAL: 60.8
2025-11-19 23:20:45 | RAW_POST: {"idPedido":"37","folio":"TIJ-PED-20251119-0012","peso_pedido":"15.600","cant_aut":{"1003":"6","2101":"9"},"peso_total":{"1003":"12.000","2101":"3.600"}}


==========================
2025-11-19 23:20:45 | DATA RECIBIDA EN surtir
FOLIO: "TIJ-PED-20251119-0012"
IDPEDIDO: 37
USUARIO: 106
PESO_PEDIDO: 15.6
CANTIDADES: {"1003":"6","2101":"9"}
PESO_TOTAL: {"1003":"12.000","2101":"3.600"}
RAW_POST: {"idPedido":"37","folio":"TIJ-PED-20251119-0012","peso_pedido":"15.600","cant_aut":{"1003":"6","2101":"9"},"peso_total":{"1003":"12.000","2101":"3.600"}}
==========================
2025-11-19 23:20:45 | RESUMEN_DETALLES | ENVIADOS: 2 | OK: 2
2025-11-19 23:20:45 | ERROR_APROBAR | FOLIO: "TIJ-PED-20251119-0012" | IDPEDIDO: 37 | VOLUMEN_TOTAL: 15.6
2025-11-19 23:20:59 | RAW_POST: {"idPedido":"39","folio":"TIJ-PED-20251119-0014","peso_pedido":"272.200","cant_aut":{"1002":"25","3007":"38","5506":"62"},"peso_total":{"1002":"25.000","3007":"197.600","5506":"49.600"}}


==========================
2025-11-19 23:20:59 | DATA RECIBIDA EN surtir
FOLIO: "TIJ-PED-20251119-0014"
IDPEDIDO: 39
USUARIO: 106
PESO_PEDIDO: 272.2
CANTIDADES: {"1002":"25","3007":"38","5506":"62"}
PESO_TOTAL: {"1002":"25.000","3007":"197.600","5506":"49.600"}
RAW_POST: {"idPedido":"39","folio":"TIJ-PED-20251119-0014","peso_pedido":"272.200","cant_aut":{"1002":"25","3007":"38","5506":"62"},"peso_total":{"1002":"25.000","3007":"197.600","5506":"49.600"}}
==========================
2025-11-19 23:20:59 | RESUMEN_DETALLES | ENVIADOS: 3 | OK: 3
2025-11-19 23:20:59 | ERROR_APROBAR | FOLIO: "TIJ-PED-20251119-0014" | IDPEDIDO: 39 | VOLUMEN_TOTAL: 272.2
2025-11-19 23:21:19 | RAW_POST: {"idPedido":"41","folio":"TIJ-PED-20251119-0016","peso_pedido":"477.400","cant_aut":{"3006":"36","5504":"18","8006":"20"},"peso_total":{"3006":"36.000","5504":"396.000","8006":"45.400"}}


==========================
2025-11-19 23:21:19 | DATA RECIBIDA EN surtir
FOLIO: "TIJ-PED-20251119-0016"
IDPEDIDO: 41
USUARIO: 106
PESO_PEDIDO: 477.4
CANTIDADES: {"3006":"36","5504":"18","8006":"20"}
PESO_TOTAL: {"3006":"36.000","5504":"396.000","8006":"45.400"}
RAW_POST: {"idPedido":"41","folio":"TIJ-PED-20251119-0016","peso_pedido":"477.400","cant_aut":{"3006":"36","5504":"18","8006":"20"},"peso_total":{"3006":"36.000","5504":"396.000","8006":"45.400"}}
==========================
2025-11-19 23:21:19 | RESUMEN_DETALLES | ENVIADOS: 3 | OK: 3
2025-11-19 23:21:19 | ERROR_APROBAR | FOLIO: "TIJ-PED-20251119-0016" | IDPEDIDO: 41 | VOLUMEN_TOTAL: 477.4
