2025-11-19 18:17:10 | ERROR_DATOS | FOLIO: "TIJ-PED-20251107-0002" | IDPEDIDO: 24 | CANTIDADES: []
2025-11-19 18:36:57 | ERROR_DATOS | FOLIO: "TIJ-PED-20251107-0023" | IDPEDIDO: 23 | CANTIDADES: {"2014":"500"}


==========================
2025-11-19 18:44:36 | DATA RECIBIDA EN surtir
FOLIO: "TIJ-PED-20251107-0002"
IDPEDIDO: 24
USUARIO: 187
PESO_PEDIDO: 0
CANTIDADES: {"1002":"100","2007":"3","2099":"40","3012":"10","3019":"7","4010":"10","4012":"10","5502":"10"}
PESO_TOTAL: {"1002":"100.000","2007":"5.400","2099":"80.000","3012":"30.000","3019":"36.400","4010":"20.000","4012":"10.000","5502":"200.000"}
RAW_POST: {"idPedido":"24","folio":"TIJ-PED-20251107-0002","peso_pedido":"0.000","cant_aut":{"1002":"100","2007":"3","2099":"40","3012":"10","3019":"7","4010":"10","4012":"10","5502":"10"},"peso_total":{"1002":"100.000","2007":"5.400","2099":"80.000","3012":"30.000","3019":"36.400","4010":"20.000","4012":"10.000","5502":"200.000"}}
==========================


==========================
2025-11-19 18:49:39 | DATA RECIBIDA EN surtir
FOLIO: "TIJ-PED-20251107-0023"
IDPEDIDO: 23
USUARIO: 187
PESO_PEDIDO: 0
CANTIDADES: {"2014":"500"}
PESO_TOTAL: {"2014":"540.000"}
RAW_POST: {"idPedido":"23","folio":"TIJ-PED-20251107-0023","peso_pedido":"0.000","cant_aut":{"2014":"500"},"peso_total":{"2014":"540.000"}}
==========================


==========================
2025-11-19 18:50:46 | DATA RECIBIDA EN surtir
FOLIO: "TIJ-PED-20251107-0002"
IDPEDIDO: 24
USUARIO: 187
PESO_PEDIDO: 0
CANTIDADES: {"1002":"100","2007":"3","2099":"40","3012":"10","3019":"7","4010":"10","4012":"10","5502":"10"}
PESO_TOTAL: {"1002":"100.000","2007":"5.400","2099":"80.000","3012":"30.000","3019":"36.400","4010":"20.000","4012":"10.000","5502":"200.000"}
RAW_POST: {"idPedido":"24","folio":"TIJ-PED-20251107-0002","peso_pedido":"0.000","cant_aut":{"1002":"100","2007":"3","2099":"40","3012":"10","3019":"7","4010":"10","4012":"10","5502":"10"},"peso_total":{"1002":"100.000","2007":"5.400","2099":"80.000","3012":"30.000","3019":"36.400","4010":"20.000","4012":"10.000","5502":"200.000"}}
==========================


==========================
2025-11-19 19:06:44 | DATA RECIBIDA EN surtir
FOLIO: "TIJ-PED-20251107-0023"
IDPEDIDO: 23
USUARIO: 187
PESO_PEDIDO: 540
CANTIDADES: {"2014":"500"}
PESO_TOTAL: {"2014":"540.000"}
RAW_POST: {"idPedido":"23","folio":"TIJ-PED-20251107-0023","peso_pedido":"540.000","cant_aut":{"2014":"500"},"peso_total":{"2014":"540.000"}}
==========================


==========================
2025-11-19 19:15:30 | DATA RECIBIDA EN surtir
FOLIO: "TIJ-PED-20251107-0002"
IDPEDIDO: 24
USUARIO: 187
PESO_PEDIDO: 481.8
CANTIDADES: {"1002":"100","2007":"3","2099":"40","3012":"10","3019":"7","4010":"10","4012":"10","5502":"10"}
PESO_TOTAL: {"1002":"100.000","2007":"5.400","2099":"80.000","3012":"30.000","3019":"36.400","4010":"20.000","4012":"10.000","5502":"200.000"}
RAW_POST: {"idPedido":"24","folio":"TIJ-PED-20251107-0002","peso_pedido":"481.800","cant_aut":{"1002":"100","2007":"3","2099":"40","3012":"10","3019":"7","4010":"10","4012":"10","5502":"10"},"peso_total":{"1002":"100.000","2007":"5.400","2099":"80.000","3012":"30.000","3019":"36.400","4010":"20.000","4012":"10.000","5502":"200.000"}}
==========================


==========================
2025-11-19 19:19:04 | DATA RECIBIDA EN surtir
FOLIO: "TIJ-PED-20251107-0002"
IDPEDIDO: 24
USUARIO: 187
PESO_PEDIDO: 481.8
CANTIDADES: {"1002":"100","2007":"3","2099":"40","3012":"10","3019":"7","4010":"10","4012":"10","5502":"10"}
PESO_TOTAL: {"1002":"100.000","2007":"5.400","2099":"80.000","3012":"30.000","3019":"36.400","4010":"20.000","4012":"10.000","5502":"200.000"}
RAW_POST: {"idPedido":"24","folio":"TIJ-PED-20251107-0002","peso_pedido":"481.800","cant_aut":{"1002":"100","2007":"3","2099":"40","3012":"10","3019":"7","4010":"10","4012":"10","5502":"10"},"peso_total":{"1002":"100.000","2007":"5.400","2099":"80.000","3012":"30.000","3019":"36.400","4010":"20.000","4012":"10.000","5502":"200.000"}}
==========================


==========================
2025-11-19 19:19:15 | DATA RECIBIDA EN surtir
FOLIO: "TIJ-PED-20251107-0023"
IDPEDIDO: 23
USUARIO: 187
PESO_PEDIDO: 540
CANTIDADES: {"2014":"500"}
PESO_TOTAL: {"2014":"540.000"}
RAW_POST: {"idPedido":"23","folio":"TIJ-PED-20251107-0023","peso_pedido":"540.000","cant_aut":{"2014":"500"},"peso_total":{"2014":"540.000"}}
==========================


==========================
2025-11-19 19:19:48 | DATA RECIBIDA EN surtir
FOLIO: "TIJ-PED-20251107-0003"
IDPEDIDO: 25
USUARIO: 187
PESO_PEDIDO: 521.67
CANTIDADES: {"1001":"15","1002":"20","1003":"25","1005":"5","2015":"15","3005":"50","3006":"15","3007":"4","3012":"2","4001":"100","4004":"20","5501":"50","5506":"20","5511":"15","8002":"10","8015":"2","8027":"3","9002":"25","9003":"25","9099":"25"}
PESO_TOTAL: {"1001":"3.000","1002":"20.000","1003":"50.000","1005":"23.000","2015":"5.100","3005":"10.000","3006":"15.000","3007":"20.800","3012":"6.000","4001":"20.000","4004":"20.000","5501":"50.000","5506":"16.000","5511":"240.000","8002":"3.000","8015":"0.600","8027":"0.420","9002":"6.250","9003":"6.250","9099":"6.250"}
RAW_POST: {"idPedido":"25","folio":"TIJ-PED-20251107-0003","peso_pedido":"521.670","cant_aut":{"1001":"15","1002":"20","1003":"25","1005":"5","2015":"15","3005":"50","3006":"15","3007":"4","3012":"2","4001":"100","4004":"20","5501":"50","5506":"20","5511":"15","8002":"10","8015":"2","8027":"3","9002":"25","9003":"25","9099":"25"},"peso_total":{"1001":"3.000","1002":"20.000","1003":"50.000","1005":"23.000","2015":"5.100","3005":"10.000","3006":"15.000","3007":"20.800","3012":"6.000","4001":"20.000","4004":"20.000","5501":"50.000","5506":"16.000","5511":"240.000","8002":"3.000","8015":"0.600","8027":"0.420","9002":"6.250","9003":"6.250","9099":"6.250"}}
==========================


==========================
2025-11-19 19:31:16 | DATA RECIBIDA EN surtir
FOLIO: "TIJ-PED-20251107-0004"
IDPEDIDO: 26
USUARIO: 187
PESO_PEDIDO: 352.92
CANTIDADES: {"1001":"20","1003":"8","1005":"1","2001":"2","2010":"15","2011":"2","2015":"2","2101":"2","3005":"20","3006":"12","3007":"12","3010":"7","3017":"20","4001":"50","4004":"15","4005":"8","5501":"20","5502":"3","5505":"10","5506":"10","8001":"2","8002":"2","8015":"2","8027":"26","9002":"20","9003":"20"}
PESO_TOTAL: {"1001":"4.000","1003":"16.000","1005":"4.600","2001":"0.800","2010":"3.000","2011":"4.000","2015":"0.680","2101":"0.800","3005":"4.000","3006":"12.000","3007":"62.400","3010":"47.600","3017":"4.000","4001":"10.000","4004":"15.000","4005":"56.000","5501":"20.000","5502":"60.000","5505":"4.000","5506":"8.000","8001":"0.600","8002":"0.600","8015":"0.600","8027":"3.640","9002":"5.000","9003":"5.000"}
RAW_POST: {"idPedido":"26","folio":"TIJ-PED-20251107-0004","peso_pedido":"352.920","cant_aut":{"1001":"20","1003":"8","1005":"1","2001":"2","2010":"15","2011":"2","2015":"2","2101":"2","3005":"20","3006":"12","3007":"12","3010":"7","3017":"20","4001":"50","4004":"15","4005":"8","5501":"20","5502":"3","5505":"10","5506":"10","8001":"2","8002":"2","8015":"2","8027":"26","9002":"20","9003":"20"},"peso_total":{"1001":"4.000","1003":"16.000","1005":"4.600","2001":"0.800","2010":"3.000","2011":"4.000","2015":"0.680","2101":"0.800","3005":"4.000","3006":"12.000","3007":"62.400","3010":"47.600","3017":"4.000","4001":"10.000","4004":"15.000","4005":"56.000","5501":"20.000","5502":"60.000","5505":"4.000","5506":"8.000","8001":"0.600","8002":"0.600","8015":"0.600","8027":"3.640","9002":"5.000","9003":"5.000"}}
==========================


==========================
2025-11-19 19:38:06 | DATA RECIBIDA EN surtir
FOLIO: "TIJ-PED-20251107-0023"
IDPEDIDO: 23
USUARIO: 187
PESO_PEDIDO: 540
CANTIDADES: {"2014":"500"}
PESO_TOTAL: {"2014":"540.000"}
RAW_POST: {"idPedido":"23","folio":"TIJ-PED-20251107-0023","peso_pedido":"540.000","cant_aut":{"2014":"500"},"peso_total":{"2014":"540.000"}}
==========================


==========================
2025-11-19 19:38:15 | DATA RECIBIDA EN surtir
FOLIO: "TIJ-PED-20251107-0003"
IDPEDIDO: 25
USUARIO: 187
PESO_PEDIDO: 521.67
CANTIDADES: {"1001":"15","1002":"20","1003":"25","1005":"5","2015":"15","3005":"50","3006":"15","3007":"4","3012":"2","4001":"100","4004":"20","5501":"50","5506":"20","5511":"15","8002":"10","8015":"2","8027":"3","9002":"25","9003":"25","9099":"25"}
PESO_TOTAL: {"1001":"3.000","1002":"20.000","1003":"50.000","1005":"23.000","2015":"5.100","3005":"10.000","3006":"15.000","3007":"20.800","3012":"6.000","4001":"20.000","4004":"20.000","5501":"50.000","5506":"16.000","5511":"240.000","8002":"3.000","8015":"0.600","8027":"0.420","9002":"6.250","9003":"6.250","9099":"6.250"}
RAW_POST: {"idPedido":"25","folio":"TIJ-PED-20251107-0003","peso_pedido":"521.670","cant_aut":{"1001":"15","1002":"20","1003":"25","1005":"5","2015":"15","3005":"50","3006":"15","3007":"4","3012":"2","4001":"100","4004":"20","5501":"50","5506":"20","5511":"15","8002":"10","8015":"2","8027":"3","9002":"25","9003":"25","9099":"25"},"peso_total":{"1001":"3.000","1002":"20.000","1003":"50.000","1005":"23.000","2015":"5.100","3005":"10.000","3006":"15.000","3007":"20.800","3012":"6.000","4001":"20.000","4004":"20.000","5501":"50.000","5506":"16.000","5511":"240.000","8002":"3.000","8015":"0.600","8027":"0.420","9002":"6.250","9003":"6.250","9099":"6.250"}}
==========================


==========================
2025-11-19 20:00:10 | DATA RECIBIDA EN surtir
FOLIO: "TIJ-PED-20251107-0023"
IDPEDIDO: 23
USUARIO: 187
PESO_PEDIDO: 540
CANTIDADES: {"2014":"500"}
PESO_TOTAL: {"2014":"540.000"}
RAW_POST: {"idPedido":"23","folio":"TIJ-PED-20251107-0023","peso_pedido":"540.000","cant_aut":{"2014":"500"},"peso_total":{"2014":"540.000"}}
==========================


==========================
2025-11-19 20:35:56 | DATA RECIBIDA EN surtir
FOLIO: "TIJ-PED-20251107-0003"
IDPEDIDO: 25
USUARIO: 187
PESO_PEDIDO: 521.67
CANTIDADES: {"1001":"15","1002":"20","1003":"25","1005":"5","2015":"15","3005":"50","3006":"15","3007":"4","3012":"2","4001":"100","4004":"20","5501":"50","5506":"20","5511":"15","8002":"10","8015":"2","8027":"3","9002":"25","9003":"25","9099":"25"}
PESO_TOTAL: {"1001":"3.000","1002":"20.000","1003":"50.000","1005":"23.000","2015":"5.100","3005":"10.000","3006":"15.000","3007":"20.800","3012":"6.000","4001":"20.000","4004":"20.000","5501":"50.000","5506":"16.000","5511":"240.000","8002":"3.000","8015":"0.600","8027":"0.420","9002":"6.250","9003":"6.250","9099":"6.250"}
RAW_POST: {"idPedido":"25","folio":"TIJ-PED-20251107-0003","peso_pedido":"521.670","cant_aut":{"1001":"15","1002":"20","1003":"25","1005":"5","2015":"15","3005":"50","3006":"15","3007":"4","3012":"2","4001":"100","4004":"20","5501":"50","5506":"20","5511":"15","8002":"10","8015":"2","8027":"3","9002":"25","9003":"25","9099":"25"},"peso_total":{"1001":"3.000","1002":"20.000","1003":"50.000","1005":"23.000","2015":"5.100","3005":"10.000","3006":"15.000","3007":"20.800","3012":"6.000","4001":"20.000","4004":"20.000","5501":"50.000","5506":"16.000","5511":"240.000","8002":"3.000","8015":"0.600","8027":"0.420","9002":"6.250","9003":"6.250","9099":"6.250"}}
==========================


==========================
2025-11-19 20:37:42 | DATA RECIBIDA EN surtir
FOLIO: "TIJ-PED-20251107-0002"
IDPEDIDO: 24
USUARIO: 187
PESO_PEDIDO: 481.8
CANTIDADES: {"1002":"100","2007":"3","2099":"40","3012":"10","3019":"7","4010":"10","4012":"10","5502":"10"}
PESO_TOTAL: {"1002":"100.000","2007":"5.400","2099":"80.000","3012":"30.000","3019":"36.400","4010":"20.000","4012":"10.000","5502":"200.000"}
RAW_POST: {"idPedido":"24","folio":"TIJ-PED-20251107-0002","peso_pedido":"481.800","cant_aut":{"1002":"100","2007":"3","2099":"40","3012":"10","3019":"7","4010":"10","4012":"10","5502":"10"},"peso_total":{"1002":"100.000","2007":"5.400","2099":"80.000","3012":"30.000","3019":"36.400","4010":"20.000","4012":"10.000","5502":"200.000"}}
==========================


==========================
2025-11-19 20:41:17 | DATA RECIBIDA EN surtir
FOLIO: "TIJ-PED-20251107-0004"
IDPEDIDO: 26
USUARIO: 187
PESO_PEDIDO: 352.92
CANTIDADES: {"1001":"20","1003":"8","1005":"1","2001":"2","2010":"15","2011":"2","2015":"2","2101":"2","3005":"20","3006":"12","3007":"12","3010":"7","3017":"20","4001":"50","4004":"15","4005":"8","5501":"20","5502":"3","5505":"10","5506":"10","8001":"2","8002":"2","8015":"2","8027":"26","9002":"20","9003":"20"}
PESO_TOTAL: {"1001":"4.000","1003":"16.000","1005":"4.600","2001":"0.800","2010":"3.000","2011":"4.000","2015":"0.680","2101":"0.800","3005":"4.000","3006":"12.000","3007":"62.400","3010":"47.600","3017":"4.000","4001":"10.000","4004":"15.000","4005":"56.000","5501":"20.000","5502":"60.000","5505":"4.000","5506":"8.000","8001":"0.600","8002":"0.600","8015":"0.600","8027":"3.640","9002":"5.000","9003":"5.000"}
RAW_POST: {"idPedido":"26","folio":"TIJ-PED-20251107-0004","peso_pedido":"352.920","cant_aut":{"1001":"20","1003":"8","1005":"1","2001":"2","2010":"15","2011":"2","2015":"2","2101":"2","3005":"20","3006":"12","3007":"12","3010":"7","3017":"20","4001":"50","4004":"15","4005":"8","5501":"20","5502":"3","5505":"10","5506":"10","8001":"2","8002":"2","8015":"2","8027":"26","9002":"20","9003":"20"},"peso_total":{"1001":"4.000","1003":"16.000","1005":"4.600","2001":"0.800","2010":"3.000","2011":"4.000","2015":"0.680","2101":"0.800","3005":"4.000","3006":"12.000","3007":"62.400","3010":"47.600","3017":"4.000","4001":"10.000","4004":"15.000","4005":"56.000","5501":"20.000","5502":"60.000","5505":"4.000","5506":"8.000","8001":"0.600","8002":"0.600","8015":"0.600","8027":"3.640","9002":"5.000","9003":"5.000"}}
==========================


==========================
2025-11-19 23:21:57 | DATA RECIBIDA EN surtir
FOLIO: "TIJ-PED-20251119-0012"
IDPEDIDO: 37
USUARIO: 187
PESO_PEDIDO: 28
CANTIDADES: {"1003":"6","2101":"9"}
PESO_TOTAL: {"1003":"12.000","2101":"3.600"}
RAW_POST: {"idPedido":"37","folio":"TIJ-PED-20251119-0012","peso_pedido":"28.000","cant_aut":{"1003":"6","2101":"9"},"peso_total":{"1003":"12.000","2101":"3.600"}}
==========================


==========================
2025-11-20 18:44:00 | DATA RECIBIDA EN surtir
FOLIO: "GEN-PED-20251119-0026"
IDPEDIDO: 26
USUARIO: 409
PESO_PEDIDO: 390
CANTIDADES: {"3012":"130"}
PESO_TOTAL: {"3012":"390.000"}
RAW_POST: {"idPedido":"26","folio":"GEN-PED-20251119-0026","peso_pedido":"390.000","cant_aut":{"3012":"130"},"peso_total":{"3012":"390.000"}}
==========================


==========================
2025-11-20 21:16:11 | DATA RECIBIDA EN surtir
FOLIO: "TIJ-PED-20251120-0003"
IDPEDIDO: 32
USUARIO: 409
PESO_PEDIDO: 351.12
CANTIDADES: {"2015":"18","1005":"15","3010":"28","5510":"107"}
PESO_TOTAL: {"2015":"6.120","1005":"69.000","3010":"190.400","5510":"85.600"}
RAW_POST: {"idPedido":"32","folio":"TIJ-PED-20251120-0003","peso_pedido":"351.120","cant_aut":{"2015":"18","1005":"15","3010":"28","5510":"107"},"peso_total":{"2015":"6.120","1005":"69.000","3010":"190.400","5510":"85.600"}}
==========================


==========================
2025-11-21 00:03:42 | DATA RECIBIDA EN surtir
FOLIO: "TIJ-PED-20251120-0004"
IDPEDIDO: 33
USUARIO: 409
PESO_PEDIDO: 387
CANTIDADES: {"2100":"100","2015":"50","4012":"350"}
PESO_TOTAL: {"2100":"20.000","2015":"17.000","4012":"350.000"}
RAW_POST: {"idPedido":"33","folio":"TIJ-PED-20251120-0004","peso_pedido":"387.000","cant_aut":{"2100":"100","2015":"50","4012":"350"},"peso_total":{"2100":"20.000","2015":"17.000","4012":"350.000"}}
==========================


==========================
2025-11-21 01:07:45 | DATA RECIBIDA EN surtir
FOLIO: "GEN-PED-20251120-0027"
IDPEDIDO: 27
USUARIO: 409
PESO_PEDIDO: 596.05
CANTIDADES: {"2013":"98","2010":"27","4005":"44","4001":"82","3012":"52"}
PESO_TOTAL: {"2013":"110.250","2010":"5.400","4005":"308.000","4001":"16.400","3012":"156.000"}
RAW_POST: {"idPedido":"27","folio":"GEN-PED-20251120-0027","peso_pedido":"596.050","cant_aut":{"2013":"98","2010":"27","4005":"44","4001":"82","3012":"52"},"peso_total":{"2013":"110.250","2010":"5.400","4005":"308.000","4001":"16.400","3012":"156.000"}}
==========================


==========================
2025-11-21 02:31:16 | DATA RECIBIDA EN surtir
FOLIO: "TIJ-PED-20251120-0006"
IDPEDIDO: 35
USUARIO: 409
PESO_PEDIDO: 42.6
CANTIDADES: {"1001":"1","2011":"3","3007":"7"}
PESO_TOTAL: {"1001":"0.200","2011":"6.000","3007":"36.400"}
RAW_POST: {"idPedido":"35","folio":"TIJ-PED-20251120-0006","peso_pedido":"42.600","cant_aut":{"1001":"1","2011":"3","3007":"7"},"peso_total":{"1001":"0.200","2011":"6.000","3007":"36.400"}}
==========================


==========================
2025-11-21 02:34:18 | DATA RECIBIDA EN surtir
FOLIO: "TIJ-PED-20251120-0005"
IDPEDIDO: 34
USUARIO: 409
PESO_PEDIDO: 278.32
CANTIDADES: {"3007":"10","3010":"10","1001":"30","2010":"30","3005":"30","3017":"30","4001":"40","4004":"30","4005":"10","9002":"30","9003":"30","9099":"14","8027":"13","5505":"15"}
PESO_TOTAL: {"3007":"52.000","3010":"68.000","1001":"6.000","2010":"6.000","3005":"6.000","3017":"6.000","4001":"8.000","4004":"30.000","4005":"70.000","9002":"7.500","9003":"7.500","9099":"3.500","8027":"1.820","5505":"6.000"}
RAW_POST: {"idPedido":"34","folio":"TIJ-PED-20251120-0005","peso_pedido":"278.320","cant_aut":{"3007":"10","3010":"10","1001":"30","2010":"30","3005":"30","3017":"30","4001":"40","4004":"30","4005":"10","9002":"30","9003":"30","9099":"14","8027":"13","5505":"15"},"peso_total":{"3007":"52.000","3010":"68.000","1001":"6.000","2010":"6.000","3005":"6.000","3017":"6.000","4001":"8.000","4004":"30.000","4005":"70.000","9002":"7.500","9003":"7.500","9099":"3.500","8027":"1.820","5505":"6.000"}}
==========================


==========================
2025-11-22 01:19:05 | DATA RECIBIDA EN surtir
FOLIO: "TIJ-PED-20251120-0006"
IDPEDIDO: 35
USUARIO: 409
PESO_PEDIDO: 42.6
CANTIDADES: {"1001":"1","2011":"3","3007":"7"}
PESO_TOTAL: {"1001":"0.200","2011":"6.000","3007":"36.400"}
RAW_POST: {"idPedido":"35","folio":"TIJ-PED-20251120-0006","peso_pedido":"42.600","cant_aut":{"1001":"1","2011":"3","3007":"7"},"peso_total":{"1001":"0.200","2011":"6.000","3007":"36.400"}}
==========================
